2015-03-24 19:08:55,283: Loading transit signal from /u/tdm/repositories/k2-characterization/fpp/fppmodels/201702477.1/trsig.pkl...
2015-03-24 19:08:58,228: Starmodel loaded from /u/tdm/repositories/k2-characterization/fpp/fppmodels/201702477.1/starmodel.h5.
2015-03-24 19:09:28,701: Loading TRILEGAL simulation from /u/tdm/repositories/k2-characterization/fpp/fppmodels/201702477.1/starfield.h5
2015-03-24 19:09:30,652: 0 M1s are nan
2015-03-24 19:09:30,653: 4 M2s are nan
2015-03-24 19:09:30,653: 0 R1s are nan
2015-03-24 19:09:30,653: 4 R2s are nan
2015-03-24 19:09:30,744: 189 binaries are "too close"; gave up trying to fix.
2015-03-24 19:09:35,914: 2534 BEB systems generated (target 20000)
2015-03-24 19:09:36,151: 0 M1s are nan
2015-03-24 19:09:36,152: 33 M2s are nan
2015-03-24 19:09:36,152: 0 R1s are nan
2015-03-24 19:09:36,153: 33 R2s are nan
2015-03-24 19:09:37,130: 1508 binaries are "too close"; gave up trying to fix.
2015-03-24 19:09:37,796: 18655 BEB systems generated (target 20000)
2015-03-24 19:09:37,818: 0 M1s are nan
2015-03-24 19:09:37,819: 2 M2s are nan
2015-03-24 19:09:37,819: 0 R1s are nan
2015-03-24 19:09:37,819: 2 R2s are nan
2015-03-24 19:09:37,910: 155 binaries are "too close"; gave up trying to fix.
2015-03-24 19:09:38,027: 20737 BEB systems generated (target 20000)
2015-03-24 19:09:38,120: Fitting trapezoid models for BEBs...
2015-03-24 19:11:08,219: No eclipse registered for index 6351
2015-03-24 19:11:36,327: No eclipse registered for index 8355
2015-03-24 19:11:44,966: No eclipse registered for index 8950
2015-03-24 19:13:00,657: No eclipse registered for index 14197
2015-03-24 19:14:19,172: No eclipse registered for index 19489
2015-03-24 19:14:26,814: Done.
2015-03-24 19:14:35,476: 1585 systems simulated to match provided colors (target 20000).
2015-03-24 19:16:10,442: 23931 systems simulated to match provided colors (target 20000).
2015-03-24 19:16:12,224: {} eclipsing HEB systems generated (target 2508)
2015-03-24 19:16:29,582: 3932 systems simulated to match provided colors (target 50000).
2015-03-24 19:17:56,549: 28237 systems simulated to match provided colors (target 50000).
2015-03-24 19:19:33,426: 52142 systems simulated to match provided colors (target 50000).
2015-03-24 19:19:37,120: {} eclipsing HEB systems generated (target 11440)
2015-03-24 19:19:56,636: 3986 systems simulated to match provided colors (target 50000).
2015-03-24 19:21:34,710: 27965 systems simulated to match provided colors (target 50000).
2015-03-24 19:23:30,400: 51646 systems simulated to match provided colors (target 50000).
2015-03-24 19:23:33,463: {} eclipsing HEB systems generated (target 20325)
2015-03-24 19:23:34,425: Fitting trapezoid models for HEBs...
2015-03-24 19:28:40,471: Done.
2015-03-24 19:28:46,617: 1652 systems simulated to match provided colors (target 20000).
2015-03-24 19:29:54,682: 23859 systems simulated to match provided colors (target 20000).
2015-03-24 19:29:55,934: 4220 Eclipsing EB systems generated (target 20000)
2015-03-24 19:30:09,792: 4191 systems simulated to match provided colors (target 50000).
2015-03-24 19:31:51,115: 29318 systems simulated to match provided colors (target 50000).
2015-03-24 19:33:05,723: 53913 systems simulated to match provided colors (target 50000).
2015-03-24 19:33:08,217: 11486 Eclipsing EB systems generated (target 20000)
2015-03-24 19:33:20,362: 4020 systems simulated to match provided colors (target 50000).
2015-03-24 19:34:55,907: 29046 systems simulated to match provided colors (target 50000).
2015-03-24 19:36:35,903: 53955 systems simulated to match provided colors (target 50000).
2015-03-24 19:36:39,469: 22175 Eclipsing EB systems generated (target 20000)
2015-03-24 19:36:40,350: Fitting trapezoid models for EBs...
2015-03-24 19:41:54,591: Done.
2015-03-24 19:41:55,455: 16788 Transiting planet systems generated (target 20000)
2015-03-24 19:41:55,583: 20265 Transiting planet systems generated (target 20000)
2015-03-24 19:41:55,699: Fitting trapezoid models for Planets...
2015-03-24 19:42:02,281: No eclipse registered for index 298
2015-03-24 19:42:03,297: No eclipse registered for index 346
2015-03-24 19:42:20,188: No eclipse registered for index 1144
2015-03-24 19:42:26,936: No eclipse registered for index 1471
2015-03-24 19:42:57,890: No eclipse registered for index 2952
2015-03-24 19:43:11,656: No eclipse registered for index 3622
2015-03-24 19:43:28,845: No eclipse registered for index 4478
2015-03-24 19:43:31,285: No eclipse registered for index 4603
2015-03-24 19:43:54,703: No eclipse registered for index 5705
2015-03-24 19:43:55,337: No eclipse registered for index 5736
2015-03-24 19:44:01,350: No eclipse registered for index 6004
2015-03-24 19:44:05,639: No eclipse registered for index 6192
2015-03-24 19:44:06,249: No eclipse registered for index 6220
2015-03-24 19:44:17,189: No eclipse registered for index 6673
2015-03-24 19:44:17,209: No eclipse registered for index 6675
2015-03-24 19:44:17,818: No eclipse registered for index 6704
2015-03-24 19:44:18,870: No eclipse registered for index 6748
2015-03-24 19:44:35,458: No eclipse registered for index 7472
2015-03-24 19:44:48,706: No eclipse registered for index 8053
2015-03-24 19:44:52,027: No eclipse registered for index 8204
2015-03-24 19:44:57,772: No eclipse registered for index 8441
2015-03-24 19:45:00,118: No eclipse registered for index 8553
2015-03-24 19:45:08,394: No eclipse registered for index 8937
2015-03-24 19:45:17,251: No eclipse registered for index 9314
2015-03-24 19:45:22,298: No eclipse registered for index 9546
2015-03-24 19:45:26,154: No eclipse registered for index 9719
2015-03-24 19:45:41,713: No eclipse registered for index 10366
2015-03-24 19:45:43,326: No eclipse registered for index 10443
2015-03-24 19:45:48,179: No eclipse registered for index 10663
2015-03-24 19:45:50,694: No eclipse registered for index 10787
2015-03-24 19:45:50,860: No eclipse registered for index 10796
2015-03-24 19:45:53,710: No eclipse registered for index 10925
2015-03-24 19:45:57,638: No eclipse registered for index 11113
2015-03-24 19:46:04,585: No eclipse registered for index 11435
2015-03-24 19:46:09,448: No eclipse registered for index 11670
2015-03-24 19:46:17,626: No eclipse registered for index 12016
2015-03-24 19:46:19,725: No eclipse registered for index 12110
2015-03-24 19:46:31,070: No eclipse registered for index 12586
2015-03-24 19:46:31,629: No eclipse registered for index 12610
2015-03-24 19:46:31,766: No eclipse registered for index 12615
2015-03-24 19:46:32,425: No eclipse registered for index 12643
2015-03-24 19:46:34,949: No eclipse registered for index 12768
2015-03-24 19:46:46,706: No eclipse registered for index 13270
2015-03-24 19:46:54,040: No eclipse registered for index 13581
2015-03-24 19:47:02,095: No eclipse registered for index 13958
2015-03-24 19:47:05,171: No eclipse registered for index 14087
2015-03-24 19:47:46,560: No eclipse registered for index 15948
2015-03-24 19:47:47,558: No eclipse registered for index 15989
2015-03-24 19:47:54,477: No eclipse registered for index 16274
2015-03-24 19:48:10,124: No eclipse registered for index 16974
2015-03-24 19:48:15,110: No eclipse registered for index 17201
2015-03-24 19:48:15,277: No eclipse registered for index 17208
2015-03-24 19:48:17,862: No eclipse registered for index 17324
2015-03-24 19:48:18,791: No eclipse registered for index 17368
2015-03-24 19:48:27,544: No eclipse registered for index 17757
2015-03-24 19:48:34,738: No eclipse registered for index 18094
2015-03-24 19:48:36,083: No eclipse registered for index 18160
2015-03-24 19:48:40,344: No eclipse registered for index 18340
2015-03-24 19:48:41,352: No eclipse registered for index 18384
2015-03-24 19:48:55,117: No eclipse registered for index 19030
2015-03-24 19:49:15,613: Done.
2015-03-24 19:49:15,941: SDSS r-band cc not applied to Planets model
2015-03-24 19:51:52,460: FPP calculation successful. Results/plots written to /u/tdm/repositories/k2-characterization/fpp/fppmodels/201702477.1.
2015-03-24 23:47:07,254: Loading transit signal from /u/tdm/repositories/k2-characterization/fpp/fppmodels/201702477.1/trsig.pkl...
2015-03-24 23:47:07,977: Fitting StarModel to {'B': (15.272, 0.15), 'g': (14.891, 0.12), 'i': (14.236, 0.09), 'H': (12.881, 0.09), 'K': (12.766, 0.09), 'J': (13.268, 0.09), 'r': (14.399, 0.18), 'W3': (11.756, 3e+50), 'W2': (12.84, 0.081), 'W1': (12.814, 0.072), 'V': (14.569, 0.12)}...
2015-03-24 23:49:28,281: FPP calculation failed for fppmodels/201702477.1.
Traceback (most recent call last):
  File "/u/tdm/anaconda/lib/python2.7/site-packages/VESPA-0.1.2-py2.7-linux-x86_64.egg/EGG-INFO/scripts/calcfpp", line 114, in <module>
    n=args.n)
  File "/u/tdm/anaconda/lib/python2.7/site-packages/VESPA-0.1.2-py2.7-linux-x86_64.egg/vespa/fpp.py", line 242, in from_ini
    starmodel.save_hdf(starmodel_file)
  File "/u/tdm/anaconda/lib/python2.7/site-packages/isochrones-0.7.4-py2.7.egg/isochrones/starmodel.py", line 611, in save_hdf
    self.samples.to_hdf(filename, '{}/samples'.format(path))
  File "/u/tdm/anaconda/lib/python2.7/site-packages/isochrones-0.7.4-py2.7.egg/isochrones/starmodel.py", line 486, in samples
    self._make_samples()
  File "/u/tdm/anaconda/lib/python2.7/site-packages/isochrones-0.7.4-py2.7.egg/isochrones/starmodel.py", line 441, in _make_samples
    lnprob_thresh = np.percentile(self.sampler.flatlnprobability, thresh*100)
NameError: global name 'thresh' is not defined
2015-03-26 05:58:14,375: Loading transit signal from /u/tdm/repositories/k2-characterization/fpp/fppmodels/201702477.1/trsig.pkl...
2015-03-26 05:58:14,993: Fitting StarModel to {'B': (15.272, 0.15), 'g': (14.891, 0.12), 'i': (14.236, 0.09), 'H': (12.881, 0.09), 'K': (12.766, 0.09), 'J': (13.268, 0.09), 'r': (14.399, 0.18), 'W3': (11.756, 3e+50), 'W2': (12.84, 0.081), 'W1': (12.814, 0.072), 'V': (14.569, 0.12)}...
2015-03-26 06:00:14,958: StarModel fit done.
2015-03-26 06:00:42,808: Fitting TripleStarModel to {'B': (15.272, 0.05), 'g': (14.891, 0.05), 'i': (14.236, 0.05), 'H': (12.881, 0.05), 'K': (12.766, 0.05), 'J': (13.268, 0.05), 'r': (14.399, 0.05), 'W3': (11.756, 0.05), 'W2': (12.84, 0.05), 'W1': (12.814, 0.05), 'V': (14.569, 0.05), 'Kepler': (14.4974, 0.05)}...
2015-03-26 06:03:32,643: TripleStarModel fit Done.
2015-03-26 06:03:42,813: 19022 eclipsing HEB systems generated (target 20000)
2015-03-26 06:03:42,922: 20210 eclipsing HEB systems generated (target 20000)
2015-03-26 06:03:43,638: Fitting trapezoid models for HEBs...
2015-03-26 06:08:40,102: Done.
2015-03-26 06:08:41,091: Fitting BinaryStarModel to {'B': (15.272, 0.05), 'g': (14.891, 0.05), 'i': (14.236, 0.05), 'H': (12.881, 0.05), 'K': (12.766, 0.05), 'J': (13.268, 0.05), 'r': (14.399, 0.05), 'W3': (11.756, 0.05), 'W2': (12.84, 0.05), 'W1': (12.814, 0.05), 'V': (14.569, 0.05), 'Kepler': (14.4974, 0.05)}...
2015-03-26 06:12:14,817: BinaryStarModel fit Done.
2015-03-26 06:12:21,361: 265 binaries are "too close"; gave up trying to fix.
2015-03-26 06:12:21,830: 19077 Eclipsing EB systems generated (target 20000)
2015-03-26 06:12:21,843: 18 binaries are "too close"; gave up trying to fix.
2015-03-26 06:12:21,922: 20185 Eclipsing EB systems generated (target 20000)
2015-03-26 06:12:22,739: Fitting trapezoid models for EBs...
2015-03-26 06:13:08,087: No eclipse registered for index 2860
2015-03-26 06:17:29,365: Done.
2015-03-26 06:17:30,015: Loading TRILEGAL simulation from /u/tdm/repositories/k2-characterization/fpp/fppmodels/201702477.1/starfield.h5
2015-03-26 06:17:32,034: 146 binaries are "too close"; gave up trying to fix.
2015-03-26 06:17:32,170: 1944 BEB systems generated (target 20000)
2015-03-26 06:17:34,073: 1855 binaries are "too close"; gave up trying to fix.
2015-03-26 06:17:35,127: 23633 BEB systems generated (target 20000)
2015-03-26 06:17:36,099: Fitting trapezoid models for BEBs...
2015-03-26 06:19:08,669: No eclipse registered for index 6195
2015-03-26 06:19:14,133: No eclipse registered for index 6548
2015-03-26 06:22:28,473: Done.
2015-03-26 06:22:29,257: 14143 Transiting planet systems generated (target 20000)
2015-03-26 06:22:29,484: 20457 Transiting planet systems generated (target 20000)
2015-03-26 06:22:29,578: Fitting trapezoid models for Planets...
2015-03-26 06:22:44,125: No eclipse registered for index 659
2015-03-26 06:23:05,819: No eclipse registered for index 1590
2015-03-26 06:23:16,048: No eclipse registered for index 2036
2015-03-26 06:23:19,321: No eclipse registered for index 2177
2015-03-26 06:23:21,999: No eclipse registered for index 2292
2015-03-26 06:23:31,202: No eclipse registered for index 2705
2015-03-26 06:23:35,255: No eclipse registered for index 2903
2015-03-26 06:23:37,331: No eclipse registered for index 3015
2015-03-26 06:23:49,857: No eclipse registered for index 3547
2015-03-26 06:23:59,984: No eclipse registered for index 3984
2015-03-26 06:24:07,047: No eclipse registered for index 4267
2015-03-26 06:24:07,086: No eclipse registered for index 4270
2015-03-26 06:24:15,960: No eclipse registered for index 4674
2015-03-26 06:24:20,006: No eclipse registered for index 4857
2015-03-26 06:24:21,524: No eclipse registered for index 4917
2015-03-26 06:24:31,999: No eclipse registered for index 5376
2015-03-26 06:25:02,063: No eclipse registered for index 6714
2015-03-26 06:25:02,442: No eclipse registered for index 6733
2015-03-26 06:25:02,801: No eclipse registered for index 6751
2015-03-26 06:25:05,921: No eclipse registered for index 6901
2015-03-26 06:25:22,131: No eclipse registered for index 7645
2015-03-26 06:25:27,991: No eclipse registered for index 7936
2015-03-26 06:25:42,125: No eclipse registered for index 8558
2015-03-26 06:25:44,688: No eclipse registered for index 8653
2015-03-26 06:25:48,672: No eclipse registered for index 8812
2015-03-26 06:25:50,495: No eclipse registered for index 8894
2015-03-26 06:25:50,894: No eclipse registered for index 8911
2015-03-26 06:26:02,570: No eclipse registered for index 9407
2015-03-26 06:26:04,164: No eclipse registered for index 9479
2015-03-26 06:26:16,137: No eclipse registered for index 9974
2015-03-26 06:26:19,770: No eclipse registered for index 10133
2015-03-26 06:26:23,428: No eclipse registered for index 10297
2015-03-26 06:26:26,779: No eclipse registered for index 10454
2015-03-26 06:26:27,146: No eclipse registered for index 10471
2015-03-26 06:26:35,789: No eclipse registered for index 10861
2015-03-26 06:26:45,741: No eclipse registered for index 11312
2015-03-26 06:26:48,794: No eclipse registered for index 11438
2015-03-26 06:26:53,985: No eclipse registered for index 11659
2015-03-26 06:27:04,191: No eclipse registered for index 12099
2015-03-26 06:27:32,546: No eclipse registered for index 13351
2015-03-26 06:27:34,521: No eclipse registered for index 13441
2015-03-26 06:27:35,600: No eclipse registered for index 13494
2015-03-26 06:27:38,569: No eclipse registered for index 13627
2015-03-26 06:27:41,144: No eclipse registered for index 13758
2015-03-26 06:27:55,348: No eclipse registered for index 14357
2015-03-26 06:28:03,183: No eclipse registered for index 14695
2015-03-26 06:28:10,646: No eclipse registered for index 15056
2015-03-26 06:28:27,825: No eclipse registered for index 15836
2015-03-26 06:28:35,114: No eclipse registered for index 16190
2015-03-26 06:28:38,564: No eclipse registered for index 16359
2015-03-26 06:28:51,631: No eclipse registered for index 16941
2015-03-26 06:29:10,100: No eclipse registered for index 17830
2015-03-26 06:29:10,576: No eclipse registered for index 17852
2015-03-26 06:29:15,189: No eclipse registered for index 18064
2015-03-26 06:29:27,412: No eclipse registered for index 18636
2015-03-26 06:29:36,732: No eclipse registered for index 19071
2015-03-26 06:29:36,799: No eclipse registered for index 19075
2015-03-26 06:29:40,914: No eclipse registered for index 19259
2015-03-26 06:29:43,649: No eclipse registered for index 19388
2015-03-26 06:29:52,710: No eclipse registered for index 19786
2015-03-26 06:29:56,370: No eclipse registered for index 19939
2015-03-26 06:29:57,761: Done.
2015-03-26 06:29:58,101: SDSS r-band cc not applied to Planets model
2015-03-26 06:32:42,925: Making StarModel triangle plots...
2015-03-26 06:33:14,188: FPP calculation successful. Results/plots written to /u/tdm/repositories/k2-characterization/fpp/fppmodels/201702477.1.
