2015-04-16 09:24:54,400: Loading transit signal from /u/tdm/repositories/k2-characterization/fpp/fppmodels/201929294.1/trsig.pkl...
2015-04-16 09:24:55,194: Starmodel loaded from /u/tdm/repositories/k2-characterization/fpp/fppmodels/201929294.1/starmodel.h5.
2015-04-16 09:25:12,325: Fitting TripleStarModel to {'B': (14.325, 0.05), 'g': (13.782, 0.05), 'i': (12.611, 0.05), 'H': (10.982, 0.05), 'K': (10.798, 0.05), 'J': (11.477, 0.05), 'r': (12.969, 0.05), 'W3': (10.673, 0.05), 'W2': (10.779, 0.05), 'W1': (10.726, 0.05), 'V': (13.315, 0.05), 'Kepler': (13.0503, 0.05)}...
2015-04-16 09:26:45,443: TripleStarModel fit Done.
2015-04-16 09:26:57,819: 15871 eclipsing HEB systems generated (target 20000)
2015-04-16 09:26:57,951: 20810 eclipsing HEB systems generated (target 20000)
2015-04-16 09:26:58,524: Fitting trapezoid models for HEBs...
2015-04-16 09:27:44,859: No eclipse registered for index 4779
2015-04-16 09:30:09,900: Done.
2015-04-16 09:30:10,373: Fitting BinaryStarModel to {'B': (14.325, 0.05), 'g': (13.782, 0.05), 'i': (12.611, 0.05), 'H': (10.982, 0.05), 'K': (10.798, 0.05), 'J': (11.477, 0.05), 'r': (12.969, 0.05), 'W3': (10.673, 0.05), 'W2': (10.779, 0.05), 'W1': (10.726, 0.05), 'V': (13.315, 0.05), 'Kepler': (13.0503, 0.05)}...
2015-04-16 09:32:17,369: BinaryStarModel fit Done.
2015-04-16 09:32:23,948: 8284 Eclipsing EB systems generated (target 20000)
2015-04-16 09:32:24,303: 22385 Eclipsing EB systems generated (target 20000)
2015-04-16 09:32:24,539: Fitting trapezoid models for EBs...
2015-04-16 09:33:53,790: No eclipse registered for index 9018
2015-04-16 09:34:15,432: No eclipse registered for index 11225
2015-04-16 09:34:31,634: No eclipse registered for index 12868
2015-04-16 09:34:53,282: No eclipse registered for index 15062
2015-04-16 09:35:07,110: No eclipse registered for index 16471
2015-04-16 09:35:18,867: No eclipse registered for index 17658
2015-04-16 09:35:42,062: Done.
2015-04-16 09:35:42,417: Loading TRILEGAL simulation from /u/tdm/repositories/k2-characterization/fpp/fppmodels/201929294.1/starfield.h5
2015-04-16 09:35:43,772: 230 binaries are "too close"; gave up trying to fix.
2015-04-16 09:35:43,867: 3103 BEB systems generated (target 20000)
2015-04-16 09:35:44,508: 1465 binaries are "too close"; gave up trying to fix.
2015-04-16 09:35:44,925: 21715 BEB systems generated (target 20000)
2015-04-16 09:35:44,985: Fitting trapezoid models for BEBs...
2015-04-16 09:36:22,303: No eclipse registered for index 3884
2015-04-16 09:38:31,940: No eclipse registered for index 17407
2015-04-16 09:38:56,816: Done.
2015-04-16 09:38:57,442: 4462 Transiting planet systems generated (target 20000)
2015-04-16 09:38:57,835: 15646 Transiting planet systems generated (target 20000)
2015-04-16 09:38:58,020: 20660 Transiting planet systems generated (target 20000)
2015-04-16 09:38:58,082: Fitting trapezoid models for Planets...
2015-04-16 09:38:59,372: No eclipse registered for index 97
2015-04-16 09:39:03,633: No eclipse registered for index 415
2015-04-16 09:39:11,924: No eclipse registered for index 1043
2015-04-16 09:39:21,193: No eclipse registered for index 1740
2015-04-16 09:39:26,027: No eclipse registered for index 2104
2015-04-16 09:39:30,364: No eclipse registered for index 2429
2015-04-16 09:39:32,958: No eclipse registered for index 2623
2015-04-16 09:39:37,841: No eclipse registered for index 2990
2015-04-16 09:39:40,948: No eclipse registered for index 3222
2015-04-16 09:39:43,691: No eclipse registered for index 3429
2015-04-16 09:39:45,459: No eclipse registered for index 3561
2015-04-16 09:39:45,473: No eclipse registered for index 3563
2015-04-16 09:39:52,685: No eclipse registered for index 4105
2015-04-16 09:39:53,190: No eclipse registered for index 4143
2015-04-16 09:39:53,252: No eclipse registered for index 4148
2015-04-16 09:39:54,675: No eclipse registered for index 4255
2015-04-16 09:40:03,014: No eclipse registered for index 4873
2015-04-16 09:40:13,785: No eclipse registered for index 5673
2015-04-16 09:40:15,804: No eclipse registered for index 5825
2015-04-16 09:40:17,363: No eclipse registered for index 5941
2015-04-16 09:40:20,128: No eclipse registered for index 6149
2015-04-16 09:40:28,763: No eclipse registered for index 6791
2015-04-16 09:40:33,462: No eclipse registered for index 7147
2015-04-16 09:40:38,417: No eclipse registered for index 7518
2015-04-16 09:40:44,934: No eclipse registered for index 8007
2015-04-16 09:40:53,736: No eclipse registered for index 8663
2015-04-16 09:40:57,556: No eclipse registered for index 8943
2015-04-16 09:41:10,801: No eclipse registered for index 9928
2015-04-16 09:41:10,905: No eclipse registered for index 9936
2015-04-16 09:41:13,867: No eclipse registered for index 10158
2015-04-16 09:41:16,177: No eclipse registered for index 10329
2015-04-16 09:41:17,715: No eclipse registered for index 10443
2015-04-16 09:41:18,731: No eclipse registered for index 10522
2015-04-16 09:41:19,624: No eclipse registered for index 10589
2015-04-16 09:41:21,153: No eclipse registered for index 10703
2015-04-16 09:41:26,390: No eclipse registered for index 11092
2015-04-16 09:41:27,644: No eclipse registered for index 11187
2015-04-16 09:41:33,209: No eclipse registered for index 11601
2015-04-16 09:41:35,200: No eclipse registered for index 11751
2015-04-16 09:41:37,955: No eclipse registered for index 11958
2015-04-16 09:41:39,410: No eclipse registered for index 12066
2015-04-16 09:41:44,483: No eclipse registered for index 12441
2015-04-16 09:41:47,031: No eclipse registered for index 12636
2015-04-16 09:41:49,069: No eclipse registered for index 12788
2015-04-16 09:42:00,172: No eclipse registered for index 13613
2015-04-16 09:42:02,338: No eclipse registered for index 13775
2015-04-16 09:42:03,059: No eclipse registered for index 13830
2015-04-16 09:42:10,591: No eclipse registered for index 14392
2015-04-16 09:42:11,284: No eclipse registered for index 14445
2015-04-16 09:42:13,975: No eclipse registered for index 14647
2015-04-16 09:42:16,056: No eclipse registered for index 14805
2015-04-16 09:42:17,738: No eclipse registered for index 14929
2015-04-16 09:42:26,434: No eclipse registered for index 15576
2015-04-16 09:42:26,900: No eclipse registered for index 15612
2015-04-16 09:42:28,550: No eclipse registered for index 15737
2015-04-16 09:42:29,740: No eclipse registered for index 15826
2015-04-16 09:42:35,185: No eclipse registered for index 16234
2015-04-16 09:42:37,201: No eclipse registered for index 16384
2015-04-16 09:42:42,003: No eclipse registered for index 16744
2015-04-16 09:42:44,960: No eclipse registered for index 16965
2015-04-16 09:42:47,543: No eclipse registered for index 17158
2015-04-16 09:42:51,276: No eclipse registered for index 17436
2015-04-16 09:42:55,044: No eclipse registered for index 17714
2015-04-16 09:42:55,117: No eclipse registered for index 17720
2015-04-16 09:42:56,132: No eclipse registered for index 17797
2015-04-16 09:43:04,028: No eclipse registered for index 18385
2015-04-16 09:43:06,490: No eclipse registered for index 18569
2015-04-16 09:43:08,104: No eclipse registered for index 18688
2015-04-16 09:43:11,052: No eclipse registered for index 18906
2015-04-16 09:43:13,815: No eclipse registered for index 19118
2015-04-16 09:43:19,580: No eclipse registered for index 19544
2015-04-16 09:43:25,707: Done.
2015-04-16 09:43:26,086: SDSS r-band cc not applied to Planets model
2015-04-16 09:44:26,969: FPP calculation successful. Results/plots written to /u/tdm/repositories/k2-characterization/fpp/fppmodels/201929294.1.
2015-04-20 15:21:13,591: Fitting single StarModel to {'B': (14.325, 0.12), 'g': (13.782, 0.15), 'i': (12.611, 0.27), 'H': (10.982, 0.06), 'K': (10.798, 0.06), 'J': (11.477, 0.09), 'r': (12.969, 0.21), 'W3': (10.673, 0.309), 'W2': (10.779, 0.057), 'W1': (10.726, 0.069), 'V': (13.315, 0.09), 'Kepler': 13.0503}...
2015-04-20 15:22:51,725: StarModel fit done.
2015-04-20 15:22:51,731: Fitting BinaryStarModel to {'B': (14.325, 0.12), 'g': (13.782, 0.15), 'i': (12.611, 0.27), 'H': (10.982, 0.06), 'K': (10.798, 0.06), 'J': (11.477, 0.09), 'r': (12.969, 0.21), 'W3': (10.673, 0.309), 'W2': (10.779, 0.057), 'W1': (10.726, 0.069), 'V': (13.315, 0.09), 'Kepler': 13.0503}...
2015-04-20 15:25:04,349: BinaryStarModel fit done.
2015-04-20 15:25:04,355: Fitting TripleStarModel to {'B': (14.325, 0.12), 'g': (13.782, 0.15), 'i': (12.611, 0.27), 'H': (10.982, 0.06), 'K': (10.798, 0.06), 'J': (11.477, 0.09), 'r': (12.969, 0.21), 'W3': (10.673, 0.309), 'W2': (10.779, 0.057), 'W1': (10.726, 0.069), 'V': (13.315, 0.09), 'Kepler': 13.0503}...
2015-04-20 15:27:01,374: TripleStarModel fit done.
2015-04-20 15:27:01,376: Loading transit signal from /u/tdm/repositories/k2-characterization/fpp/fppmodels/201929294.1/trsig.pkl...
2015-04-20 15:27:01,899: FPP calculation failed for ..
Traceback (most recent call last):
  File "/u/tdm/anaconda/lib/python2.7/site-packages/VESPA-0.2.2-py2.7-linux-x86_64.egg/EGG-INFO/scripts/calcfpp", line 119, in <module>
    n=args.n)
  File "/u/tdm/anaconda/lib/python2.7/site-packages/VESPA-0.2.2-py2.7-linux-x86_64.egg/vespa/fpp.py", line 283, in from_ini
    popset = PopulationSet(period=period, mags=single_starmodel.mags,
UnboundLocalError: local variable 'single_starmodel' referenced before assignment
2015-04-20 15:36:47,996: Single StarModel loaded from /u/tdm/repositories/k2-characterization/fpp/fppmodels/201929294.1/dartmouth_starmodel_single.h5
2015-04-20 15:36:52,698: BinaryStarModel loaded from /u/tdm/repositories/k2-characterization/fpp/fppmodels/201929294.1/dartmouth_starmodel_binary.h5
2015-04-20 15:36:57,129: TripleStarModel loaded from /u/tdm/repositories/k2-characterization/fpp/fppmodels/201929294.1/dartmouth_starmodel_triple.h5
2015-04-20 15:36:57,889: Loading transit signal from /u/tdm/repositories/k2-characterization/fpp/fppmodels/201929294.1/trsig.pkl...
2015-04-20 15:37:34,896: 15174 eclipsing HEB systems generated (target 20000)
2015-04-20 15:37:35,077: 20877 eclipsing HEB systems generated (target 20000)
2015-04-20 15:37:35,751: Fitting trapezoid models for HEBs...
2015-04-20 15:38:58,116: No eclipse registered for index 7852
2015-04-20 15:39:30,128: No eclipse registered for index 10815
2015-04-20 15:41:06,134: Done.
2015-04-20 15:41:21,675: 450 binaries are "too close"; gave up trying to fix.
2015-04-20 15:41:21,873: 9068 Eclipsing EB systems generated (target 20000)
2015-04-20 15:41:21,993: 668 binaries are "too close"; gave up trying to fix.
2015-04-20 15:41:22,283: 22376 Eclipsing EB systems generated (target 20000)
2015-04-20 15:41:22,585: Fitting trapezoid models for EBs...
2015-04-20 15:44:51,429: Done.
2015-04-20 15:44:55,266: Loading TRILEGAL simulation from /u/tdm/repositories/k2-characterization/fpp/fppmodels/201929294.1/starfield.h5
2015-04-20 15:44:57,089: 215 binaries are "too close"; gave up trying to fix.
2015-04-20 15:44:57,175: 2442 BEB systems generated (target 20000)
2015-04-20 15:44:57,786: 2001 binaries are "too close"; gave up trying to fix.
2015-04-20 15:44:58,292: 23566 BEB systems generated (target 20000)
2015-04-20 15:44:58,353: Fitting trapezoid models for BEBs...
2015-04-20 15:47:50,596: No eclipse registered for index 17200
2015-04-20 15:48:18,916: Done.
2015-04-20 15:48:20,627: 9575 Transiting planet systems generated (target 20000)
2015-04-20 15:48:20,865: 21327 Transiting planet systems generated (target 20000)
2015-04-20 15:48:20,935: Fitting trapezoid models for Planets...
2015-04-20 15:48:21,039: No eclipse registered for index 6
2015-04-20 15:48:21,450: No eclipse registered for index 35
2015-04-20 15:48:23,933: No eclipse registered for index 215
2015-04-20 15:48:26,743: No eclipse registered for index 424
2015-04-20 15:48:28,927: No eclipse registered for index 587
2015-04-20 15:48:36,128: No eclipse registered for index 1101
2015-04-20 15:48:37,269: No eclipse registered for index 1177
2015-04-20 15:48:45,621: No eclipse registered for index 1782
2015-04-20 15:49:10,861: No eclipse registered for index 3661
2015-04-20 15:49:18,672: No eclipse registered for index 4213
2015-04-20 15:49:22,172: No eclipse registered for index 4470
2015-04-20 15:49:23,548: No eclipse registered for index 4574
2015-04-20 15:49:25,367: No eclipse registered for index 4704
2015-04-20 15:49:28,005: No eclipse registered for index 4898
2015-04-20 15:49:32,704: No eclipse registered for index 5242
2015-04-20 15:49:34,636: No eclipse registered for index 5383
2015-04-20 15:49:40,229: No eclipse registered for index 5791
2015-04-20 15:49:43,507: No eclipse registered for index 6031
2015-04-20 15:49:43,524: No eclipse registered for index 6033
2015-04-20 15:49:52,940: No eclipse registered for index 6732
2015-04-20 15:50:13,757: No eclipse registered for index 8224
2015-04-20 15:50:20,494: No eclipse registered for index 8681
2015-04-20 15:50:25,060: No eclipse registered for index 8994
2015-04-20 15:50:39,412: No eclipse registered for index 10005
2015-04-20 15:50:47,561: No eclipse registered for index 10607
2015-04-20 15:50:52,807: No eclipse registered for index 10995
2015-04-20 15:50:56,323: No eclipse registered for index 11257
2015-04-20 15:51:04,741: No eclipse registered for index 11886
2015-04-20 15:51:07,681: No eclipse registered for index 12084
2015-04-20 15:51:10,186: No eclipse registered for index 12260
2015-04-20 15:51:11,766: No eclipse registered for index 12378
2015-04-20 15:51:16,025: No eclipse registered for index 12692
2015-04-20 15:51:17,582: No eclipse registered for index 12808
2015-04-20 15:51:18,387: No eclipse registered for index 12868
2015-04-20 15:51:19,555: No eclipse registered for index 12949
2015-04-20 15:51:21,228: No eclipse registered for index 13064
2015-04-20 15:51:23,973: No eclipse registered for index 13251
2015-04-20 15:51:26,557: No eclipse registered for index 13438
2015-04-20 15:51:42,300: No eclipse registered for index 14575
2015-04-20 15:51:48,676: No eclipse registered for index 15010
2015-04-20 15:51:50,779: No eclipse registered for index 15154
2015-04-20 15:51:56,795: No eclipse registered for index 15573
2015-04-20 15:52:01,339: No eclipse registered for index 15904
2015-04-20 15:52:01,409: No eclipse registered for index 15910
2015-04-20 15:52:18,881: No eclipse registered for index 17187
2015-04-20 15:52:21,578: No eclipse registered for index 17371
2015-04-20 15:52:22,651: No eclipse registered for index 17443
2015-04-20 15:52:29,805: No eclipse registered for index 17967
2015-04-20 15:52:31,102: No eclipse registered for index 18062
2015-04-20 15:52:44,165: No eclipse registered for index 19033
2015-04-20 15:52:49,507: No eclipse registered for index 19402
2015-04-20 15:52:58,030: Done.
2015-04-20 15:52:58,974: SDSS r-band cc not applied to Planets model
2015-04-20 15:54:04,344: total adds up to: 1.00 (HEBs)
2015-04-20 15:54:06,043: total adds up to: 1.00 (BEBs)
2015-04-20 15:54:12,473: Making StarModel triangle plots...
2015-04-20 15:54:12,479: FPP calculation failed for ..
Traceback (most recent call last):
  File "/u/tdm/anaconda/lib/python2.7/site-packages/VESPA-0.2.2-py2.7-linux-x86_64.egg/EGG-INFO/scripts/calcfpp", line 127, in <module>
    starmodel = StarModel.load_hdf(starmodel_file)
  File "/u/tdm/anaconda/lib/python2.7/site-packages/isochrones-0.8-py2.7.egg/isochrones/starmodel.py", line 785, in load_hdf
    samples = store['{}/samples'.format(path)]
  File "/u/tdm/anaconda/lib/python2.7/site-packages/pandas/io/pytables.py", line 409, in __getitem__
    return self.get(key)
  File "/u/tdm/anaconda/lib/python2.7/site-packages/pandas/io/pytables.py", line 618, in get
    raise KeyError('No object named %s in the file' % key)
KeyError: 'No object named /samples in the file'
2015-04-20 21:17:31,072: Single StarModel loaded from /u/tdm/repositories/k2-characterization/fpp/fppmodels/201929294.1/dartmouth_starmodel_single.h5
2015-04-20 21:17:35,408: BinaryStarModel loaded from /u/tdm/repositories/k2-characterization/fpp/fppmodels/201929294.1/dartmouth_starmodel_binary.h5
2015-04-20 21:17:43,639: TripleStarModel loaded from /u/tdm/repositories/k2-characterization/fpp/fppmodels/201929294.1/dartmouth_starmodel_triple.h5
2015-04-20 21:17:43,671: Loading transit signal from /u/tdm/repositories/k2-characterization/fpp/fppmodels/201929294.1/trsig.pkl...
2015-04-20 21:18:43,678: PopulationSet loaded from /u/tdm/repositories/k2-characterization/fpp/fppmodels/201929294.1/popset.h5
2015-04-20 21:18:43,883: SDSS r-band cc not applied to Planets model
2015-04-20 21:19:57,083: total adds up to: 1.00 (BEBs)
2015-04-20 21:19:58,525: total adds up to: 1.00 (HEBs)
2015-04-20 21:20:04,186: FPP calculation successful. Results/plots written to /u/tdm/repositories/k2-characterization/fpp/fppmodels/201929294.1.
2015-04-20 21:56:26,683: Single StarModel loaded from /u/tdm/repositories/k2-characterization/fpp/fppmodels/201929294.1/dartmouth_starmodel_single.h5
2015-04-20 21:56:28,188: BinaryStarModel loaded from /u/tdm/repositories/k2-characterization/fpp/fppmodels/201929294.1/dartmouth_starmodel_binary.h5
2015-04-20 21:56:29,664: TripleStarModel loaded from /u/tdm/repositories/k2-characterization/fpp/fppmodels/201929294.1/dartmouth_starmodel_triple.h5
2015-04-20 21:56:29,864: Loading transit signal from /u/tdm/repositories/k2-characterization/fpp/fppmodels/201929294.1/trsig.pkl...
2015-04-20 21:56:42,914: PopulationSet loaded from /u/tdm/repositories/k2-characterization/fpp/fppmodels/201929294.1/popset.h5
2015-04-20 21:56:43,096: SDSS r-band cc not applied to Planets model
2015-04-20 21:57:42,192: total adds up to: 1.00 (BEBs)
2015-04-20 21:57:43,630: total adds up to: 1.00 (HEBs)
2015-04-20 21:57:49,567: FPP calculation successful. Results/plots written to /u/tdm/repositories/k2-characterization/fpp/fppmodels/201929294.1.
2015-04-21 12:21:34,525: Single StarModel loaded from /u/tdm/repositories/k2-characterization/fpp/fppmodels/201929294.1/dartmouth_starmodel_single.h5
2015-04-21 12:21:34,758: BinaryStarModel loaded from /u/tdm/repositories/k2-characterization/fpp/fppmodels/201929294.1/dartmouth_starmodel_binary.h5
2015-04-21 12:21:35,021: TripleStarModel loaded from /u/tdm/repositories/k2-characterization/fpp/fppmodels/201929294.1/dartmouth_starmodel_triple.h5
2015-04-21 12:21:35,027: Loading transit signal from /u/tdm/repositories/k2-characterization/fpp/fppmodels/201929294.1/trsig.pkl...
2015-04-21 12:21:38,965: /u/tdm/repositories/k2-characterization/fpp/fppmodels/201929294.1/popset.h5 exists, but regenerating Population Set...
Traceback (most recent call last):
  File "/u/tdm/anaconda/lib/python2.7/site-packages/VESPA-0.2.2-py2.7-linux-x86_64.egg/vespa/fpp.py", line 282, in from_ini
    popset = PopulationSet.load_hdf(popset_file)
  File "/u/tdm/anaconda/lib/python2.7/site-packages/VESPA-0.2.2-py2.7-linux-x86_64.egg/vespa/populations.py", line 1835, in load_hdf
    poplist.append(t().load_hdf(filename, path='{}/{}'.format(path,m)))
  File "/u/tdm/anaconda/lib/python2.7/site-packages/VESPA-0.2.2-py2.7-linux-x86_64.egg/vespa/populations.py", line 941, in load_hdf
    path='{}/starmodel'.format(path))
  File "/u/tdm/anaconda/lib/python2.7/site-packages/isochrones-0.8.1-py2.7.egg/isochrones/starmodel.py", line 785, in load_hdf
    samples = store['{}/samples'.format(path)]
  File "/u/tdm/anaconda/lib/python2.7/site-packages/pandas/io/pytables.py", line 409, in __getitem__
    return self.get(key)
  File "/u/tdm/anaconda/lib/python2.7/site-packages/pandas/io/pytables.py", line 618, in get
    raise KeyError('No object named %s in the file' % key)
KeyError: 'No object named /pl/starmodel/samples in the file'
2015-04-21 12:22:09,063: 15704 eclipsing HEB systems generated (target 20000)
2015-04-21 12:22:09,197: 20624 eclipsing HEB systems generated (target 20000)
2015-04-21 12:22:09,695: Fitting trapezoid models for HEBs...
2015-04-21 12:23:30,196: Single StarModel loaded from /u/tdm/repositories/k2-characterization/fpp/fppmodels/201929294.1/dartmouth_starmodel_single.h5
2015-04-21 12:23:30,980: BinaryStarModel loaded from /u/tdm/repositories/k2-characterization/fpp/fppmodels/201929294.1/dartmouth_starmodel_binary.h5
2015-04-21 12:23:31,789: TripleStarModel loaded from /u/tdm/repositories/k2-characterization/fpp/fppmodels/201929294.1/dartmouth_starmodel_triple.h5
2015-04-21 12:23:31,790: Loading transit signal from /u/tdm/repositories/k2-characterization/fpp/fppmodels/201929294.1/trsig.pkl...
2015-04-21 12:23:32,846: /u/tdm/repositories/k2-characterization/fpp/fppmodels/201929294.1/popset.h5 exists, but regenerating Population Set...
Traceback (most recent call last):
  File "/u/tdm/anaconda/lib/python2.7/site-packages/VESPA-0.2.2-py2.7-linux-x86_64.egg/vespa/fpp.py", line 281, in from_ini
    raise RuntimeError #just to get to except block
RuntimeError
2015-04-21 12:24:00,732: 15087 eclipsing HEB systems generated (target 20000)
2015-04-21 12:24:00,893: 20918 eclipsing HEB systems generated (target 20000)
2015-04-21 12:24:01,322: Fitting trapezoid models for HEBs...
2015-04-21 12:24:18,916: No eclipse registered for index 1698
2015-04-21 12:26:10,314: No eclipse registered for index 12484
2015-04-21 12:26:30,747: No eclipse registered for index 14469
2015-04-21 12:26:36,925: No eclipse registered for index 15071
2015-04-21 12:27:27,643: Done.
2015-04-21 12:27:39,304: 392 binaries are "too close"; gave up trying to fix.
2015-04-21 12:27:39,487: 9210 Eclipsing EB systems generated (target 20000)
2015-04-21 12:27:39,593: 603 binaries are "too close"; gave up trying to fix.
2015-04-21 12:27:39,836: 22042 Eclipsing EB systems generated (target 20000)
2015-04-21 12:27:40,043: Fitting trapezoid models for EBs...
2015-04-21 12:29:13,850: No eclipse registered for index 9258
2015-04-21 12:30:35,041: No eclipse registered for index 17292
2015-04-21 12:31:02,342: Done.
2015-04-21 12:31:05,498: Loading TRILEGAL simulation from /u/tdm/repositories/k2-characterization/fpp/fppmodels/201929294.1/starfield.h5
2015-04-21 12:31:06,706: 213 binaries are "too close"; gave up trying to fix.
2015-04-21 12:31:06,788: 2618 BEB systems generated (target 20000)
2015-04-21 12:31:07,383: 1824 binaries are "too close"; gave up trying to fix.
2015-04-21 12:31:07,828: 23924 BEB systems generated (target 20000)
2015-04-21 12:31:07,884: Fitting trapezoid models for BEBs...
2015-04-21 12:31:10,502: No eclipse registered for index 264
2015-04-21 12:31:18,426: No eclipse registered for index 1091
2015-04-21 12:33:33,763: No eclipse registered for index 14910
2015-04-21 12:34:21,547: No eclipse registered for index 19853
2015-04-21 12:34:23,010: Done.
2015-04-21 12:34:24,657: 9541 Transiting planet systems generated (target 20000)
2015-04-21 12:34:24,858: 21244 Transiting planet systems generated (target 20000)
2015-04-21 12:34:24,909: Fitting trapezoid models for Planets...
2015-04-21 12:34:32,793: No eclipse registered for index 576
2015-04-21 12:34:40,187: No eclipse registered for index 1117
2015-04-21 12:34:44,702: No eclipse registered for index 1446
2015-04-21 12:34:47,627: No eclipse registered for index 1663
2015-04-21 12:34:50,140: No eclipse registered for index 1848
2015-04-21 12:34:53,328: No eclipse registered for index 2083
2015-04-21 12:34:54,109: No eclipse registered for index 2142
2015-04-21 12:34:55,929: No eclipse registered for index 2276
2015-04-21 12:34:59,962: No eclipse registered for index 2573
2015-04-21 12:35:00,408: No eclipse registered for index 2607
2015-04-21 12:35:01,732: No eclipse registered for index 2706
2015-04-21 12:35:09,613: No eclipse registered for index 3286
2015-04-21 12:35:13,850: No eclipse registered for index 3598
2015-04-21 12:35:22,499: No eclipse registered for index 4233
2015-04-21 12:35:27,279: No eclipse registered for index 4588
2015-04-21 12:35:28,662: No eclipse registered for index 4691
2015-04-21 12:35:28,785: No eclipse registered for index 4701
2015-04-21 12:35:30,218: No eclipse registered for index 4806
2015-04-21 12:35:33,876: No eclipse registered for index 5075
2015-04-21 12:35:38,735: No eclipse registered for index 5431
2015-04-21 12:35:42,397: No eclipse registered for index 5701
2015-04-21 12:35:43,454: No eclipse registered for index 5781
2015-04-21 12:35:45,101: No eclipse registered for index 5902
2015-04-21 12:35:48,876: No eclipse registered for index 6176
2015-04-21 12:35:51,655: No eclipse registered for index 6382
2015-04-21 12:35:52,777: No eclipse registered for index 6465
2015-04-21 12:35:58,729: No eclipse registered for index 6900
2015-04-21 12:35:59,279: No eclipse registered for index 6942
2015-04-21 12:36:01,164: No eclipse registered for index 7079
2015-04-21 12:36:05,849: No eclipse registered for index 7425
2015-04-21 12:36:11,161: No eclipse registered for index 7815
2015-04-21 12:36:15,395: No eclipse registered for index 8125
2015-04-21 12:36:17,610: No eclipse registered for index 8287
2015-04-21 12:36:22,816: No eclipse registered for index 8665
2015-04-21 12:36:23,287: No eclipse registered for index 8701
2015-04-21 12:36:25,480: No eclipse registered for index 8861
2015-04-21 12:36:25,975: No eclipse registered for index 8897
2015-04-21 12:36:32,097: No eclipse registered for index 9344
2015-04-21 12:36:32,306: No eclipse registered for index 9360
2015-04-21 12:36:37,537: No eclipse registered for index 9744
2015-04-21 12:36:37,905: No eclipse registered for index 9771
2015-04-21 12:36:47,241: No eclipse registered for index 10462
2015-04-21 12:36:49,732: No eclipse registered for index 10647
2015-04-21 12:36:51,263: No eclipse registered for index 10762
2015-04-21 12:36:52,020: No eclipse registered for index 10818
2015-04-21 12:36:55,374: No eclipse registered for index 11066
2015-04-21 12:37:06,672: No eclipse registered for index 11894
2015-04-21 12:37:08,029: No eclipse registered for index 11996
2015-04-21 12:37:10,473: No eclipse registered for index 12176
2015-04-21 12:37:15,220: No eclipse registered for index 12527
2015-04-21 12:37:15,453: No eclipse registered for index 12546
2015-04-21 12:37:22,013: No eclipse registered for index 13028
2015-04-21 12:37:23,805: No eclipse registered for index 13159
2015-04-21 12:37:25,313: No eclipse registered for index 13271
2015-04-21 12:37:29,777: No eclipse registered for index 13601
2015-04-21 12:37:30,772: No eclipse registered for index 13676
2015-04-21 12:37:32,195: No eclipse registered for index 13781
2015-04-21 12:37:35,096: No eclipse registered for index 13995
2015-04-21 12:37:36,115: No eclipse registered for index 14071
2015-04-21 12:37:37,654: No eclipse registered for index 14185
2015-04-21 12:37:41,088: No eclipse registered for index 14438
2015-04-21 12:37:44,773: No eclipse registered for index 14708
2015-04-21 12:37:46,525: No eclipse registered for index 14837
2015-04-21 12:38:04,451: No eclipse registered for index 16155
2015-04-21 12:38:05,061: No eclipse registered for index 16199
2015-04-21 12:38:07,830: No eclipse registered for index 16402
2015-04-21 12:38:12,324: No eclipse registered for index 16731
2015-04-21 12:38:13,353: No eclipse registered for index 16808
2015-04-21 12:38:15,180: No eclipse registered for index 16942
2015-04-21 12:38:18,623: No eclipse registered for index 17196
2015-04-21 12:38:24,305: No eclipse registered for index 17614
2015-04-21 12:38:27,926: No eclipse registered for index 17881
2015-04-21 12:38:35,004: No eclipse registered for index 18399
2015-04-21 12:38:38,377: No eclipse registered for index 18648
2015-04-21 12:38:40,058: No eclipse registered for index 18771
2015-04-21 12:38:48,000: No eclipse registered for index 19355
2015-04-21 12:38:49,455: No eclipse registered for index 19463
2015-04-21 12:38:56,789: Done.
2015-04-21 12:38:58,467: SDSS r-band cc not applied to Planets model
2015-04-21 12:39:55,391: FPP calculation successful. Results/plots written to /u/tdm/repositories/k2-characterization/fpp/fppmodels/201929294.1.
