2015-03-24 17:40:53,886: Loading transit signal from /u/tdm/repositories/k2-characterization/fpp/fppmodels/201257461.1/trsig.pkl...
2015-03-24 17:40:56,590: Starmodel loaded from /u/tdm/repositories/k2-characterization/fpp/fppmodels/201257461.1/starmodel.h5.
2015-03-24 17:41:23,143: Loading TRILEGAL simulation from /u/tdm/repositories/k2-characterization/fpp/fppmodels/201257461.1/starfield.h5
2015-03-24 17:41:25,216: 0 M1s are nan
2015-03-24 17:41:25,221: 15 M2s are nan
2015-03-24 17:41:25,221: 0 R1s are nan
2015-03-24 17:41:25,221: 15 R2s are nan
2015-03-24 17:41:25,367: 123 binaries are "too close"; gave up trying to fix.
2015-03-24 17:41:30,950: 3570 BEB systems generated (target 20000)
2015-03-24 17:41:31,099: 0 M1s are nan
2015-03-24 17:41:31,100: 114 M2s are nan
2015-03-24 17:41:31,100: 0 R1s are nan
2015-03-24 17:41:31,100: 114 R2s are nan
2015-03-24 17:41:31,827: 664 binaries are "too close"; gave up trying to fix.
2015-03-24 17:41:32,562: 20868 BEB systems generated (target 20000)
2015-03-24 17:41:32,663: Fitting trapezoid models for BEBs...
2015-03-24 17:42:46,786: No eclipse registered for index 5138
2015-03-24 17:42:57,118: No eclipse registered for index 5834
2015-03-24 17:44:53,720: No eclipse registered for index 13722
2015-03-24 17:46:12,081: No eclipse registered for index 19306
2015-03-24 17:46:22,034: Done.
2015-03-24 17:46:30,420: 4153 systems simulated to match provided colors (target 20000).
2015-03-24 17:47:05,140: 22971 systems simulated to match provided colors (target 20000).
2015-03-24 17:47:06,833: 26 binaries are "too close"; gave up trying to fix.
2015-03-24 17:47:06,989: {} eclipsing HEB systems generated (target 1631)
2015-03-24 17:47:20,473: 10178 systems simulated to match provided colors (target 50000).
2015-03-24 17:48:27,749: 58239 systems simulated to match provided colors (target 50000).
2015-03-24 17:48:30,974: 82 binaries are "too close"; gave up trying to fix.
2015-03-24 17:48:31,296: {} eclipsing HEB systems generated (target 5813)
2015-03-24 17:48:49,010: 10245 systems simulated to match provided colors (target 50000).
2015-03-24 17:49:59,465: 58008 systems simulated to match provided colors (target 50000).
2015-03-24 17:50:01,845: 60 binaries are "too close"; gave up trying to fix.
2015-03-24 17:50:02,174: {} eclipsing HEB systems generated (target 9921)
2015-03-24 17:50:16,240: 10228 systems simulated to match provided colors (target 50000).
2015-03-24 17:51:19,448: 57964 systems simulated to match provided colors (target 50000).
2015-03-24 17:51:22,731: 66 binaries are "too close"; gave up trying to fix.
2015-03-24 17:51:23,044: {} eclipsing HEB systems generated (target 13859)
2015-03-24 17:51:36,347: 10061 systems simulated to match provided colors (target 50000).
2015-03-24 17:52:49,813: 58841 systems simulated to match provided colors (target 50000).
2015-03-24 17:52:52,662: 56 binaries are "too close"; gave up trying to fix.
2015-03-24 17:52:52,964: {} eclipsing HEB systems generated (target 17839)
2015-03-24 17:53:02,672: 6712 systems simulated to match provided colors (target 32577).
2015-03-24 17:53:41,540: 37549 systems simulated to match provided colors (target 32577).
2015-03-24 17:53:43,306: 41 binaries are "too close"; gave up trying to fix.
2015-03-24 17:53:43,528: {} eclipsing HEB systems generated (target 20442)
2015-03-24 17:53:44,441: Fitting trapezoid models for HEBs...
2015-03-24 17:57:03,530: No eclipse registered for index 13497
2015-03-24 17:57:12,514: No eclipse registered for index 14041
2015-03-24 17:58:46,441: Done.
2015-03-24 17:58:54,204: 4445 systems simulated to match provided colors (target 20000).
2015-03-24 17:59:24,491: 23223 systems simulated to match provided colors (target 20000).
2015-03-24 17:59:25,714: 36 binaries are "too close"; gave up trying to fix.
2015-03-24 17:59:25,855: 1805 Eclipsing EB systems generated (target 20000)
2015-03-24 17:59:43,089: 11061 systems simulated to match provided colors (target 50000).
2015-03-24 18:00:40,326: 57639 systems simulated to match provided colors (target 50000).
2015-03-24 18:00:42,801: 125 binaries are "too close"; gave up trying to fix.
2015-03-24 18:00:43,231: 6155 Eclipsing EB systems generated (target 20000)
2015-03-24 18:00:55,622: 11073 systems simulated to match provided colors (target 50000).
2015-03-24 18:01:51,072: 57595 systems simulated to match provided colors (target 50000).
2015-03-24 18:01:53,364: 124 binaries are "too close"; gave up trying to fix.
2015-03-24 18:01:53,776: 10467 Eclipsing EB systems generated (target 20000)
2015-03-24 18:02:05,264: 10993 systems simulated to match provided colors (target 50000).
2015-03-24 18:03:08,797: 57802 systems simulated to match provided colors (target 50000).
2015-03-24 18:03:10,891: 92 binaries are "too close"; gave up trying to fix.
2015-03-24 18:03:11,320: 14808 Eclipsing EB systems generated (target 20000)
2015-03-24 18:03:28,763: 11117 systems simulated to match provided colors (target 50000).
2015-03-24 18:04:20,113: 57458 systems simulated to match provided colors (target 50000).
2015-03-24 18:04:22,051: 119 binaries are "too close"; gave up trying to fix.
2015-03-24 18:04:22,440: 19227 Eclipsing EB systems generated (target 20000)
2015-03-24 18:04:25,162: 2339 systems simulated to match provided colors (target 10495).
2015-03-24 18:04:34,905: 12027 systems simulated to match provided colors (target 10495).
2015-03-24 18:04:35,562: 20 binaries are "too close"; gave up trying to fix.
2015-03-24 18:04:35,706: 20130 Eclipsing EB systems generated (target 20000)
2015-03-24 18:04:36,245: Fitting trapezoid models for EBs...
2015-03-24 18:09:27,974: No eclipse registered for index 19297
2015-03-24 18:09:38,133: Done.
2015-03-24 18:09:40,716: 17259 Transiting planet systems generated (target 20000)
2015-03-24 18:09:41,080: 20201 Transiting planet systems generated (target 20000)
2015-03-24 18:09:41,170: Fitting trapezoid models for Planets...
2015-03-24 18:09:46,104: No eclipse registered for index 202
2015-03-24 18:09:47,862: No eclipse registered for index 272
2015-03-24 18:09:57,819: No eclipse registered for index 664
2015-03-24 18:10:02,438: No eclipse registered for index 828
2015-03-24 18:10:05,441: No eclipse registered for index 940
2015-03-24 18:10:19,426: No eclipse registered for index 1491
2015-03-24 18:10:30,969: No eclipse registered for index 1944
2015-03-24 18:10:35,483: No eclipse registered for index 2130
2015-03-24 18:10:37,808: No eclipse registered for index 2221
2015-03-24 18:10:39,891: No eclipse registered for index 2307
2015-03-24 18:10:43,534: No eclipse registered for index 2459
2015-03-24 18:10:58,622: No eclipse registered for index 3041
2015-03-24 18:10:59,384: No eclipse registered for index 3072
2015-03-24 18:10:59,409: No eclipse registered for index 3074
2015-03-24 18:11:03,092: No eclipse registered for index 3226
2015-03-24 18:11:15,583: No eclipse registered for index 3722
2015-03-24 18:11:17,292: No eclipse registered for index 3795
2015-03-24 18:11:22,088: No eclipse registered for index 4007
2015-03-24 18:11:27,030: No eclipse registered for index 4211
2015-03-24 18:11:33,235: No eclipse registered for index 4475
2015-03-24 18:11:48,074: No eclipse registered for index 5083
2015-03-24 18:11:53,792: No eclipse registered for index 5303
2015-03-24 18:11:57,790: No eclipse registered for index 5455
2015-03-24 18:12:07,649: No eclipse registered for index 5858
2015-03-24 18:12:22,675: No eclipse registered for index 6446
2015-03-24 18:12:23,549: No eclipse registered for index 6485
2015-03-24 18:12:27,289: No eclipse registered for index 6633
2015-03-24 18:12:28,405: No eclipse registered for index 6673
2015-03-24 18:12:30,224: No eclipse registered for index 6748
2015-03-24 18:12:32,260: No eclipse registered for index 6837
2015-03-24 18:12:37,699: No eclipse registered for index 7058
2015-03-24 18:12:41,967: No eclipse registered for index 7216
2015-03-24 18:12:59,609: No eclipse registered for index 7886
2015-03-24 18:13:09,636: No eclipse registered for index 8280
2015-03-24 18:13:11,765: No eclipse registered for index 8369
2015-03-24 18:13:15,482: No eclipse registered for index 8512
2015-03-24 18:13:18,694: No eclipse registered for index 8647
2015-03-24 18:13:22,799: No eclipse registered for index 8802
2015-03-24 18:13:26,830: No eclipse registered for index 8970
2015-03-24 18:13:27,362: No eclipse registered for index 8994
2015-03-24 18:13:42,022: No eclipse registered for index 9597
2015-03-24 18:13:43,937: No eclipse registered for index 9673
2015-03-24 18:13:45,701: No eclipse registered for index 9742
2015-03-24 18:14:06,003: No eclipse registered for index 10596
2015-03-24 18:14:15,299: No eclipse registered for index 11007
2015-03-24 18:14:16,628: No eclipse registered for index 11067
2015-03-24 18:14:38,454: No eclipse registered for index 11979
2015-03-24 18:14:45,904: No eclipse registered for index 12305
2015-03-24 18:14:54,691: No eclipse registered for index 12696
2015-03-24 18:15:00,074: No eclipse registered for index 12925
2015-03-24 18:15:13,171: No eclipse registered for index 13472
2015-03-24 18:15:15,963: No eclipse registered for index 13589
2015-03-24 18:15:29,918: No eclipse registered for index 14178
2015-03-24 18:15:30,505: No eclipse registered for index 14205
2015-03-24 18:15:35,763: No eclipse registered for index 14406
2015-03-24 18:15:36,679: No eclipse registered for index 14444
2015-03-24 18:15:38,881: No eclipse registered for index 14539
2015-03-24 18:15:39,305: No eclipse registered for index 14560
2015-03-24 18:15:49,477: No eclipse registered for index 14975
2015-03-24 18:15:50,258: No eclipse registered for index 15012
2015-03-24 18:16:01,750: No eclipse registered for index 15466
2015-03-24 18:16:19,670: No eclipse registered for index 16162
2015-03-24 18:16:22,729: No eclipse registered for index 16270
2015-03-24 18:16:26,152: No eclipse registered for index 16421
2015-03-24 18:16:33,613: No eclipse registered for index 16733
2015-03-24 18:16:33,856: No eclipse registered for index 16745
2015-03-24 18:16:43,085: No eclipse registered for index 17085
2015-03-24 18:16:49,982: No eclipse registered for index 17359
2015-03-24 18:17:01,487: No eclipse registered for index 17841
2015-03-24 18:17:11,653: No eclipse registered for index 18247
2015-03-24 18:17:13,320: No eclipse registered for index 18311
2015-03-24 18:17:20,394: No eclipse registered for index 18579
2015-03-24 18:17:22,199: No eclipse registered for index 18656
2015-03-24 18:17:34,664: No eclipse registered for index 19167
2015-03-24 18:17:55,847: Done.
2015-03-24 18:17:56,218: SDSS r-band cc not applied to Planets model
2015-03-24 18:20:38,678: FPP calculation successful. Results/plots written to /u/tdm/repositories/k2-characterization/fpp/fppmodels/201257461.1.
2015-03-24 23:41:41,084: Loading transit signal from /u/tdm/repositories/k2-characterization/fpp/fppmodels/201257461.1/trsig.pkl...
2015-03-24 23:41:41,795: Fitting StarModel to {'B': (12.819, 0.09), 'g': (12.241, 0.12), 'i': (11.189, 0.06), 'H': (9.479, 0.06), 'K': (9.368, 0.06), 'J': (9.994, 0.06), 'r': (11.488, 0.03), 'W3': (9.305, 0.105), 'W2': (9.367, 0.057), 'W1': (9.278, 0.066), 'V': (11.768, 0.03)}...
2015-03-24 23:43:45,427: FPP calculation failed for fppmodels/201257461.1.
Traceback (most recent call last):
  File "/u/tdm/anaconda/lib/python2.7/site-packages/VESPA-0.1.2-py2.7-linux-x86_64.egg/EGG-INFO/scripts/calcfpp", line 114, in <module>
    n=args.n)
  File "/u/tdm/anaconda/lib/python2.7/site-packages/VESPA-0.1.2-py2.7-linux-x86_64.egg/vespa/fpp.py", line 242, in from_ini
    starmodel.save_hdf(starmodel_file)
  File "/u/tdm/anaconda/lib/python2.7/site-packages/isochrones-0.7.4-py2.7.egg/isochrones/starmodel.py", line 611, in save_hdf
    self.samples.to_hdf(filename, '{}/samples'.format(path))
  File "/u/tdm/anaconda/lib/python2.7/site-packages/isochrones-0.7.4-py2.7.egg/isochrones/starmodel.py", line 486, in samples
    self._make_samples()
  File "/u/tdm/anaconda/lib/python2.7/site-packages/isochrones-0.7.4-py2.7.egg/isochrones/starmodel.py", line 441, in _make_samples
    lnprob_thresh = np.percentile(self.sampler.flatlnprobability, thresh*100)
NameError: global name 'thresh' is not defined
2015-03-26 04:47:24,081: Loading transit signal from /u/tdm/repositories/k2-characterization/fpp/fppmodels/201257461.1/trsig.pkl...
2015-03-26 04:47:24,834: Fitting StarModel to {'B': (12.819, 0.09), 'g': (12.241, 0.12), 'i': (11.189, 0.06), 'H': (9.479, 0.06), 'K': (9.368, 0.06), 'J': (9.994, 0.06), 'r': (11.488, 0.03), 'W3': (9.305, 0.105), 'W2': (9.367, 0.057), 'W1': (9.278, 0.066), 'V': (11.768, 0.03)}...
2015-03-26 04:49:17,497: StarModel fit done.
2015-03-26 04:49:41,953: Fitting TripleStarModel to {'B': (12.819, 0.05), 'g': (12.241, 0.05), 'i': (11.189, 0.05), 'H': (9.479, 0.05), 'K': (9.368, 0.05), 'J': (9.994, 0.05), 'r': (11.488, 0.05), 'W3': (9.305, 0.05), 'W2': (9.367, 0.05), 'W1': (9.278, 0.05), 'V': (11.768, 0.05), 'Kepler': (11.6386, 0.05)}...
2015-03-26 04:51:49,605: TripleStarModel fit Done.
2015-03-26 04:52:02,680: 1 binaries are "too close"; gave up trying to fix.
2015-03-26 04:52:08,073: 4474 eclipsing HEB systems generated (target 20000)
2015-03-26 04:52:08,914: 15784 eclipsing HEB systems generated (target 20000)
2015-03-26 04:52:09,338: 20996 eclipsing HEB systems generated (target 20000)
2015-03-26 04:52:09,972: Fitting trapezoid models for HEBs...
2015-03-26 04:57:48,547: Done.
2015-03-26 04:57:49,203: Fitting BinaryStarModel to {'B': (12.819, 0.05), 'g': (12.241, 0.05), 'i': (11.189, 0.05), 'H': (9.479, 0.05), 'K': (9.368, 0.05), 'J': (9.994, 0.05), 'r': (11.488, 0.05), 'W3': (9.305, 0.05), 'W2': (9.367, 0.05), 'W1': (9.278, 0.05), 'V': (11.768, 0.05), 'Kepler': (11.6386, 0.05)}...
2015-03-26 05:00:45,551: BinaryStarModel fit Done.
2015-03-26 05:01:03,171: 1097 binaries are "too close"; gave up trying to fix.
2015-03-26 05:01:03,498: 10584 Eclipsing EB systems generated (target 20000)
2015-03-26 05:01:03,669: 1099 binaries are "too close"; gave up trying to fix.
2015-03-26 05:01:04,028: 21969 Eclipsing EB systems generated (target 20000)
2015-03-26 05:01:04,397: Fitting trapezoid models for EBs...
2015-03-26 05:04:07,456: No eclipse registered for index 11504
2015-03-26 05:06:15,827: No eclipse registered for index 19698
2015-03-26 05:06:20,742: Done.
2015-03-26 05:06:21,334: Loading TRILEGAL simulation from /u/tdm/repositories/k2-characterization/fpp/fppmodels/201257461.1/starfield.h5
2015-03-26 05:06:23,891: 160 binaries are "too close"; gave up trying to fix.
2015-03-26 05:06:24,058: 2995 BEB systems generated (target 20000)
2015-03-26 05:06:24,827: 864 binaries are "too close"; gave up trying to fix.
2015-03-26 05:06:25,598: 23623 BEB systems generated (target 20000)
2015-03-26 05:06:26,416: Fitting trapezoid models for BEBs...
2015-03-26 05:11:12,611: Done.
2015-03-26 05:11:15,772: 7656 Transiting planet systems generated (target 20000)
2015-03-26 05:11:19,989: 18994 Transiting planet systems generated (target 20000)
2015-03-26 05:11:20,362: 19898 Transiting planet systems generated (target 20000)
2015-03-26 05:11:20,424: 19989 Transiting planet systems generated (target 20000)
2015-03-26 05:11:20,467: 20033 Transiting planet systems generated (target 20000)
2015-03-26 05:11:20,574: Fitting trapezoid models for Planets...
2015-03-26 05:11:24,605: No eclipse registered for index 162
2015-03-26 05:11:49,494: No eclipse registered for index 1170
2015-03-26 05:12:02,009: No eclipse registered for index 1657
2015-03-26 05:12:07,113: No eclipse registered for index 1857
2015-03-26 05:12:13,132: No eclipse registered for index 2109
2015-03-26 05:12:26,714: No eclipse registered for index 2678
2015-03-26 05:12:59,963: No eclipse registered for index 4004
2015-03-26 05:13:00,741: No eclipse registered for index 4035
2015-03-26 05:13:10,194: No eclipse registered for index 4406
2015-03-26 05:13:14,921: No eclipse registered for index 4597
2015-03-26 05:13:22,382: No eclipse registered for index 4908
2015-03-26 05:13:36,283: No eclipse registered for index 5458
2015-03-26 05:13:50,686: No eclipse registered for index 6017
2015-03-26 05:13:53,869: No eclipse registered for index 6142
2015-03-26 05:14:02,758: No eclipse registered for index 6472
2015-03-26 05:14:11,696: No eclipse registered for index 6836
2015-03-26 05:14:24,117: No eclipse registered for index 7319
2015-03-26 05:14:37,346: No eclipse registered for index 7821
2015-03-26 05:14:42,255: No eclipse registered for index 8019
2015-03-26 05:14:50,290: No eclipse registered for index 8346
2015-03-26 05:14:56,433: No eclipse registered for index 8571
2015-03-26 05:15:04,001: No eclipse registered for index 8863
2015-03-26 05:15:04,556: No eclipse registered for index 8884
2015-03-26 05:15:12,153: No eclipse registered for index 9187
2015-03-26 05:15:13,131: No eclipse registered for index 9229
2015-03-26 05:15:18,915: No eclipse registered for index 9455
2015-03-26 05:15:37,878: No eclipse registered for index 10206
2015-03-26 05:15:55,536: No eclipse registered for index 10869
2015-03-26 05:16:03,007: No eclipse registered for index 11138
2015-03-26 05:16:08,992: No eclipse registered for index 11350
2015-03-26 05:16:30,206: No eclipse registered for index 12194
2015-03-26 05:16:38,193: No eclipse registered for index 12498
2015-03-26 05:16:48,976: No eclipse registered for index 12894
2015-03-26 05:16:50,039: No eclipse registered for index 12935
2015-03-26 05:16:55,549: No eclipse registered for index 13160
2015-03-26 05:16:57,598: No eclipse registered for index 13250
2015-03-26 05:17:17,581: No eclipse registered for index 14064
2015-03-26 05:18:01,996: No eclipse registered for index 15845
2015-03-26 05:18:04,333: No eclipse registered for index 15943
2015-03-26 05:18:06,604: No eclipse registered for index 16042
2015-03-26 05:18:10,246: No eclipse registered for index 16188
2015-03-26 05:18:46,906: No eclipse registered for index 17683
2015-03-26 05:18:50,369: No eclipse registered for index 17818
2015-03-26 05:18:58,214: No eclipse registered for index 18147
2015-03-26 05:19:11,224: No eclipse registered for index 18646
2015-03-26 05:19:19,416: No eclipse registered for index 18955
2015-03-26 05:19:26,246: No eclipse registered for index 19219
2015-03-26 05:19:29,953: No eclipse registered for index 19368
2015-03-26 05:19:32,898: No eclipse registered for index 19480
2015-03-26 05:19:37,341: No eclipse registered for index 19643
2015-03-26 05:19:45,831: No eclipse registered for index 19989
2015-03-26 05:19:46,077: Done.
2015-03-26 05:19:46,444: SDSS r-band cc not applied to Planets model
2015-03-26 05:22:27,681: Making StarModel triangle plots...
2015-03-26 05:22:59,454: FPP calculation successful. Results/plots written to /u/tdm/repositories/k2-characterization/fpp/fppmodels/201257461.1.
2015-04-15 09:54:35,466: Loading transit signal from /u/tdm/repositories/k2-characterization/fpp/fppmodels/201257461.1/trsig.pkl...
2015-04-15 09:54:37,142: Starmodel loaded from /u/tdm/repositories/k2-characterization/fpp/fppmodels/201257461.1/starmodel.h5.
2015-04-15 09:54:37,830: PopulationSet loaded from /u/tdm/repositories/k2-characterization/fpp/fppmodels/201257461.1/popset.h5
2015-04-15 09:54:37,983: SDSS r-band cc not applied to Planets model
2015-04-15 09:56:39,389: total adds up to: 1.00 (BEBs)
2015-04-15 09:56:44,033: FPP calculation failed for fppmodels/201257461.1.
Traceback (most recent call last):
  File "/u/tdm/anaconda/lib/python2.7/site-packages/VESPA-0.2.1-py2.7-linux-x86_64.egg/EGG-INFO/scripts/calcfpp", line 114, in <module>
    f.FPPplots()
  File "/u/tdm/anaconda/lib/python2.7/site-packages/VESPA-0.2.1-py2.7-linux-x86_64.egg/vespa/fpp.py", line 358, in FPPplots
    self.FPPsummary(folder=folder,saveplot=True,figformat=format,tag=tag)
  File "/u/tdm/anaconda/lib/python2.7/site-packages/VESPA-0.2.1-py2.7-linux-x86_64.egg/vespa/fpp.py", line 606, in FPPsummary
    constraints += '\n  %s' % self['heb'].constraints[c]
  File "/u/tdm/anaconda/lib/python2.7/site-packages/VESPA-0.2.1-py2.7-linux-x86_64.egg/vespa/fpp.py", line 676, in __getitem__
    return self.popset[model]
  File "/u/tdm/anaconda/lib/python2.7/site-packages/VESPA-0.2.1-py2.7-linux-x86_64.egg/vespa/populations.py", line 1877, in __getitem__
    raise ValueError('%s not in modelnames: %s' % (name,self.modelnames))
ValueError: hebs not in modelnames: ['BEBs', 'Planets']
2015-05-08 14:04:09,036: single starfit successful for 201257461.1 in 4.0 minutes.
2015-05-08 14:14:47,713: binary starfit successful for 201257461.1 in 10.6 minutes.
2015-05-08 14:23:18,765: triple starfit successful for 201257461.1 in 8.5 minutes.
2015-05-08 14:28:51,457: Single StarModel loaded from /tigress/tmorton/repositories/k2-characterization/fpp/fppmodels/201257461.1/dartmouth_starmodel_single.h5
2015-05-08 14:28:51,466: BinaryStarModel loaded from /tigress/tmorton/repositories/k2-characterization/fpp/fppmodels/201257461.1/dartmouth_starmodel_binary.h5
2015-05-08 14:28:51,477: TripleStarModel loaded from /tigress/tmorton/repositories/k2-characterization/fpp/fppmodels/201257461.1/dartmouth_starmodel_triple.h5
2015-05-08 14:28:51,479: Loading transit signal from /tigress/tmorton/repositories/k2-characterization/fpp/fppmodels/201257461.1/trsig.pkl...
2015-05-08 14:28:52,029: /tigress/tmorton/repositories/k2-characterization/fpp/fppmodels/201257461.1/popset.h5 exists, but regenerating Population Set...
Traceback (most recent call last):
  File "/home/tmorton/anaconda/lib/python2.7/site-packages/VESPA-0.2.4-py2.7-linux-x86_64.egg/vespa/fpp.py", line 283, in from_ini
    popset['pl'] #should there be a better way to check this? (yes)
  File "/home/tmorton/anaconda/lib/python2.7/site-packages/VESPA-0.2.4-py2.7-linux-x86_64.egg/vespa/populations.py", line 1889, in __getitem__
    raise ValueError('%s not in modelnames: %s' % (name,self.modelnames))
ValueError: planets not in modelnames: []
2015-05-08 14:30:14,970: 6193 eclipsing HEB systems generated (target 20000)
2015-05-08 14:30:16,122: 22179 eclipsing HEB systems generated (target 20000)
2015-05-08 14:30:17,329: Fitting trapezoid models for HEBs...
2015-05-08 14:34:38,766: No eclipse registered for index 9535
2015-05-08 14:37:33,853: No eclipse registered for index 15958
2015-05-08 14:39:23,336: Done.
2015-05-08 14:40:19,172: 9395 binaries are "too close"; gave up trying to fix.
2015-05-08 14:40:19,455: 6403 Eclipsing EB systems generated (target 20000)
2015-05-08 14:40:19,886: 23696 binaries are "too close"; gave up trying to fix.
2015-05-08 14:40:20,506: 22176 Eclipsing EB systems generated (target 20000)
2015-05-08 14:40:21,340: Fitting trapezoid models for EBs...
2015-05-08 14:41:58,196: No eclipse registered for index 4105
2015-05-08 14:48:08,002: Done.
2015-05-08 14:48:09,770: Getting TRILEGAL simulation at 178.161109, -3.094936...
2015-05-08 14:48:09,998: Error accessing NED, url=http://ned.ipac.caltech.edu/cgi-bin/nph-calc?in_csys=Equatorial&in_equinox=J2000.0&obs_epoch=2010&lon=11%3A52%3A38.67&lat=%2D3%3A5%3A41.77&pa=0.0&out_csys=Equatorial&out_equinox=J2000.0
2015-05-08 14:48:09,999: Error generating BEB population.
2015-05-08 14:48:09,999: FPP calculation failed for 201257461.1.
Traceback (most recent call last):
  File "/home/tmorton/anaconda/lib/python2.7/site-packages/VESPA-0.2.4-py2.7-linux-x86_64.egg/EGG-INFO/scripts/calcfpp", line 119, in <module>
    n=args.n)
  File "/home/tmorton/anaconda/lib/python2.7/site-packages/VESPA-0.2.4-py2.7-linux-x86_64.egg/vespa/fpp.py", line 297, in from_ini
    savefile=popset_file, **kwargs)
  File "/home/tmorton/anaconda/lib/python2.7/site-packages/VESPA-0.2.4-py2.7-linux-x86_64.egg/vespa/populations.py", line 1684, in __init__
    do_only=do_only)
  File "/home/tmorton/anaconda/lib/python2.7/site-packages/VESPA-0.2.4-py2.7-linux-x86_64.egg/vespa/populations.py", line 1757, in generate
    mags=mags, MAfn=MAfn, n=n, **beb_kws)
  File "/home/tmorton/anaconda/lib/python2.7/site-packages/VESPA-0.2.4-py2.7-linux-x86_64.egg/vespa/populations.py", line 1417, in __init__
    maxrad=maxrad, f_binary=f_binary, **kwargs)
  File "/home/tmorton/anaconda/lib/python2.7/site-packages/VESPA-0.2.4-py2.7-linux-x86_64.egg/vespa/populations.py", line 1446, in generate
    maxrad=maxrad, **kwargs)
  File "/home/tmorton/anaconda/lib/python2.7/site-packages/VESPA-0.2.4-py2.7-linux-x86_64.egg/vespa/stars/populations.py", line 2454, in __init__
    get_trilegal(basefilename,ra,dec,**kwargs)
  File "/home/tmorton/anaconda/lib/python2.7/site-packages/VESPA-0.2.4-py2.7-linux-x86_64.egg/vespa/stars/trilegal.py", line 91, in get_trilegal
    filterset,maglim,outfile)
TypeError: float argument required, not NoneType
2015-05-08 16:58:49,044: Single StarModel loaded from /tigress/tmorton/repositories/k2-characterization/fpp/fppmodels/201257461.1/dartmouth_starmodel_single.h5
2015-05-08 16:58:49,114: BinaryStarModel loaded from /tigress/tmorton/repositories/k2-characterization/fpp/fppmodels/201257461.1/dartmouth_starmodel_binary.h5
2015-05-08 16:58:49,157: TripleStarModel loaded from /tigress/tmorton/repositories/k2-characterization/fpp/fppmodels/201257461.1/dartmouth_starmodel_triple.h5
2015-05-08 16:58:49,160: Loading transit signal from /tigress/tmorton/repositories/k2-characterization/fpp/fppmodels/201257461.1/trsig.pkl...
2015-05-08 16:58:52,288: /tigress/tmorton/repositories/k2-characterization/fpp/fppmodels/201257461.1/popset.h5 exists, but regenerating Population Set...
Traceback (most recent call last):
  File "/home/tmorton/anaconda/lib/python2.7/site-packages/VESPA-0.2.4-py2.7-linux-x86_64.egg/vespa/fpp.py", line 283, in from_ini
    popset['pl'] #should there be a better way to check this? (yes)
  File "/home/tmorton/anaconda/lib/python2.7/site-packages/VESPA-0.2.4-py2.7-linux-x86_64.egg/vespa/populations.py", line 1889, in __getitem__
    raise ValueError('%s not in modelnames: %s' % (name,self.modelnames))
ValueError: planets not in modelnames: ['EBs', 'HEBs']
2015-05-08 16:59:53,702: 6314 eclipsing HEB systems generated (target 20000)
2015-05-08 16:59:54,563: 22083 eclipsing HEB systems generated (target 20000)
2015-05-08 16:59:55,375: Fitting trapezoid models for HEBs...
2015-05-08 17:01:20,112: No eclipse registered for index 3263
2015-05-08 17:03:56,712: No eclipse registered for index 9336
2015-05-08 17:04:13,774: No eclipse registered for index 9997
2015-05-08 17:04:34,744: No eclipse registered for index 10800
2015-05-08 17:08:33,127: Done.
2015-05-08 17:09:01,683: 9431 binaries are "too close"; gave up trying to fix.
2015-05-08 17:09:01,972: 8973 Eclipsing EB systems generated (target 20000)
2015-05-08 17:09:02,215: 14012 binaries are "too close"; gave up trying to fix.
2015-05-08 17:09:02,551: 18271 Eclipsing EB systems generated (target 20000)
2015-05-08 17:09:02,608: 3045 binaries are "too close"; gave up trying to fix.
2015-05-08 17:09:02,733: 20350 Eclipsing EB systems generated (target 20000)
2015-05-08 17:09:03,216: Fitting trapezoid models for EBs...
2015-05-08 17:15:19,994: No eclipse registered for index 16697
2015-05-08 17:16:34,810: Done.
2015-05-08 17:16:36,426: Getting TRILEGAL simulation at 178.161109, -3.094936...
2015-05-08 17:16:36,647: Error accessing NED, url=http://ned.ipac.caltech.edu/cgi-bin/nph-calc?in_csys=Equatorial&in_equinox=J2000.0&obs_epoch=2010&lon=11%3A52%3A38.67&lat=%2D3%3A5%3A41.77&pa=0.0&out_csys=Equatorial&out_equinox=J2000.0
2015-05-08 17:16:36,648: Error generating BEB population.
2015-05-08 17:16:36,648: FPP calculation failed for 201257461.1.
Traceback (most recent call last):
  File "/home/tmorton/anaconda/lib/python2.7/site-packages/VESPA-0.2.4-py2.7-linux-x86_64.egg/EGG-INFO/scripts/calcfpp", line 119, in <module>
    n=args.n)
  File "/home/tmorton/anaconda/lib/python2.7/site-packages/VESPA-0.2.4-py2.7-linux-x86_64.egg/vespa/fpp.py", line 297, in from_ini
    savefile=popset_file, **kwargs)
  File "/home/tmorton/anaconda/lib/python2.7/site-packages/VESPA-0.2.4-py2.7-linux-x86_64.egg/vespa/populations.py", line 1684, in __init__
    do_only=do_only)
  File "/home/tmorton/anaconda/lib/python2.7/site-packages/VESPA-0.2.4-py2.7-linux-x86_64.egg/vespa/populations.py", line 1757, in generate
    mags=mags, MAfn=MAfn, n=n, **beb_kws)
  File "/home/tmorton/anaconda/lib/python2.7/site-packages/VESPA-0.2.4-py2.7-linux-x86_64.egg/vespa/populations.py", line 1417, in __init__
    maxrad=maxrad, f_binary=f_binary, **kwargs)
  File "/home/tmorton/anaconda/lib/python2.7/site-packages/VESPA-0.2.4-py2.7-linux-x86_64.egg/vespa/populations.py", line 1446, in generate
    maxrad=maxrad, **kwargs)
  File "/home/tmorton/anaconda/lib/python2.7/site-packages/VESPA-0.2.4-py2.7-linux-x86_64.egg/vespa/stars/populations.py", line 2454, in __init__
    get_trilegal(basefilename,ra,dec,**kwargs)
  File "/home/tmorton/anaconda/lib/python2.7/site-packages/VESPA-0.2.4-py2.7-linux-x86_64.egg/vespa/stars/trilegal.py", line 91, in get_trilegal
    filterset,maglim,outfile)
TypeError: float argument required, not NoneType
2015-05-08 22:28:03,344: Single StarModel loaded from /tigress/tmorton/repositories/k2-characterization/fpp/fppmodels/201257461.1/dartmouth_starmodel_single.h5
2015-05-08 22:28:03,408: BinaryStarModel loaded from /tigress/tmorton/repositories/k2-characterization/fpp/fppmodels/201257461.1/dartmouth_starmodel_binary.h5
2015-05-08 22:28:03,447: TripleStarModel loaded from /tigress/tmorton/repositories/k2-characterization/fpp/fppmodels/201257461.1/dartmouth_starmodel_triple.h5
2015-05-08 22:28:03,448: Loading transit signal from /tigress/tmorton/repositories/k2-characterization/fpp/fppmodels/201257461.1/trsig.pkl...
2015-05-08 22:28:06,660: /tigress/tmorton/repositories/k2-characterization/fpp/fppmodels/201257461.1/popset.h5 exists, but regenerating Population Set...
Traceback (most recent call last):
  File "/home/tmorton/anaconda/lib/python2.7/site-packages/VESPA-0.2.4-py2.7-linux-x86_64.egg/vespa/fpp.py", line 283, in from_ini
    popset['pl'] #should there be a better way to check this? (yes)
  File "/home/tmorton/anaconda/lib/python2.7/site-packages/VESPA-0.2.4-py2.7-linux-x86_64.egg/vespa/populations.py", line 1889, in __getitem__
    raise ValueError('%s not in modelnames: %s' % (name,self.modelnames))
ValueError: planets not in modelnames: ['EBs', 'HEBs']
2015-05-08 22:29:11,665: 6243 eclipsing HEB systems generated (target 20000)
2015-05-08 22:29:12,578: 22099 eclipsing HEB systems generated (target 20000)
2015-05-08 22:29:13,412: Fitting trapezoid models for HEBs...
2015-05-08 22:33:18,036: No eclipse registered for index 9428
2015-05-08 22:35:30,817: No eclipse registered for index 14534
2015-05-08 22:37:53,175: Done.
2015-05-08 22:38:23,560: 9558 binaries are "too close"; gave up trying to fix.
2015-05-08 22:38:23,808: 6327 Eclipsing EB systems generated (target 20000)
2015-05-08 22:38:24,216: 23539 binaries are "too close"; gave up trying to fix.
2015-05-08 22:38:24,763: 22340 Eclipsing EB systems generated (target 20000)
2015-05-08 22:38:25,259: Fitting trapezoid models for EBs...
2015-05-08 22:42:48,746: No eclipse registered for index 11529
2015-05-08 22:45:23,058: No eclipse registered for index 18292
2015-05-08 22:46:02,106: Done.
2015-05-08 22:46:03,854: Loading TRILEGAL simulation from /tigress/tmorton/repositories/k2-characterization/fpp/fppmodels/201257461.1/starfield.h5
2015-05-08 22:46:06,383: 128 binaries are "too close"; gave up trying to fix.
2015-05-08 22:46:06,583: 3788 BEB systems generated (target 20000)
2015-05-08 22:46:07,176: 686 binaries are "too close"; gave up trying to fix.
2015-05-08 22:46:07,807: 18604 BEB systems generated (target 20000)
2015-05-08 22:46:07,868: 79 binaries are "too close"; gave up trying to fix.
2015-05-08 22:46:08,007: 20781 BEB systems generated (target 20000)
2015-05-08 22:46:08,101: Fitting trapezoid models for BEBs...
2015-05-08 22:46:10,274: No eclipse registered for index 60
2015-05-08 22:50:38,910: No eclipse registered for index 7910
2015-05-08 22:52:47,672: No eclipse registered for index 11679
2015-05-08 22:57:31,384: Done.
2015-05-08 22:57:31,742: 17516 binaries are "too close"; gave up trying to fix.
2015-05-08 22:57:31,833: 1862 Transiting planet systems generated (target 20000)
2015-05-08 22:57:32,204: 43656 binaries are "too close"; gave up trying to fix.
2015-05-08 22:57:32,406: 6568 Transiting planet systems generated (target 20000)
2015-05-08 22:57:32,743: 43689 binaries are "too close"; gave up trying to fix.
2015-05-08 22:57:32,934: 11274 Transiting planet systems generated (target 20000)
2015-05-08 22:57:33,255: 43611 binaries are "too close"; gave up trying to fix.
2015-05-08 22:57:33,452: 16079 Transiting planet systems generated (target 20000)
2015-05-08 22:57:33,735: 36661 binaries are "too close"; gave up trying to fix.
2015-05-08 22:57:33,914: 20183 Transiting planet systems generated (target 20000)
2015-05-08 22:57:33,990: Fitting trapezoid models for Planets...
2015-05-08 22:58:59,650: No eclipse registered for index 4916
2015-05-08 23:03:22,175: Done.
2015-05-08 23:03:22,427: SDSS r-band cc not applied to Planets model
2015-05-08 23:04:54,394: Making StarModel triangle plots...
2015-05-08 23:05:29,920: Making StarModel triangle plots...
2015-05-08 23:06:05,785: Making StarModel triangle plots...
2015-05-08 23:06:44,364: FPP calculation successful. Results/plots written to /tigress/tmorton/repositories/k2-characterization/fpp/fppmodels/201257461.1.
2015-05-09 00:12:19,575: single starfit calculation failed for 201257461.1.
Traceback (most recent call last):
  File "/home/tmorton/anaconda/lib/python2.7/site-packages/isochrones-0.8.4-py2.7.egg/EGG-INFO/scripts/starfit", line 114, in <module>
    verbose=args.verbose)
  File "/home/tmorton/anaconda/lib/python2.7/site-packages/isochrones-0.8.4-py2.7.egg/isochrones/starmodel.py", line 422, in fit
    self.fit_multinest(**kwargs)
  File "/home/tmorton/anaconda/lib/python2.7/site-packages/isochrones-0.8.4-py2.7.egg/isochrones/starmodel.py", line 442, in fit_multinest
    if len(v)==2:
TypeError: object of type 'float' has no len()
2015-05-09 00:12:19,609: binary starfit calculation failed for 201257461.1.
Traceback (most recent call last):
  File "/home/tmorton/anaconda/lib/python2.7/site-packages/isochrones-0.8.4-py2.7.egg/EGG-INFO/scripts/starfit", line 114, in <module>
    verbose=args.verbose)
  File "/home/tmorton/anaconda/lib/python2.7/site-packages/isochrones-0.8.4-py2.7.egg/isochrones/starmodel.py", line 422, in fit
    self.fit_multinest(**kwargs)
  File "/home/tmorton/anaconda/lib/python2.7/site-packages/isochrones-0.8.4-py2.7.egg/isochrones/starmodel.py", line 1161, in fit_multinest
    super(BinaryStarModel, self).fit_multinest(basename=basename, **kwargs)
  File "/home/tmorton/anaconda/lib/python2.7/site-packages/isochrones-0.8.4-py2.7.egg/isochrones/starmodel.py", line 442, in fit_multinest
    if len(v)==2:
TypeError: object of type 'float' has no len()
2015-05-09 00:12:19,629: triple starfit calculation failed for 201257461.1.
Traceback (most recent call last):
  File "/home/tmorton/anaconda/lib/python2.7/site-packages/isochrones-0.8.4-py2.7.egg/EGG-INFO/scripts/starfit", line 114, in <module>
    verbose=args.verbose)
  File "/home/tmorton/anaconda/lib/python2.7/site-packages/isochrones-0.8.4-py2.7.egg/isochrones/starmodel.py", line 422, in fit
    self.fit_multinest(**kwargs)
  File "/home/tmorton/anaconda/lib/python2.7/site-packages/isochrones-0.8.4-py2.7.egg/isochrones/starmodel.py", line 1526, in fit_multinest
    super(TripleStarModel, self).fit_multinest(basename=basename, **kwargs)
  File "/home/tmorton/anaconda/lib/python2.7/site-packages/isochrones-0.8.4-py2.7.egg/isochrones/starmodel.py", line 442, in fit_multinest
    if len(v)==2:
TypeError: object of type 'float' has no len()
2015-05-09 00:29:04,455: single starfit successful for 201257461.1 in 0.7 minutes.
2015-05-09 00:29:45,109: binary starfit successful for 201257461.1 in 0.7 minutes.
2015-05-09 00:30:27,141: triple starfit successful for 201257461.1 in 0.7 minutes.
2015-05-11 13:04:32,117: single starfit calculation failed for 201257461.1.
Traceback (most recent call last):
  File "/home/tmorton/anaconda/lib/python2.7/site-packages/isochrones-0.8.4-py2.7.egg/EGG-INFO/scripts/starfit", line 114, in <module>
    verbose=args.verbose)
  File "/home/tmorton/anaconda/lib/python2.7/site-packages/isochrones-0.8.4-py2.7.egg/isochrones/starmodel.py", line 422, in fit
    self.fit_multinest(**kwargs)
  File "/home/tmorton/anaconda/lib/python2.7/site-packages/isochrones-0.8.4-py2.7.egg/isochrones/starmodel.py", line 453, in fit_multinest
    'Use overwrite=True to fit.')
ValueError: Properties not same as saved chains (basename 201257461.1/chains/single-*). Use overwrite=True to fit.
2015-05-11 13:04:32,137: binary starfit calculation failed for 201257461.1.
Traceback (most recent call last):
  File "/home/tmorton/anaconda/lib/python2.7/site-packages/isochrones-0.8.4-py2.7.egg/EGG-INFO/scripts/starfit", line 114, in <module>
    verbose=args.verbose)
  File "/home/tmorton/anaconda/lib/python2.7/site-packages/isochrones-0.8.4-py2.7.egg/isochrones/starmodel.py", line 422, in fit
    self.fit_multinest(**kwargs)
  File "/home/tmorton/anaconda/lib/python2.7/site-packages/isochrones-0.8.4-py2.7.egg/isochrones/starmodel.py", line 1161, in fit_multinest
    super(BinaryStarModel, self).fit_multinest(basename=basename, **kwargs)
  File "/home/tmorton/anaconda/lib/python2.7/site-packages/isochrones-0.8.4-py2.7.egg/isochrones/starmodel.py", line 453, in fit_multinest
    'Use overwrite=True to fit.')
ValueError: Properties not same as saved chains (basename 201257461.1/chains/binary-*). Use overwrite=True to fit.
2015-05-11 13:04:32,160: triple starfit calculation failed for 201257461.1.
Traceback (most recent call last):
  File "/home/tmorton/anaconda/lib/python2.7/site-packages/isochrones-0.8.4-py2.7.egg/EGG-INFO/scripts/starfit", line 114, in <module>
    verbose=args.verbose)
  File "/home/tmorton/anaconda/lib/python2.7/site-packages/isochrones-0.8.4-py2.7.egg/isochrones/starmodel.py", line 422, in fit
    self.fit_multinest(**kwargs)
  File "/home/tmorton/anaconda/lib/python2.7/site-packages/isochrones-0.8.4-py2.7.egg/isochrones/starmodel.py", line 1526, in fit_multinest
    super(TripleStarModel, self).fit_multinest(basename=basename, **kwargs)
  File "/home/tmorton/anaconda/lib/python2.7/site-packages/isochrones-0.8.4-py2.7.egg/isochrones/starmodel.py", line 453, in fit_multinest
    'Use overwrite=True to fit.')
ValueError: Properties not same as saved chains (basename 201257461.1/chains/triple-*). Use overwrite=True to fit.
2015-05-11 13:14:20,584: single starfit successful for 201257461.1 in 4.8 minutes.
2015-05-11 13:24:16,810: binary starfit successful for 201257461.1 in 9.9 minutes.
2015-05-11 13:33:20,734: triple starfit successful for 201257461.1 in 9.1 minutes.
2015-05-11 14:43:44,369: single starfit successful for 201257461.1 in 4.2 minutes.
2015-05-11 14:55:38,163: binary starfit successful for 201257461.1 in 11.9 minutes.
2015-05-11 15:05:39,867: triple starfit successful for 201257461.1 in 10.0 minutes.
2015-05-11 15:19:30,542: single starfit successful for 201257461.1 in 5.0 minutes.
2015-05-11 15:31:54,970: binary starfit successful for 201257461.1 in 12.4 minutes.
2015-05-11 15:39:55,515: triple starfit successful for 201257461.1 in 8.0 minutes.
2015-05-11 15:53:38,704: single starfit successful for 201257461.1 in 5.1 minutes.
2015-05-11 16:03:18,418: binary starfit successful for 201257461.1 in 9.7 minutes.
2015-05-11 16:10:51,218: triple starfit successful for 201257461.1 in 7.5 minutes.
2015-05-12 14:40:12,194: Single StarModel loaded from /tigress/tmorton/repositories/k2-characterization/fpp/fppmodels/201257461.1/dartmouth_starmodel_single.h5
2015-05-12 14:40:12,258: BinaryStarModel loaded from /tigress/tmorton/repositories/k2-characterization/fpp/fppmodels/201257461.1/dartmouth_starmodel_binary.h5
2015-05-12 14:40:12,295: TripleStarModel loaded from /tigress/tmorton/repositories/k2-characterization/fpp/fppmodels/201257461.1/dartmouth_starmodel_triple.h5
2015-05-12 14:40:12,297: Loading transit signal from /tigress/tmorton/repositories/k2-characterization/fpp/fppmodels/201257461.1/trsig.pkl...
2015-05-12 14:40:12,883: /tigress/tmorton/repositories/k2-characterization/fpp/fppmodels/201257461.1/popset.h5 exists, but regenerating Population Set...
Traceback (most recent call last):
  File "/home/tmorton/anaconda/lib/python2.7/site-packages/VESPA-0.2.4-py2.7-linux-x86_64.egg/vespa/fpp.py", line 281, in from_ini
    raise RuntimeError #just to get to except block
RuntimeError
2015-05-12 14:40:56,133: 17973 eclipsing HEB systems generated (target 20000)
2015-05-12 14:40:56,277: 20477 eclipsing HEB systems generated (target 20000)
2015-05-12 14:40:57,085: Fitting trapezoid models for HEBs...
2015-05-12 14:43:41,194: No eclipse registered for index 6159
2015-05-12 14:49:51,370: Done.
2015-05-12 14:50:25,645: 14306 Eclipsing EB systems generated (target 20000)
2015-05-12 14:50:26,253: 21137 Eclipsing EB systems generated (target 20000)
2015-05-12 14:50:26,837: Fitting trapezoid models for EBs...
2015-05-12 14:56:55,235: Done.
2015-05-12 14:56:56,847: Loading TRILEGAL simulation from /tigress/tmorton/repositories/k2-characterization/fpp/fppmodels/201257461.1/starfield.h5
2015-05-12 14:56:59,480: 138 binaries are "too close"; gave up trying to fix.
2015-05-12 14:56:59,670: 3075 BEB systems generated (target 20000)
2015-05-12 14:57:00,540: 803 binaries are "too close"; gave up trying to fix.
2015-05-12 14:57:01,391: 23564 BEB systems generated (target 20000)
2015-05-12 14:57:01,489: Fitting trapezoid models for BEBs...
2015-05-12 15:00:15,751: No eclipse registered for index 5693
2015-05-12 15:03:42,399: No eclipse registered for index 11676
2015-05-12 15:08:25,735: No eclipse registered for index 19895
2015-05-12 15:08:29,412: Done.
2015-05-12 15:08:31,951: 15587 Transiting planet systems generated (target 20000)
2015-05-12 15:08:32,632: 20286 Transiting planet systems generated (target 20000)
2015-05-12 15:08:32,700: Fitting trapezoid models for Planets...
2015-05-12 15:08:40,980: No eclipse registered for index 364
2015-05-12 15:08:49,377: No eclipse registered for index 736
2015-05-12 15:08:56,154: No eclipse registered for index 1034
2015-05-12 15:09:10,350: No eclipse registered for index 1656
2015-05-12 15:09:19,064: No eclipse registered for index 2045
2015-05-12 15:09:44,006: No eclipse registered for index 3162
2015-05-12 15:09:49,585: No eclipse registered for index 3411
2015-05-12 15:10:05,028: No eclipse registered for index 4102
2015-05-12 15:10:07,118: No eclipse registered for index 4195
2015-05-12 15:10:35,148: No eclipse registered for index 5438
2015-05-12 15:10:38,116: No eclipse registered for index 5571
2015-05-12 15:10:39,961: No eclipse registered for index 5653
2015-05-12 15:10:45,388: No eclipse registered for index 5898
2015-05-12 15:10:47,201: No eclipse registered for index 5980
2015-05-12 15:10:56,752: No eclipse registered for index 6410
2015-05-12 15:10:57,957: No eclipse registered for index 6465
2015-05-12 15:11:01,656: No eclipse registered for index 6629
2015-05-12 15:11:02,925: No eclipse registered for index 6687
2015-05-12 15:11:12,179: No eclipse registered for index 7103
2015-05-12 15:11:32,222: No eclipse registered for index 8000
2015-05-12 15:11:39,760: No eclipse registered for index 8333
2015-05-12 15:11:49,668: No eclipse registered for index 8776
2015-05-12 15:11:52,843: No eclipse registered for index 8919
2015-05-12 15:11:56,218: No eclipse registered for index 9069
2015-05-12 15:12:00,425: No eclipse registered for index 9260
2015-05-12 15:12:14,581: No eclipse registered for index 9893
2015-05-12 15:12:16,719: No eclipse registered for index 9989
2015-05-12 15:12:21,518: No eclipse registered for index 10205
2015-05-12 15:12:24,539: No eclipse registered for index 10343
2015-05-12 15:12:25,212: No eclipse registered for index 10374
2015-05-12 15:12:26,421: No eclipse registered for index 10429
2015-05-12 15:12:35,488: No eclipse registered for index 10833
2015-05-12 15:12:43,539: No eclipse registered for index 11192
2015-05-12 15:12:43,669: No eclipse registered for index 11199
2015-05-12 15:12:47,839: No eclipse registered for index 11385
2015-05-12 15:12:57,474: No eclipse registered for index 11818
2015-05-12 15:13:01,700: No eclipse registered for index 12009
2015-05-12 15:13:12,121: No eclipse registered for index 12477
2015-05-12 15:13:18,969: No eclipse registered for index 12782
2015-05-12 15:13:20,571: No eclipse registered for index 12855
2015-05-12 15:13:28,778: No eclipse registered for index 13223
2015-05-12 15:13:43,487: No eclipse registered for index 13883
2015-05-12 15:14:02,446: No eclipse registered for index 14720
2015-05-12 15:14:05,199: No eclipse registered for index 14844
2015-05-12 15:14:07,108: No eclipse registered for index 14931
2015-05-12 15:14:09,549: No eclipse registered for index 15040
2015-05-12 15:14:09,909: No eclipse registered for index 15056
2015-05-12 15:14:16,172: No eclipse registered for index 15335
2015-05-12 15:14:24,897: No eclipse registered for index 15724
2015-05-12 15:14:41,460: No eclipse registered for index 16460
2015-05-12 15:14:53,916: No eclipse registered for index 17018
2015-05-12 15:14:54,244: No eclipse registered for index 17033
2015-05-12 15:15:02,952: No eclipse registered for index 17421
2015-05-12 15:15:04,539: No eclipse registered for index 17493
2015-05-12 15:15:12,528: No eclipse registered for index 17850
2015-05-12 15:15:12,662: No eclipse registered for index 17857
2015-05-12 15:15:18,107: No eclipse registered for index 18101
2015-05-12 15:15:24,223: No eclipse registered for index 18374
2015-05-12 15:15:32,923: No eclipse registered for index 18762
2015-05-12 15:15:33,239: No eclipse registered for index 18777
2015-05-12 15:15:37,141: No eclipse registered for index 18951
2015-05-12 15:15:41,499: No eclipse registered for index 19146
2015-05-12 15:15:52,816: No eclipse registered for index 19655
2015-05-12 15:15:58,628: No eclipse registered for index 19914
2015-05-12 15:16:00,531: Done.
2015-05-12 15:16:00,777: SDSS r-band cc not applied to Planets model
2015-05-12 15:17:44,142: total adds up to: 1.00 (BEBs)
2015-05-12 15:17:51,802: FPP calculation successful. Results/plots written to /tigress/tmorton/repositories/k2-characterization/fpp/fppmodels/201257461.1.
2015-05-12 16:20:51,571: Single StarModel loaded from /tigress/tmorton/repositories/k2-characterization/fpp/fppmodels/201257461.1/dartmouth_starmodel_single.h5
2015-05-12 16:20:51,626: BinaryStarModel loaded from /tigress/tmorton/repositories/k2-characterization/fpp/fppmodels/201257461.1/dartmouth_starmodel_binary.h5
2015-05-12 16:20:51,664: TripleStarModel loaded from /tigress/tmorton/repositories/k2-characterization/fpp/fppmodels/201257461.1/dartmouth_starmodel_triple.h5
2015-05-12 16:20:51,665: Loading transit signal from /tigress/tmorton/repositories/k2-characterization/fpp/fppmodels/201257461.1/trsig.pkl...
2015-05-12 16:20:52,242: /tigress/tmorton/repositories/k2-characterization/fpp/fppmodels/201257461.1/popset.h5 exists, but regenerating Population Set...
Traceback (most recent call last):
  File "/home/tmorton/anaconda/lib/python2.7/site-packages/VESPA-0.2.4-py2.7-linux-x86_64.egg/vespa/fpp.py", line 281, in from_ini
    raise RuntimeError #just to get to except block
RuntimeError
2015-05-12 16:21:35,153: 17956 eclipsing HEB systems generated (target 20000)
2015-05-12 16:21:35,299: 20530 eclipsing HEB systems generated (target 20000)
2015-05-12 16:21:36,068: Fitting trapezoid models for HEBs...
2015-05-12 16:30:28,550: Done.
2015-05-12 16:30:58,827: 14202 Eclipsing EB systems generated (target 20000)
2015-05-12 16:30:59,375: 21212 Eclipsing EB systems generated (target 20000)
2015-05-12 16:30:59,870: Fitting trapezoid models for EBs...
2015-05-12 16:31:24,069: No eclipse registered for index 1257
2015-05-12 16:35:46,701: No eclipse registered for index 14692
2015-05-12 16:37:16,693: No eclipse registered for index 19286
2015-05-12 16:37:30,525: Done.
2015-05-12 16:37:32,149: Loading TRILEGAL simulation from /tigress/tmorton/repositories/k2-characterization/fpp/fppmodels/201257461.1/starfield.h5
2015-05-12 16:37:34,303: 147 binaries are "too close"; gave up trying to fix.
2015-05-12 16:37:34,465: 3075 BEB systems generated (target 20000)
2015-05-12 16:37:35,343: 764 binaries are "too close"; gave up trying to fix.
2015-05-12 16:37:36,183: 23221 BEB systems generated (target 20000)
2015-05-12 16:37:36,277: Fitting trapezoid models for BEBs...
2015-05-12 16:44:57,207: No eclipse registered for index 12961
2015-05-12 16:46:44,118: No eclipse registered for index 16094
2015-05-12 16:47:23,940: No eclipse registered for index 17264
2015-05-12 16:48:56,566: Done.
2015-05-12 16:48:58,824: 15621 Transiting planet systems generated (target 20000)
2015-05-12 16:48:59,406: 20221 Transiting planet systems generated (target 20000)
2015-05-12 16:48:59,468: Fitting trapezoid models for Planets...
2015-05-12 16:49:04,927: No eclipse registered for index 241
2015-05-12 16:49:07,412: No eclipse registered for index 351
2015-05-12 16:49:27,593: No eclipse registered for index 1238
2015-05-12 16:49:33,021: No eclipse registered for index 1480
2015-05-12 16:50:04,432: No eclipse registered for index 2865
2015-05-12 16:50:11,043: No eclipse registered for index 3160
2015-05-12 16:50:12,492: No eclipse registered for index 3223
2015-05-12 16:50:30,657: No eclipse registered for index 4024
2015-05-12 16:50:40,617: No eclipse registered for index 4467
2015-05-12 16:50:42,011: No eclipse registered for index 4528
2015-05-12 16:50:43,702: No eclipse registered for index 4604
2015-05-12 16:50:50,161: No eclipse registered for index 4891
2015-05-12 16:50:56,474: No eclipse registered for index 5168
2015-05-12 16:51:21,712: No eclipse registered for index 6283
2015-05-12 16:51:25,255: No eclipse registered for index 6441
2015-05-12 16:51:39,664: No eclipse registered for index 7077
2015-05-12 16:51:45,430: No eclipse registered for index 7330
2015-05-12 16:51:47,582: No eclipse registered for index 7426
2015-05-12 16:52:01,712: No eclipse registered for index 8052
2015-05-12 16:52:03,916: No eclipse registered for index 8151
2015-05-12 16:52:06,413: No eclipse registered for index 8262
2015-05-12 16:52:16,739: No eclipse registered for index 8719
2015-05-12 16:52:18,990: No eclipse registered for index 8821
2015-05-12 16:52:21,614: No eclipse registered for index 8939
2015-05-12 16:52:21,815: No eclipse registered for index 8949
2015-05-12 16:52:23,252: No eclipse registered for index 9012
2015-05-12 16:52:33,505: No eclipse registered for index 9467
2015-05-12 16:52:41,944: No eclipse registered for index 9838
2015-05-12 16:52:51,762: No eclipse registered for index 10270
2015-05-12 16:52:57,676: No eclipse registered for index 10529
2015-05-12 16:52:59,462: No eclipse registered for index 10609
2015-05-12 16:53:06,300: No eclipse registered for index 10912
2015-05-12 16:53:09,859: No eclipse registered for index 11071
2015-05-12 16:53:10,179: No eclipse registered for index 11086
2015-05-12 16:53:10,512: No eclipse registered for index 11102
2015-05-12 16:53:12,423: No eclipse registered for index 11188
2015-05-12 16:53:16,639: No eclipse registered for index 11374
2015-05-12 16:53:32,316: No eclipse registered for index 12065
2015-05-12 16:53:34,653: No eclipse registered for index 12169
2015-05-12 16:53:44,737: No eclipse registered for index 12617
2015-05-12 16:53:58,154: No eclipse registered for index 13206
2015-05-12 16:54:07,137: No eclipse registered for index 13601
2015-05-12 16:54:11,720: No eclipse registered for index 13804
2015-05-12 16:54:31,834: No eclipse registered for index 14689
2015-05-12 16:54:38,708: No eclipse registered for index 14993
2015-05-12 16:54:44,376: No eclipse registered for index 15248
2015-05-12 16:54:45,904: No eclipse registered for index 15317
2015-05-12 16:55:00,429: No eclipse registered for index 15959
2015-05-12 16:55:13,782: No eclipse registered for index 16546
2015-05-12 16:55:31,809: No eclipse registered for index 17344
2015-05-12 16:55:34,689: No eclipse registered for index 17472
2015-05-12 16:55:36,292: No eclipse registered for index 17543
2015-05-12 16:55:44,486: No eclipse registered for index 17906
2015-05-12 16:55:49,584: No eclipse registered for index 18131
2015-05-12 16:56:06,267: No eclipse registered for index 18869
2015-05-12 16:56:14,116: No eclipse registered for index 19214
2015-05-12 16:56:14,519: No eclipse registered for index 19233
2015-05-12 16:56:19,611: No eclipse registered for index 19461
2015-05-12 16:56:23,304: No eclipse registered for index 19626
2015-05-12 16:56:25,206: No eclipse registered for index 19710
2015-05-12 16:56:25,599: No eclipse registered for index 19728
2015-05-12 16:56:31,564: No eclipse registered for index 19989
2015-05-12 16:56:31,787: Done.
2015-05-12 16:56:32,064: SDSS r-band cc not applied to Planets model
2015-05-12 16:58:22,832: FPP calculation successful. Results/plots written to /tigress/tmorton/repositories/k2-characterization/fpp/fppmodels/201257461.1.
