2015-03-24 18:19:21,879: Loading transit signal from /u/tdm/repositories/k2-characterization/fpp/fppmodels/201393098.1/trsig.pkl...
2015-03-24 18:19:24,475: Starmodel loaded from /u/tdm/repositories/k2-characterization/fpp/fppmodels/201393098.1/starmodel.h5.
2015-03-24 18:19:54,762: Loading TRILEGAL simulation from /u/tdm/repositories/k2-characterization/fpp/fppmodels/201393098.1/starfield.h5
2015-03-24 18:19:57,109: 0 M1s are nan
2015-03-24 18:19:57,110: 26 M2s are nan
2015-03-24 18:19:57,110: 0 R1s are nan
2015-03-24 18:19:57,110: 26 R2s are nan
2015-03-24 18:19:57,183: 174 binaries are "too close"; gave up trying to fix.
2015-03-24 18:20:02,188: 2338 BEB systems generated (target 20000)
2015-03-24 18:20:02,401: 0 M1s are nan
2015-03-24 18:20:02,402: 252 M2s are nan
2015-03-24 18:20:02,402: 0 R1s are nan
2015-03-24 18:20:02,403: 252 R2s are nan
2015-03-24 18:20:03,173: 1413 binaries are "too close"; gave up trying to fix.
2015-03-24 18:20:04,074: 23287 BEB systems generated (target 20000)
2015-03-24 18:20:04,164: Fitting trapezoid models for BEBs...
2015-03-24 18:21:02,253: No eclipse registered for index 3983
2015-03-24 18:21:04,091: No eclipse registered for index 4116
2015-03-24 18:21:29,745: No eclipse registered for index 5965
2015-03-24 18:22:01,457: No eclipse registered for index 8146
2015-03-24 18:23:32,371: No eclipse registered for index 14156
2015-03-24 18:24:59,592: Done.
2015-03-24 18:25:08,456: 1334 systems simulated to match provided colors (target 20000).
2015-03-24 18:26:59,654: 21274 systems simulated to match provided colors (target 20000).
2015-03-24 18:27:01,093: {} eclipsing HEB systems generated (target 5794)
2015-03-24 18:27:15,222: 3393 systems simulated to match provided colors (target 50000).
2015-03-24 18:28:54,673: 23284 systems simulated to match provided colors (target 50000).
2015-03-24 18:30:38,539: 43623 systems simulated to match provided colors (target 50000).
2015-03-24 18:31:15,097: 51252 systems simulated to match provided colors (target 50000).
2015-03-24 18:31:18,222: {} eclipsing HEB systems generated (target 19101)
2015-03-24 18:31:19,616: 301 systems simulated to match provided colors (target 4053).
2015-03-24 18:31:38,190: 4282 systems simulated to match provided colors (target 4053).
2015-03-24 18:31:38,644: {} eclipsing HEB systems generated (target 20318)
2015-03-24 18:31:39,628: Fitting trapezoid models for HEBs...
2015-03-24 18:36:32,400: No eclipse registered for index 18528
2015-03-24 18:36:56,693: Done.
2015-03-24 18:37:03,797: 1378 systems simulated to match provided colors (target 20000).
2015-03-24 18:38:18,475: 22366 systems simulated to match provided colors (target 20000).
2015-03-24 18:38:19,766: 7462 Eclipsing EB systems generated (target 20000)
2015-03-24 18:38:30,461: 2880 systems simulated to match provided colors (target 40325).
2015-03-24 18:39:44,983: 23814 systems simulated to match provided colors (target 40325).
2015-03-24 18:40:59,478: 43696 systems simulated to match provided colors (target 40325).
2015-03-24 18:41:01,639: 21160 Eclipsing EB systems generated (target 20000)
2015-03-24 18:41:02,199: Fitting trapezoid models for EBs...
2015-03-24 18:46:29,947: Done.
2015-03-24 18:46:33,527: 16807 Transiting planet systems generated (target 20000)
2015-03-24 18:46:34,159: 20163 Transiting planet systems generated (target 20000)
2015-03-24 18:46:34,263: Fitting trapezoid models for Planets...
2015-03-24 18:46:39,834: No eclipse registered for index 230
2015-03-24 18:46:45,646: No eclipse registered for index 462
2015-03-24 18:46:53,615: No eclipse registered for index 766
2015-03-24 18:46:54,105: No eclipse registered for index 788
2015-03-24 18:46:56,579: No eclipse registered for index 888
2015-03-24 18:46:56,870: No eclipse registered for index 902
2015-03-24 18:47:08,954: No eclipse registered for index 1415
2015-03-24 18:47:11,921: No eclipse registered for index 1532
2015-03-24 18:47:14,759: No eclipse registered for index 1649
2015-03-24 18:47:21,034: No eclipse registered for index 1887
2015-03-24 18:47:26,848: No eclipse registered for index 2123
2015-03-24 18:47:36,428: No eclipse registered for index 2522
2015-03-24 18:47:37,369: No eclipse registered for index 2562
2015-03-24 18:47:38,268: No eclipse registered for index 2599
2015-03-24 18:47:40,557: No eclipse registered for index 2705
2015-03-24 18:47:41,064: No eclipse registered for index 2729
2015-03-24 18:47:44,905: No eclipse registered for index 2889
2015-03-24 18:47:47,729: No eclipse registered for index 3001
2015-03-24 18:47:50,203: No eclipse registered for index 3108
2015-03-24 18:47:53,120: No eclipse registered for index 3223
2015-03-24 18:47:57,457: No eclipse registered for index 3389
2015-03-24 18:48:02,495: No eclipse registered for index 3584
2015-03-24 18:48:03,996: No eclipse registered for index 3645
2015-03-24 18:48:05,790: No eclipse registered for index 3724
2015-03-24 18:48:08,057: No eclipse registered for index 3813
2015-03-24 18:48:19,863: No eclipse registered for index 4257
2015-03-24 18:48:27,238: No eclipse registered for index 4546
2015-03-24 18:48:29,564: No eclipse registered for index 4637
2015-03-24 18:48:38,076: No eclipse registered for index 4975
2015-03-24 18:48:45,429: No eclipse registered for index 5269
2015-03-24 18:48:50,432: No eclipse registered for index 5464
2015-03-24 18:49:01,235: No eclipse registered for index 5876
2015-03-24 18:49:01,948: No eclipse registered for index 5906
2015-03-24 18:49:02,376: No eclipse registered for index 5924
2015-03-24 18:49:06,453: No eclipse registered for index 6077
2015-03-24 18:49:11,169: No eclipse registered for index 6254
2015-03-24 18:49:26,819: No eclipse registered for index 6851
2015-03-24 18:49:30,089: No eclipse registered for index 6978
2015-03-24 18:49:36,870: No eclipse registered for index 7244
2015-03-24 18:49:38,933: No eclipse registered for index 7317
2015-03-24 18:49:48,894: No eclipse registered for index 7694
2015-03-24 18:49:49,379: No eclipse registered for index 7712
2015-03-24 18:49:54,022: No eclipse registered for index 7907
2015-03-24 18:49:54,138: No eclipse registered for index 7913
2015-03-24 18:49:54,650: No eclipse registered for index 7934
2015-03-24 18:50:00,877: No eclipse registered for index 8184
2015-03-24 18:50:17,593: No eclipse registered for index 8808
2015-03-24 18:50:22,096: No eclipse registered for index 8987
2015-03-24 18:50:25,785: No eclipse registered for index 9143
2015-03-24 18:50:41,555: No eclipse registered for index 9784
2015-03-24 18:50:50,467: No eclipse registered for index 10142
2015-03-24 18:50:51,567: No eclipse registered for index 10183
2015-03-24 18:51:06,627: No eclipse registered for index 10792
2015-03-24 18:51:10,326: No eclipse registered for index 10944
2015-03-24 18:51:12,234: No eclipse registered for index 11026
2015-03-24 18:51:21,002: No eclipse registered for index 11394
2015-03-24 18:51:25,198: No eclipse registered for index 11559
2015-03-24 18:51:28,301: No eclipse registered for index 11692
2015-03-24 18:51:28,454: No eclipse registered for index 11699
2015-03-24 18:51:29,551: No eclipse registered for index 11740
2015-03-24 18:51:35,145: No eclipse registered for index 11961
2015-03-24 18:51:38,542: No eclipse registered for index 12097
2015-03-24 18:51:44,033: No eclipse registered for index 12325
2015-03-24 18:51:49,913: No eclipse registered for index 12562
2015-03-24 18:51:53,622: No eclipse registered for index 12698
2015-03-24 18:51:55,309: No eclipse registered for index 12763
2015-03-24 18:51:57,204: No eclipse registered for index 12839
2015-03-24 18:52:12,830: No eclipse registered for index 13490
2015-03-24 18:52:21,928: No eclipse registered for index 13872
2015-03-24 18:52:40,927: No eclipse registered for index 14608
2015-03-24 18:52:53,142: No eclipse registered for index 15086
2015-03-24 18:52:55,924: No eclipse registered for index 15199
2015-03-24 18:52:56,372: No eclipse registered for index 15220
2015-03-24 18:53:03,055: No eclipse registered for index 15497
2015-03-24 18:53:13,389: No eclipse registered for index 15909
2015-03-24 18:53:22,654: No eclipse registered for index 16286
2015-03-24 18:53:24,643: No eclipse registered for index 16369
2015-03-24 18:53:37,312: No eclipse registered for index 16868
2015-03-24 18:53:40,224: No eclipse registered for index 16989
2015-03-24 18:53:49,071: No eclipse registered for index 17325
2015-03-24 18:54:02,653: No eclipse registered for index 17860
2015-03-24 18:54:06,835: No eclipse registered for index 18024
2015-03-24 18:54:10,486: No eclipse registered for index 18162
2015-03-24 18:54:37,707: No eclipse registered for index 19232
2015-03-24 18:54:52,738: No eclipse registered for index 19815
2015-03-24 18:54:57,334: Done.
2015-03-24 18:54:57,690: SDSS r-band cc not applied to Planets model
2015-03-24 18:57:34,098: FPP calculation successful. Results/plots written to /u/tdm/repositories/k2-characterization/fpp/fppmodels/201393098.1.
2015-03-24 23:44:12,261: Loading transit signal from /u/tdm/repositories/k2-characterization/fpp/fppmodels/201393098.1/trsig.pkl...
2015-03-24 23:44:12,890: Fitting StarModel to {'B': (13.902, 0.12), 'g': (13.545, 0.18), 'i': (12.845, 0.15), 'H': (11.628, 0.06), 'K': (11.564, 0.06), 'J': (11.952, 0.06), 'r': (13.024, 0.12), 'W3': (11.609, 0.618), 'W2': (11.569, 0.069), 'W1': (11.519, 0.066), 'V': (13.213, 0.09)}...
2015-03-24 23:46:34,018: FPP calculation failed for fppmodels/201393098.1.
Traceback (most recent call last):
  File "/u/tdm/anaconda/lib/python2.7/site-packages/VESPA-0.1.2-py2.7-linux-x86_64.egg/EGG-INFO/scripts/calcfpp", line 114, in <module>
    n=args.n)
  File "/u/tdm/anaconda/lib/python2.7/site-packages/VESPA-0.1.2-py2.7-linux-x86_64.egg/vespa/fpp.py", line 242, in from_ini
    starmodel.save_hdf(starmodel_file)
  File "/u/tdm/anaconda/lib/python2.7/site-packages/isochrones-0.7.4-py2.7.egg/isochrones/starmodel.py", line 611, in save_hdf
    self.samples.to_hdf(filename, '{}/samples'.format(path))
  File "/u/tdm/anaconda/lib/python2.7/site-packages/isochrones-0.7.4-py2.7.egg/isochrones/starmodel.py", line 486, in samples
    self._make_samples()
  File "/u/tdm/anaconda/lib/python2.7/site-packages/isochrones-0.7.4-py2.7.egg/isochrones/starmodel.py", line 441, in _make_samples
    lnprob_thresh = np.percentile(self.sampler.flatlnprobability, thresh*100)
NameError: global name 'thresh' is not defined
2015-03-26 05:26:15,265: Loading transit signal from /u/tdm/repositories/k2-characterization/fpp/fppmodels/201393098.1/trsig.pkl...
2015-03-26 05:26:15,936: Fitting StarModel to {'B': (13.902, 0.12), 'g': (13.545, 0.18), 'i': (12.845, 0.15), 'H': (11.628, 0.06), 'K': (11.564, 0.06), 'J': (11.952, 0.06), 'r': (13.024, 0.12), 'W3': (11.609, 0.618), 'W2': (11.569, 0.069), 'W1': (11.519, 0.066), 'V': (13.213, 0.09)}...
2015-03-26 05:28:18,787: StarModel fit done.
2015-03-26 05:28:48,675: Fitting TripleStarModel to {'B': (13.902, 0.05), 'g': (13.545, 0.05), 'i': (12.845, 0.05), 'H': (11.628, 0.05), 'K': (11.564, 0.05), 'J': (11.952, 0.05), 'r': (13.024, 0.05), 'W3': (11.609, 0.05), 'W2': (11.569, 0.05), 'W1': (11.519, 0.05), 'V': (13.213, 0.05), 'Kepler': (13.1282, 0.05)}...
2015-03-26 05:30:29,340: TripleStarModel fit Done.
2015-03-26 05:30:44,882: 15485 eclipsing HEB systems generated (target 20000)
2015-03-26 05:30:45,197: 20834 eclipsing HEB systems generated (target 20000)
2015-03-26 05:30:45,804: Fitting trapezoid models for HEBs...
2015-03-26 05:32:51,908: No eclipse registered for index 8464
2015-03-26 05:35:52,189: Done.
2015-03-26 05:35:52,900: Fitting BinaryStarModel to {'B': (13.902, 0.05), 'g': (13.545, 0.05), 'i': (12.845, 0.05), 'H': (11.628, 0.05), 'K': (11.564, 0.05), 'J': (11.952, 0.05), 'r': (13.024, 0.05), 'W3': (11.609, 0.05), 'W2': (11.569, 0.05), 'W1': (11.519, 0.05), 'V': (13.213, 0.05), 'Kepler': (13.1282, 0.05)}...
2015-03-26 05:39:25,582: BinaryStarModel fit Done.
2015-03-26 05:39:41,281: 855 binaries are "too close"; gave up trying to fix.
2015-03-26 05:39:41,714: 14419 Eclipsing EB systems generated (target 20000)
2015-03-26 05:39:41,774: 403 binaries are "too close"; gave up trying to fix.
2015-03-26 05:39:42,030: 21131 Eclipsing EB systems generated (target 20000)
2015-03-26 05:39:42,654: Fitting trapezoid models for EBs...
2015-03-26 05:44:03,734: No eclipse registered for index 15601
2015-03-26 05:45:15,061: Done.
2015-03-26 05:45:15,711: Loading TRILEGAL simulation from /u/tdm/repositories/k2-characterization/fpp/fppmodels/201393098.1/starfield.h5
2015-03-26 05:45:18,562: 157 binaries are "too close"; gave up trying to fix.
2015-03-26 05:45:18,720: 3718 BEB systems generated (target 20000)
2015-03-26 05:45:19,420: 818 binaries are "too close"; gave up trying to fix.
2015-03-26 05:45:19,986: 16346 BEB systems generated (target 20000)
2015-03-26 05:45:20,239: 311 binaries are "too close"; gave up trying to fix.
2015-03-26 05:45:20,494: 20630 BEB systems generated (target 20000)
2015-03-26 05:45:21,322: Fitting trapezoid models for BEBs...
2015-03-26 05:50:16,188: Done.
2015-03-26 05:50:20,889: 13501 Transiting planet systems generated (target 20000)
2015-03-26 05:50:23,156: 19902 Transiting planet systems generated (target 20000)
2015-03-26 05:50:23,237: 20012 Transiting planet systems generated (target 20000)
2015-03-26 05:50:23,309: Fitting trapezoid models for Planets...
2015-03-26 05:50:26,211: No eclipse registered for index 122
2015-03-26 05:50:33,703: No eclipse registered for index 419
2015-03-26 05:50:55,062: No eclipse registered for index 1203
2015-03-26 05:51:08,322: No eclipse registered for index 1721
2015-03-26 05:51:17,071: No eclipse registered for index 2055
2015-03-26 05:51:18,272: No eclipse registered for index 2099
2015-03-26 05:51:21,510: No eclipse registered for index 2223
2015-03-26 05:51:41,179: No eclipse registered for index 2983
2015-03-26 05:51:42,743: No eclipse registered for index 3040
2015-03-26 05:51:47,322: No eclipse registered for index 3210
2015-03-26 05:51:48,853: No eclipse registered for index 3268
2015-03-26 05:51:52,385: No eclipse registered for index 3391
2015-03-26 05:51:52,985: No eclipse registered for index 3413
2015-03-26 05:52:05,410: No eclipse registered for index 3902
2015-03-26 05:52:10,858: No eclipse registered for index 4122
2015-03-26 05:52:20,133: No eclipse registered for index 4486
2015-03-26 05:52:59,450: No eclipse registered for index 6003
2015-03-26 05:53:02,967: No eclipse registered for index 6148
2015-03-26 05:53:04,572: No eclipse registered for index 6211
2015-03-26 05:53:04,939: No eclipse registered for index 6227
2015-03-26 05:53:07,319: No eclipse registered for index 6321
2015-03-26 05:53:12,227: No eclipse registered for index 6506
2015-03-26 05:53:13,251: No eclipse registered for index 6551
2015-03-26 05:53:16,782: No eclipse registered for index 6701
2015-03-26 05:53:21,555: No eclipse registered for index 6878
2015-03-26 05:53:27,440: No eclipse registered for index 7119
2015-03-26 05:53:32,206: No eclipse registered for index 7308
2015-03-26 05:53:36,817: No eclipse registered for index 7466
2015-03-26 05:53:45,075: No eclipse registered for index 7778
2015-03-26 05:53:52,514: No eclipse registered for index 8059
2015-03-26 05:53:53,344: No eclipse registered for index 8085
2015-03-26 05:54:13,982: No eclipse registered for index 8859
2015-03-26 05:54:20,030: No eclipse registered for index 9110
2015-03-26 05:54:37,486: No eclipse registered for index 9796
2015-03-26 05:55:06,909: No eclipse registered for index 10930
2015-03-26 05:55:07,152: No eclipse registered for index 10940
2015-03-26 05:55:11,290: No eclipse registered for index 11106
2015-03-26 05:55:23,488: No eclipse registered for index 11565
2015-03-26 05:55:25,582: No eclipse registered for index 11635
2015-03-26 05:55:26,137: No eclipse registered for index 11654
2015-03-26 05:55:26,210: No eclipse registered for index 11658
2015-03-26 05:55:29,592: No eclipse registered for index 11795
2015-03-26 05:55:44,125: No eclipse registered for index 12353
2015-03-26 05:55:45,130: No eclipse registered for index 12397
2015-03-26 05:55:45,662: No eclipse registered for index 12421
2015-03-26 05:55:46,547: No eclipse registered for index 12458
2015-03-26 05:55:48,360: No eclipse registered for index 12534
2015-03-26 05:55:56,753: No eclipse registered for index 12882
2015-03-26 05:56:02,456: No eclipse registered for index 13089
2015-03-26 05:56:21,930: No eclipse registered for index 13887
2015-03-26 05:56:44,832: No eclipse registered for index 14827
2015-03-26 05:56:45,526: No eclipse registered for index 14855
2015-03-26 05:56:48,191: No eclipse registered for index 14963
2015-03-26 05:56:50,891: No eclipse registered for index 15068
2015-03-26 05:56:52,617: No eclipse registered for index 15135
2015-03-26 05:57:00,992: No eclipse registered for index 15450
2015-03-26 05:57:04,434: No eclipse registered for index 15587
2015-03-26 05:57:39,177: No eclipse registered for index 16957
2015-03-26 05:57:47,069: No eclipse registered for index 17254
2015-03-26 05:57:48,316: No eclipse registered for index 17309
2015-03-26 05:57:48,664: No eclipse registered for index 17326
2015-03-26 05:57:56,169: No eclipse registered for index 17610
2015-03-26 05:57:59,663: No eclipse registered for index 17747
2015-03-26 05:58:08,986: No eclipse registered for index 18120
2015-03-26 05:58:12,238: No eclipse registered for index 18241
2015-03-26 05:58:19,770: No eclipse registered for index 18527
2015-03-26 05:58:20,799: No eclipse registered for index 18573
2015-03-26 05:58:44,495: No eclipse registered for index 19467
2015-03-26 05:58:51,779: No eclipse registered for index 19752
2015-03-26 05:58:51,986: No eclipse registered for index 19763
2015-03-26 05:58:57,899: Done.
2015-03-26 05:58:58,296: SDSS r-band cc not applied to Planets model
2015-03-26 06:01:36,418: Making StarModel triangle plots...
2015-03-26 06:02:07,817: FPP calculation successful. Results/plots written to /u/tdm/repositories/k2-characterization/fpp/fppmodels/201393098.1.
