2015-03-24 17:11:18,883: Loading transit signal from /u/tdm/repositories/k2-characterization/fpp/fppmodels/201465501.1/trsig.pkl...
2015-03-24 17:11:21,469: Starmodel loaded from /u/tdm/repositories/k2-characterization/fpp/fppmodels/201465501.1/starmodel.h5.
2015-03-24 17:11:49,514: Loading TRILEGAL simulation from /u/tdm/repositories/k2-characterization/fpp/fppmodels/201465501.1/starfield.h5
2015-03-24 17:11:55,498: 0 M1s are nan
2015-03-24 17:11:55,499: 15 M2s are nan
2015-03-24 17:11:55,499: 0 R1s are nan
2015-03-24 17:11:55,500: 15 R2s are nan
2015-03-24 17:11:55,583: 151 binaries are "too close"; gave up trying to fix.
2015-03-24 17:12:00,824: 2068 BEB systems generated (target 20000)
2015-03-24 17:12:01,086: 0 M1s are nan
2015-03-24 17:12:01,087: 128 M2s are nan
2015-03-24 17:12:01,087: 0 R1s are nan
2015-03-24 17:12:01,088: 128 R2s are nan
2015-03-24 17:12:02,166: 1480 binaries are "too close"; gave up trying to fix.
2015-03-24 17:12:03,188: 23744 BEB systems generated (target 20000)
2015-03-24 17:12:03,271: Fitting trapezoid models for BEBs...
2015-03-24 17:12:58,269: No eclipse registered for index 3822
2015-03-24 17:13:43,683: No eclipse registered for index 6790
2015-03-24 17:13:46,297: No eclipse registered for index 6972
2015-03-24 17:15:17,449: No eclipse registered for index 13197
2015-03-24 17:15:26,996: No eclipse registered for index 13888
2015-03-24 17:15:28,472: No eclipse registered for index 13999
2015-03-24 17:15:44,014: No eclipse registered for index 14987
2015-03-24 17:15:47,704: No eclipse registered for index 15248
2015-03-24 17:16:09,089: No eclipse registered for index 16643
2015-03-24 17:17:00,514: Done.
2015-03-24 17:17:07,336: Error generating HEB population.
2015-03-24 17:17:07,336: FPP calculation failed for fppmodels/201465501.1.
Traceback (most recent call last):
  File "/u/tdm/anaconda/lib/python2.7/site-packages/VESPA-0.1.2-py2.7-linux-x86_64.egg/EGG-INFO/scripts/calcfpp", line 114, in <module>
    n=args.n)
  File "/u/tdm/anaconda/lib/python2.7/site-packages/VESPA-0.1.2-py2.7-linux-x86_64.egg/vespa/fpp.py", line 258, in from_ini
    savefile=popset_file, **kwargs)
  File "/u/tdm/anaconda/lib/python2.7/site-packages/VESPA-0.1.2-py2.7-linux-x86_64.egg/vespa/populations.py", line 1752, in __init__
    do_only=do_only)
  File "/u/tdm/anaconda/lib/python2.7/site-packages/VESPA-0.1.2-py2.7-linux-x86_64.egg/vespa/populations.py", line 1807, in generate
    mags=mags, MAfn=MAfn, n=n, **heb_kws)
  File "/u/tdm/anaconda/lib/python2.7/site-packages/VESPA-0.1.2-py2.7-linux-x86_64.egg/vespa/populations.py", line 1267, in __init__
    **kwargs)
  File "/u/tdm/anaconda/lib/python2.7/site-packages/VESPA-0.1.2-py2.7-linux-x86_64.egg/vespa/populations.py", line 1327, in generate
    n=n_adapt, **pop_kwargs)
  File "/u/tdm/anaconda/lib/python2.7/site-packages/VESPA-0.1.2-py2.7-linux-x86_64.egg/vespa/stars/populations.py", line 1807, in __init__
    **kwargs)
  File "/u/tdm/anaconda/lib/python2.7/site-packages/VESPA-0.1.2-py2.7-linux-x86_64.egg/vespa/stars/populations.py", line 1920, in generate
    raise PoorColorsError('Generating population with low efficiency ({:.3f}), so aborting.  Consider dropping color constraints.'.format(efficiency))
PoorColorsError: Generating population with low efficiency (0.003), so aborting.  Consider dropping color constraints.
2015-03-24 23:39:25,490: Loading transit signal from /u/tdm/repositories/k2-characterization/fpp/fppmodels/201465501.1/trsig.pkl...
2015-03-24 23:39:26,155: Fitting StarModel to {'B': (0.0, 3e+30), 'g': (16.725, 0.06), 'i': (14.35, 0.45), 'H': (11.71, 0.06), 'K': (11.495, 0.06), 'J': (12.451, 0.06), 'r': (15.18, 0.09), 'W3': (11.354, 0.579), 'W2': (11.214, 0.063), 'W1': (11.348, 0.066), 'V': (0.0, 3e+50)}...
2015-03-24 23:42:05,475: FPP calculation failed for fppmodels/201465501.1.
Traceback (most recent call last):
  File "/u/tdm/anaconda/lib/python2.7/site-packages/VESPA-0.1.2-py2.7-linux-x86_64.egg/EGG-INFO/scripts/calcfpp", line 114, in <module>
    n=args.n)
  File "/u/tdm/anaconda/lib/python2.7/site-packages/VESPA-0.1.2-py2.7-linux-x86_64.egg/vespa/fpp.py", line 242, in from_ini
    starmodel.save_hdf(starmodel_file)
  File "/u/tdm/anaconda/lib/python2.7/site-packages/isochrones-0.7.4-py2.7.egg/isochrones/starmodel.py", line 611, in save_hdf
    self.samples.to_hdf(filename, '{}/samples'.format(path))
  File "/u/tdm/anaconda/lib/python2.7/site-packages/isochrones-0.7.4-py2.7.egg/isochrones/starmodel.py", line 486, in samples
    self._make_samples()
  File "/u/tdm/anaconda/lib/python2.7/site-packages/isochrones-0.7.4-py2.7.egg/isochrones/starmodel.py", line 441, in _make_samples
    lnprob_thresh = np.percentile(self.sampler.flatlnprobability, thresh*100)
NameError: global name 'thresh' is not defined
2015-03-26 04:11:57,886: Loading transit signal from /u/tdm/repositories/k2-characterization/fpp/fppmodels/201465501.1/trsig.pkl...
2015-03-26 04:11:58,638: Fitting StarModel to {'B': (0.0, 3e+30), 'g': (16.725, 0.06), 'i': (14.35, 0.45), 'H': (11.71, 0.06), 'K': (11.495, 0.06), 'J': (12.451, 0.06), 'r': (15.18, 0.09), 'W3': (11.354, 0.579), 'W2': (11.214, 0.063), 'W1': (11.348, 0.066), 'V': (0.0, 3e+50)}...
2015-03-26 04:14:44,467: StarModel fit done.
2015-03-26 04:15:10,463: Fitting TripleStarModel to {'B': (0.0, 0.05), 'g': (16.725, 0.05), 'i': (14.35, 0.05), 'H': (11.71, 0.05), 'K': (11.495, 0.05), 'J': (12.451, 0.05), 'r': (15.18, 0.05), 'W3': (11.354, 0.05), 'W2': (11.214, 0.05), 'W1': (11.348, 0.05), 'V': (0.0, 0.05), 'Kepler': (15.3345, 0.05)}...
2015-03-26 04:17:51,820: TripleStarModel fit Done.
2015-03-26 04:18:07,400: 14192 eclipsing HEB systems generated (target 20000)
2015-03-26 04:18:07,667: 21112 eclipsing HEB systems generated (target 20000)
2015-03-26 04:18:08,513: Fitting trapezoid models for HEBs...
2015-03-26 04:23:25,828: Done.
2015-03-26 04:23:26,436: Fitting BinaryStarModel to {'B': (0.0, 0.05), 'g': (16.725, 0.05), 'i': (14.35, 0.05), 'H': (11.71, 0.05), 'K': (11.495, 0.05), 'J': (12.451, 0.05), 'r': (15.18, 0.05), 'W3': (11.354, 0.05), 'W2': (11.214, 0.05), 'W1': (11.348, 0.05), 'V': (0.0, 0.05), 'Kepler': (15.3345, 0.05)}...
2015-03-26 04:26:37,418: BinaryStarModel fit Done.
2015-03-26 04:26:46,083: 3293 binaries are "too close"; gave up trying to fix.
2015-03-26 04:26:46,481: 14623 Eclipsing EB systems generated (target 20000)
2015-03-26 04:26:46,541: 1397 binaries are "too close"; gave up trying to fix.
2015-03-26 04:26:46,753: 21101 Eclipsing EB systems generated (target 20000)
2015-03-26 04:26:47,219: Fitting trapezoid models for EBs...
2015-03-26 04:33:00,005: No eclipse registered for index 19498
2015-03-26 04:33:09,387: Done.
2015-03-26 04:33:09,884: Loading TRILEGAL simulation from /u/tdm/repositories/k2-characterization/fpp/fppmodels/201465501.1/starfield.h5
2015-03-26 04:33:11,986: 145 binaries are "too close"; gave up trying to fix.
2015-03-26 04:33:12,113: 2401 BEB systems generated (target 20000)
2015-03-26 04:33:13,097: 1259 binaries are "too close"; gave up trying to fix.
2015-03-26 04:33:13,833: 23327 BEB systems generated (target 20000)
2015-03-26 04:33:13,911: Fitting trapezoid models for BEBs...
2015-03-26 04:33:33,850: No eclipse registered for index 1325
2015-03-26 04:37:59,451: Done.
2015-03-26 04:38:00,316: 17255 Transiting planet systems generated (target 20000)
2015-03-26 04:38:00,419: 20308 Transiting planet systems generated (target 20000)
2015-03-26 04:38:00,525: Fitting trapezoid models for Planets...
2015-03-26 04:38:00,687: No eclipse registered for index 6
2015-03-26 04:38:06,718: No eclipse registered for index 262
2015-03-26 04:38:15,503: No eclipse registered for index 619
2015-03-26 04:38:28,335: No eclipse registered for index 1184
2015-03-26 04:38:38,050: No eclipse registered for index 1598
2015-03-26 04:38:46,274: No eclipse registered for index 1934
2015-03-26 04:38:50,171: No eclipse registered for index 2093
2015-03-26 04:38:51,525: No eclipse registered for index 2155
2015-03-26 04:38:55,258: No eclipse registered for index 2303
2015-03-26 04:38:56,306: No eclipse registered for index 2349
2015-03-26 04:39:08,508: No eclipse registered for index 2883
2015-03-26 04:39:10,667: No eclipse registered for index 2974
2015-03-26 04:39:16,157: No eclipse registered for index 3218
2015-03-26 04:39:21,318: No eclipse registered for index 3444
2015-03-26 04:39:28,864: No eclipse registered for index 3765
2015-03-26 04:39:29,241: No eclipse registered for index 3781
2015-03-26 04:39:35,532: No eclipse registered for index 4050
2015-03-26 04:39:49,070: No eclipse registered for index 4618
2015-03-26 04:39:53,539: No eclipse registered for index 4803
2015-03-26 04:39:58,671: No eclipse registered for index 5023
2015-03-26 04:40:04,788: No eclipse registered for index 5252
2015-03-26 04:40:16,198: No eclipse registered for index 5727
2015-03-26 04:40:27,919: No eclipse registered for index 6235
2015-03-26 04:40:32,806: No eclipse registered for index 6446
2015-03-26 04:40:56,833: No eclipse registered for index 7449
2015-03-26 04:40:59,598: No eclipse registered for index 7578
2015-03-26 04:41:08,571: No eclipse registered for index 7970
2015-03-26 04:41:12,681: No eclipse registered for index 8154
2015-03-26 04:41:13,116: No eclipse registered for index 8174
2015-03-26 04:41:22,579: No eclipse registered for index 8539
2015-03-26 04:41:34,917: No eclipse registered for index 9046
2015-03-26 04:41:42,098: No eclipse registered for index 9333
2015-03-26 04:42:00,348: No eclipse registered for index 10153
2015-03-26 04:42:00,814: No eclipse registered for index 10175
2015-03-26 04:42:05,081: No eclipse registered for index 10384
2015-03-26 04:42:07,551: No eclipse registered for index 10507
2015-03-26 04:42:07,977: No eclipse registered for index 10527
2015-03-26 04:42:15,007: No eclipse registered for index 10829
2015-03-26 04:42:22,766: No eclipse registered for index 11172
2015-03-26 04:42:36,903: No eclipse registered for index 11766
2015-03-26 04:42:39,979: No eclipse registered for index 11887
2015-03-26 04:42:45,843: No eclipse registered for index 12145
2015-03-26 04:42:47,100: No eclipse registered for index 12196
2015-03-26 04:43:02,146: No eclipse registered for index 12851
2015-03-26 04:43:09,779: No eclipse registered for index 13180
2015-03-26 04:43:09,855: No eclipse registered for index 13185
2015-03-26 04:43:13,970: No eclipse registered for index 13366
2015-03-26 04:43:28,568: No eclipse registered for index 13983
2015-03-26 04:43:43,006: No eclipse registered for index 14570
2015-03-26 04:43:46,348: No eclipse registered for index 14733
2015-03-26 04:43:51,996: No eclipse registered for index 14997
2015-03-26 04:43:54,786: No eclipse registered for index 15130
2015-03-26 04:43:58,406: No eclipse registered for index 15305
2015-03-26 04:44:03,418: No eclipse registered for index 15537
2015-03-26 04:44:03,515: No eclipse registered for index 15543
2015-03-26 04:44:12,349: No eclipse registered for index 15966
2015-03-26 04:44:17,495: No eclipse registered for index 16202
2015-03-26 04:44:25,159: No eclipse registered for index 16528
2015-03-26 04:44:41,972: No eclipse registered for index 17216
2015-03-26 04:44:57,316: No eclipse registered for index 17876
2015-03-26 04:44:57,955: No eclipse registered for index 17906
2015-03-26 04:45:05,871: No eclipse registered for index 18242
2015-03-26 04:45:06,002: No eclipse registered for index 18249
2015-03-26 04:45:13,020: No eclipse registered for index 18529
2015-03-26 04:45:14,711: No eclipse registered for index 18602
2015-03-26 04:45:17,228: No eclipse registered for index 18702
2015-03-26 04:45:24,067: No eclipse registered for index 18984
2015-03-26 04:45:35,441: No eclipse registered for index 19475
2015-03-26 04:45:47,472: Done.
2015-03-26 04:45:47,840: SDSS r-band cc not applied to Planets model
2015-03-26 04:48:22,784: Making StarModel triangle plots...
2015-03-26 04:48:54,225: FPP calculation successful. Results/plots written to /u/tdm/repositories/k2-characterization/fpp/fppmodels/201465501.1.
