2015-03-24 19:51:53,571: Loading transit signal from /u/tdm/repositories/k2-characterization/fpp/fppmodels/201736247.1/trsig.pkl...
2015-03-24 19:51:56,630: Starmodel loaded from /u/tdm/repositories/k2-characterization/fpp/fppmodels/201736247.1/starmodel.h5.
2015-03-24 19:52:27,955: Loading TRILEGAL simulation from /u/tdm/repositories/k2-characterization/fpp/fppmodels/201736247.1/starfield.h5
2015-03-24 19:52:29,997: 0 M1s are nan
2015-03-24 19:52:29,997: 17 M2s are nan
2015-03-24 19:52:29,997: 0 R1s are nan
2015-03-24 19:52:29,997: 17 R2s are nan
2015-03-24 19:52:30,069: 186 binaries are "too close"; gave up trying to fix.
2015-03-24 19:52:35,733: 2933 BEB systems generated (target 20000)
2015-03-24 19:52:35,914: 0 M1s are nan
2015-03-24 19:52:35,914: 153 M2s are nan
2015-03-24 19:52:35,914: 0 R1s are nan
2015-03-24 19:52:35,915: 153 R2s are nan
2015-03-24 19:52:36,454: 1309 binaries are "too close"; gave up trying to fix.
2015-03-24 19:52:37,266: 23837 BEB systems generated (target 20000)
2015-03-24 19:52:37,358: Fitting trapezoid models for BEBs...
2015-03-24 19:53:33,406: No eclipse registered for index 3777
2015-03-24 19:55:32,188: No eclipse registered for index 11939
2015-03-24 19:57:31,117: Done.
2015-03-24 19:57:38,941: 2410 systems simulated to match provided colors (target 20000).
2015-03-24 19:58:43,500: 23737 systems simulated to match provided colors (target 20000).
2015-03-24 19:58:44,730: 28 binaries are "too close"; gave up trying to fix.
2015-03-24 19:58:44,857: {} eclipsing HEB systems generated (target 2054)
2015-03-24 19:59:01,278: 6187 systems simulated to match provided colors (target 50000).
2015-03-24 20:00:50,303: 42727 systems simulated to match provided colors (target 50000).
2015-03-24 20:01:15,162: 51518 systems simulated to match provided colors (target 50000).
2015-03-24 20:01:18,234: 97 binaries are "too close"; gave up trying to fix.
2015-03-24 20:01:18,457: {} eclipsing HEB systems generated (target 7060)
2015-03-24 20:01:37,368: 6117 systems simulated to match provided colors (target 50000).
2015-03-24 20:03:18,276: 43096 systems simulated to match provided colors (target 50000).
2015-03-24 20:03:40,208: 51354 systems simulated to match provided colors (target 50000).
2015-03-24 20:03:42,848: 94 binaries are "too close"; gave up trying to fix.
2015-03-24 20:03:43,122: {} eclipsing HEB systems generated (target 12101)
2015-03-24 20:03:58,833: 5958 systems simulated to match provided colors (target 50000).
2015-03-24 20:05:27,279: 42461 systems simulated to match provided colors (target 50000).
2015-03-24 20:05:52,608: 51603 systems simulated to match provided colors (target 50000).
2015-03-24 20:05:54,948: 88 binaries are "too close"; gave up trying to fix.
2015-03-24 20:05:55,230: {} eclipsing HEB systems generated (target 17115)
2015-03-24 20:06:05,708: 4227 systems simulated to match provided colors (target 34523).
2015-03-24 20:07:27,872: 40738 systems simulated to match provided colors (target 34523).
2015-03-24 20:07:29,729: 73 binaries are "too close"; gave up trying to fix.
2015-03-24 20:07:29,906: {} eclipsing HEB systems generated (target 20460)
2015-03-24 20:07:30,851: Fitting trapezoid models for HEBs...
2015-03-24 20:08:19,362: No eclipse registered for index 3403
2015-03-24 20:11:48,359: No eclipse registered for index 17349
2015-03-24 20:12:26,680: Done.
2015-03-24 20:12:33,474: 2537 systems simulated to match provided colors (target 20000).
2015-03-24 20:13:26,088: 23423 systems simulated to match provided colors (target 20000).
2015-03-24 20:13:27,182: 88 binaries are "too close"; gave up trying to fix.
2015-03-24 20:13:27,403: 2324 Eclipsing EB systems generated (target 20000)
2015-03-24 20:13:41,780: 6313 systems simulated to match provided colors (target 50000).
2015-03-24 20:15:07,240: 44123 systems simulated to match provided colors (target 50000).
2015-03-24 20:15:21,709: 51164 systems simulated to match provided colors (target 50000).
2015-03-24 20:15:23,836: 226 binaries are "too close"; gave up trying to fix.
2015-03-24 20:15:24,116: 8168 Eclipsing EB systems generated (target 20000)
2015-03-24 20:15:36,415: 6319 systems simulated to match provided colors (target 50000).
2015-03-24 20:16:47,537: 44161 systems simulated to match provided colors (target 50000).
2015-03-24 20:17:00,216: 51230 systems simulated to match provided colors (target 50000).
2015-03-24 20:17:01,917: 155 binaries are "too close"; gave up trying to fix.
2015-03-24 20:17:02,194: 13954 Eclipsing EB systems generated (target 20000)
2015-03-24 20:17:14,484: 6331 systems simulated to match provided colors (target 50000).
2015-03-24 20:18:30,060: 44426 systems simulated to match provided colors (target 50000).
2015-03-24 20:18:44,507: 51135 systems simulated to match provided colors (target 50000).
2015-03-24 20:18:46,685: 220 binaries are "too close"; gave up trying to fix.
2015-03-24 20:18:47,001: 19787 Eclipsing EB systems generated (target 20000)
2015-03-24 20:18:47,741: 270 systems simulated to match provided colors (target 2190).
2015-03-24 20:18:52,249: 2682 systems simulated to match provided colors (target 2190).
2015-03-24 20:18:52,486: 17 binaries are "too close"; gave up trying to fix.
2015-03-24 20:18:52,572: 20086 Eclipsing EB systems generated (target 20000)
2015-03-24 20:18:53,173: Fitting trapezoid models for EBs...
2015-03-24 20:19:40,149: No eclipse registered for index 3044
2015-03-24 20:22:36,710: No eclipse registered for index 14530
2015-03-24 20:24:05,489: Done.
2015-03-24 20:24:07,853: 17882 Transiting planet systems generated (target 20000)
2015-03-24 20:24:08,118: 20222 Transiting planet systems generated (target 20000)
2015-03-24 20:24:08,202: Fitting trapezoid models for Planets...
2015-03-24 20:24:10,558: No eclipse registered for index 90
2015-03-24 20:24:12,442: No eclipse registered for index 161
2015-03-24 20:24:17,472: No eclipse registered for index 392
2015-03-24 20:24:17,549: No eclipse registered for index 396
2015-03-24 20:24:28,213: No eclipse registered for index 837
2015-03-24 20:24:31,056: No eclipse registered for index 951
2015-03-24 20:24:33,820: No eclipse registered for index 1067
2015-03-24 20:24:37,887: No eclipse registered for index 1243
2015-03-24 20:25:04,673: No eclipse registered for index 2376
2015-03-24 20:25:08,054: No eclipse registered for index 2516
2015-03-24 20:25:11,656: No eclipse registered for index 2667
2015-03-24 20:25:33,553: No eclipse registered for index 3608
2015-03-24 20:25:37,089: No eclipse registered for index 3760
2015-03-24 20:25:38,407: No eclipse registered for index 3819
2015-03-24 20:25:38,575: No eclipse registered for index 3827
2015-03-24 20:25:46,339: No eclipse registered for index 4147
2015-03-24 20:25:55,914: No eclipse registered for index 4544
2015-03-24 20:25:59,914: No eclipse registered for index 4723
2015-03-24 20:26:04,904: No eclipse registered for index 4927
2015-03-24 20:26:09,665: No eclipse registered for index 5121
2015-03-24 20:26:17,778: No eclipse registered for index 5456
2015-03-24 20:26:18,207: No eclipse registered for index 5477
2015-03-24 20:26:32,768: No eclipse registered for index 6080
2015-03-24 20:26:39,383: No eclipse registered for index 6377
2015-03-24 20:26:46,499: No eclipse registered for index 6678
2015-03-24 20:26:46,849: No eclipse registered for index 6693
2015-03-24 20:26:47,231: No eclipse registered for index 6708
2015-03-24 20:26:53,684: No eclipse registered for index 6981
2015-03-24 20:27:23,749: No eclipse registered for index 8218
2015-03-24 20:27:38,494: No eclipse registered for index 8834
2015-03-24 20:27:49,099: No eclipse registered for index 9310
2015-03-24 20:27:51,133: No eclipse registered for index 9405
2015-03-24 20:27:53,235: No eclipse registered for index 9503
2015-03-24 20:27:55,467: No eclipse registered for index 9605
2015-03-24 20:27:58,610: No eclipse registered for index 9751
2015-03-24 20:28:22,492: No eclipse registered for index 10781
2015-03-24 20:28:23,034: No eclipse registered for index 10806
2015-03-24 20:28:25,509: No eclipse registered for index 10903
2015-03-24 20:28:27,431: No eclipse registered for index 10979
2015-03-24 20:28:27,577: No eclipse registered for index 10987
2015-03-24 20:28:28,278: No eclipse registered for index 11017
2015-03-24 20:28:38,632: No eclipse registered for index 11444
2015-03-24 20:28:39,795: No eclipse registered for index 11495
2015-03-24 20:28:40,749: No eclipse registered for index 11536
2015-03-24 20:28:41,692: No eclipse registered for index 11569
2015-03-24 20:28:43,008: No eclipse registered for index 11629
2015-03-24 20:28:43,597: No eclipse registered for index 11654
2015-03-24 20:28:51,348: No eclipse registered for index 11994
2015-03-24 20:28:52,667: No eclipse registered for index 12053
2015-03-24 20:28:58,525: No eclipse registered for index 12286
2015-03-24 20:29:05,982: No eclipse registered for index 12608
2015-03-24 20:29:11,060: No eclipse registered for index 12806
2015-03-24 20:29:17,405: No eclipse registered for index 13062
2015-03-24 20:29:30,257: No eclipse registered for index 13600
2015-03-24 20:29:30,364: No eclipse registered for index 13606
2015-03-24 20:29:36,289: No eclipse registered for index 13861
2015-03-24 20:29:41,335: No eclipse registered for index 14079
2015-03-24 20:29:45,829: No eclipse registered for index 14278
2015-03-24 20:29:47,053: No eclipse registered for index 14335
2015-03-24 20:29:53,494: No eclipse registered for index 14613
2015-03-24 20:30:05,532: No eclipse registered for index 15176
2015-03-24 20:30:13,056: No eclipse registered for index 15481
2015-03-24 20:30:14,736: No eclipse registered for index 15552
2015-03-24 20:30:15,315: No eclipse registered for index 15579
2015-03-24 20:30:23,421: No eclipse registered for index 15889
2015-03-24 20:30:25,358: No eclipse registered for index 15964
2015-03-24 20:30:25,785: No eclipse registered for index 15980
2015-03-24 20:30:29,437: No eclipse registered for index 16120
2015-03-24 20:30:48,032: No eclipse registered for index 16838
2015-03-24 20:30:49,571: No eclipse registered for index 16902
2015-03-24 20:31:04,423: No eclipse registered for index 17497
2015-03-24 20:31:04,757: No eclipse registered for index 17508
2015-03-24 20:31:08,594: No eclipse registered for index 17675
2015-03-24 20:31:15,033: No eclipse registered for index 17937
2015-03-24 20:31:15,960: No eclipse registered for index 17976
2015-03-24 20:31:21,271: No eclipse registered for index 18219
2015-03-24 20:31:22,138: No eclipse registered for index 18251
2015-03-24 20:31:35,887: No eclipse registered for index 18829
2015-03-24 20:31:41,936: No eclipse registered for index 19067
2015-03-24 20:31:42,597: No eclipse registered for index 19092
2015-03-24 20:31:49,369: No eclipse registered for index 19364
2015-03-24 20:31:55,301: No eclipse registered for index 19603
2015-03-24 20:32:05,301: Done.
2015-03-24 20:32:05,653: SDSS r-band cc not applied to Planets model
2015-03-24 20:34:39,753: FPP calculation successful. Results/plots written to /u/tdm/repositories/k2-characterization/fpp/fppmodels/201736247.1.
2015-03-24 23:49:28,325: Loading transit signal from /u/tdm/repositories/k2-characterization/fpp/fppmodels/201736247.1/trsig.pkl...
2015-03-24 23:49:29,030: Fitting StarModel to {'B': (15.49, 0.18), 'g': (15.011, 0.12), 'i': (14.139, 0.06), 'H': (12.555, 0.06), 'K': (12.495, 0.09), 'J': (13.067, 0.06), 'r': (14.349, 0.12), 'W3': (11.846, 3e+50), 'W2': (12.499, 0.072), 'W1': (12.462, 0.072), 'V': (14.663, 0.15)}...
2015-03-24 23:51:36,586: FPP calculation failed for fppmodels/201736247.1.
Traceback (most recent call last):
  File "/u/tdm/anaconda/lib/python2.7/site-packages/VESPA-0.1.2-py2.7-linux-x86_64.egg/EGG-INFO/scripts/calcfpp", line 114, in <module>
    n=args.n)
  File "/u/tdm/anaconda/lib/python2.7/site-packages/VESPA-0.1.2-py2.7-linux-x86_64.egg/vespa/fpp.py", line 242, in from_ini
    starmodel.save_hdf(starmodel_file)
  File "/u/tdm/anaconda/lib/python2.7/site-packages/isochrones-0.7.4-py2.7.egg/isochrones/starmodel.py", line 611, in save_hdf
    self.samples.to_hdf(filename, '{}/samples'.format(path))
  File "/u/tdm/anaconda/lib/python2.7/site-packages/isochrones-0.7.4-py2.7.egg/isochrones/starmodel.py", line 486, in samples
    self._make_samples()
  File "/u/tdm/anaconda/lib/python2.7/site-packages/isochrones-0.7.4-py2.7.egg/isochrones/starmodel.py", line 441, in _make_samples
    lnprob_thresh = np.percentile(self.sampler.flatlnprobability, thresh*100)
NameError: global name 'thresh' is not defined
2015-03-26 06:33:15,155: Loading transit signal from /u/tdm/repositories/k2-characterization/fpp/fppmodels/201736247.1/trsig.pkl...
2015-03-26 06:33:15,776: Fitting StarModel to {'B': (15.49, 0.18), 'g': (15.011, 0.12), 'i': (14.139, 0.06), 'H': (12.555, 0.06), 'K': (12.495, 0.09), 'J': (13.067, 0.06), 'r': (14.349, 0.12), 'W3': (11.846, 3e+50), 'W2': (12.499, 0.072), 'W1': (12.462, 0.072), 'V': (14.663, 0.15)}...
2015-03-26 06:35:16,306: StarModel fit done.
2015-03-26 06:35:47,266: Fitting TripleStarModel to {'B': (15.49, 0.05), 'g': (15.011, 0.05), 'i': (14.139, 0.05), 'H': (12.555, 0.05), 'K': (12.495, 0.05), 'J': (13.067, 0.05), 'r': (14.349, 0.05), 'W3': (11.846, 0.05), 'W2': (12.499, 0.05), 'W1': (12.462, 0.05), 'V': (14.663, 0.05), 'Kepler': (14.4814, 0.05)}...
2015-03-26 06:37:37,378: TripleStarModel fit Done.
2015-03-26 06:37:49,474: 13026 eclipsing HEB systems generated (target 20000)
2015-03-26 06:37:49,761: 21407 eclipsing HEB systems generated (target 20000)
2015-03-26 06:37:50,355: Fitting trapezoid models for HEBs...
2015-03-26 06:42:37,243: Done.
2015-03-26 06:42:37,986: Fitting BinaryStarModel to {'B': (15.49, 0.05), 'g': (15.011, 0.05), 'i': (14.139, 0.05), 'H': (12.555, 0.05), 'K': (12.495, 0.05), 'J': (13.067, 0.05), 'r': (14.349, 0.05), 'W3': (11.846, 0.05), 'W2': (12.499, 0.05), 'W1': (12.462, 0.05), 'V': (14.663, 0.05), 'Kepler': (14.4814, 0.05)}...
2015-03-26 06:46:03,798: BinaryStarModel fit Done.
2015-03-26 06:46:08,772: 29 binaries are "too close"; gave up trying to fix.
2015-03-26 06:46:09,178: 18477 Eclipsing EB systems generated (target 20000)
2015-03-26 06:46:09,194: 3 binaries are "too close"; gave up trying to fix.
2015-03-26 06:46:09,265: 20301 Eclipsing EB systems generated (target 20000)
2015-03-26 06:46:09,654: Fitting trapezoid models for EBs...
2015-03-26 06:50:53,395: Done.
2015-03-26 06:50:54,224: Loading TRILEGAL simulation from /u/tdm/repositories/k2-characterization/fpp/fppmodels/201736247.1/starfield.h5
2015-03-26 06:50:56,306: 174 binaries are "too close"; gave up trying to fix.
2015-03-26 06:50:56,532: 2154 BEB systems generated (target 20000)
2015-03-26 06:50:57,820: 1898 binaries are "too close"; gave up trying to fix.
2015-03-26 06:50:58,613: 22655 BEB systems generated (target 20000)
2015-03-26 06:50:59,694: Fitting trapezoid models for BEBs...
2015-03-26 06:51:47,922: No eclipse registered for index 3122
2015-03-26 06:52:57,646: No eclipse registered for index 7977
2015-03-26 06:55:48,294: Done.
2015-03-26 06:55:50,432: 13565 Transiting planet systems generated (target 20000)
2015-03-26 06:55:51,214: 20077 Transiting planet systems generated (target 20000)
2015-03-26 06:55:51,313: Fitting trapezoid models for Planets...
2015-03-26 06:55:53,151: No eclipse registered for index 74
2015-03-26 06:55:55,243: No eclipse registered for index 162
2015-03-26 06:56:15,478: No eclipse registered for index 975
2015-03-26 06:56:18,397: No eclipse registered for index 1087
2015-03-26 06:56:24,936: No eclipse registered for index 1337
2015-03-26 06:56:46,123: No eclipse registered for index 2181
2015-03-26 06:57:19,001: No eclipse registered for index 3569
2015-03-26 06:57:24,032: No eclipse registered for index 3778
2015-03-26 06:57:26,667: No eclipse registered for index 3873
2015-03-26 06:57:44,497: No eclipse registered for index 4647
2015-03-26 06:57:48,412: No eclipse registered for index 4815
2015-03-26 06:57:49,771: No eclipse registered for index 4877
2015-03-26 06:57:52,157: No eclipse registered for index 4979
2015-03-26 06:57:56,062: No eclipse registered for index 5159
2015-03-26 06:57:56,718: No eclipse registered for index 5188
2015-03-26 06:58:07,033: No eclipse registered for index 5598
2015-03-26 06:58:11,214: No eclipse registered for index 5766
2015-03-26 06:58:16,581: No eclipse registered for index 5991
2015-03-26 06:58:26,411: No eclipse registered for index 6399
2015-03-26 06:58:27,940: No eclipse registered for index 6459
2015-03-26 06:58:30,277: No eclipse registered for index 6556
2015-03-26 06:58:30,623: No eclipse registered for index 6572
2015-03-26 06:58:31,637: No eclipse registered for index 6612
2015-03-26 06:58:35,008: No eclipse registered for index 6750
2015-03-26 06:58:39,704: No eclipse registered for index 6953
2015-03-26 06:59:02,620: No eclipse registered for index 7875
2015-03-26 06:59:14,575: No eclipse registered for index 8369
2015-03-26 06:59:22,123: No eclipse registered for index 8663
2015-03-26 06:59:42,285: No eclipse registered for index 9549
2015-03-26 06:59:46,548: No eclipse registered for index 9729
2015-03-26 06:59:49,181: No eclipse registered for index 9835
2015-03-26 07:00:03,626: No eclipse registered for index 10450
2015-03-26 07:00:18,229: No eclipse registered for index 11024
2015-03-26 07:00:20,450: No eclipse registered for index 11112
2015-03-26 07:00:20,956: No eclipse registered for index 11135
2015-03-26 07:00:22,942: No eclipse registered for index 11204
2015-03-26 07:00:30,225: No eclipse registered for index 11501
2015-03-26 07:00:42,820: No eclipse registered for index 12030
2015-03-26 07:00:51,321: No eclipse registered for index 12364
2015-03-26 07:00:58,545: No eclipse registered for index 12665
2015-03-26 07:01:04,891: No eclipse registered for index 12945
2015-03-26 07:01:07,337: No eclipse registered for index 13045
2015-03-26 07:01:14,077: No eclipse registered for index 13326
2015-03-26 07:01:16,631: No eclipse registered for index 13443
2015-03-26 07:01:17,269: No eclipse registered for index 13470
2015-03-26 07:01:30,412: No eclipse registered for index 14039
2015-03-26 07:01:43,204: No eclipse registered for index 14534
2015-03-26 07:01:48,203: No eclipse registered for index 14749
2015-03-26 07:01:56,440: No eclipse registered for index 15079
2015-03-26 07:02:04,656: No eclipse registered for index 15409
2015-03-26 07:02:06,785: No eclipse registered for index 15505
2015-03-26 07:02:19,475: No eclipse registered for index 16049
2015-03-26 07:02:21,695: No eclipse registered for index 16147
2015-03-26 07:02:24,719: No eclipse registered for index 16278
2015-03-26 07:02:34,763: No eclipse registered for index 16697
2015-03-26 07:02:44,884: No eclipse registered for index 17119
2015-03-26 07:02:46,820: No eclipse registered for index 17188
2015-03-26 07:02:47,312: No eclipse registered for index 17211
2015-03-26 07:02:48,016: No eclipse registered for index 17239
2015-03-26 07:02:51,963: No eclipse registered for index 17405
2015-03-26 07:02:53,930: No eclipse registered for index 17479
2015-03-26 07:02:54,348: No eclipse registered for index 17497
2015-03-26 07:03:00,893: No eclipse registered for index 17769
2015-03-26 07:03:05,642: No eclipse registered for index 17966
2015-03-26 07:03:07,200: No eclipse registered for index 18026
2015-03-26 07:03:14,079: No eclipse registered for index 18294
2015-03-26 07:03:16,164: No eclipse registered for index 18380
2015-03-26 07:03:30,804: No eclipse registered for index 18982
2015-03-26 07:03:40,287: No eclipse registered for index 19338
2015-03-26 07:03:44,587: No eclipse registered for index 19518
2015-03-26 07:03:48,244: No eclipse registered for index 19669
2015-03-26 07:03:50,245: No eclipse registered for index 19752
2015-03-26 07:03:55,503: No eclipse registered for index 19963
2015-03-26 07:03:56,327: Done.
2015-03-26 07:03:56,884: SDSS r-band cc not applied to Planets model
2015-03-26 07:06:21,496: Making StarModel triangle plots...
2015-03-26 07:06:53,483: FPP calculation successful. Results/plots written to /u/tdm/repositories/k2-characterization/fpp/fppmodels/201736247.1.
