2015-03-24 17:11:29,888: Loading transit signal from /u/tdm/repositories/k2-characterization/fpp/fppmodels/201629650.1/trsig.pkl...
2015-03-24 17:11:32,376: Starmodel loaded from /u/tdm/repositories/k2-characterization/fpp/fppmodels/201629650.1/starmodel.h5.
2015-03-24 17:11:58,663: Loading TRILEGAL simulation from /u/tdm/repositories/k2-characterization/fpp/fppmodels/201629650.1/starfield.h5
2015-03-24 17:12:04,922: 0 M1s are nan
2015-03-24 17:12:04,931: 16 M2s are nan
2015-03-24 17:12:04,931: 0 R1s are nan
2015-03-24 17:12:04,931: 16 R2s are nan
2015-03-24 17:12:05,022: 158 binaries are "too close"; gave up trying to fix.
2015-03-24 17:12:10,190: 1323 BEB systems generated (target 20000)
2015-03-24 17:12:10,617: 0 M1s are nan
2015-03-24 17:12:10,618: 201 M2s are nan
2015-03-24 17:12:10,618: 0 R1s are nan
2015-03-24 17:12:10,619: 201 R2s are nan
2015-03-24 17:12:13,256: 3242 binaries are "too close"; gave up trying to fix.
2015-03-24 17:12:14,379: 25030 BEB systems generated (target 20000)
2015-03-24 17:12:14,450: Fitting trapezoid models for BEBs...
2015-03-24 17:14:31,823: No eclipse registered for index 9334
2015-03-24 17:14:47,112: No eclipse registered for index 10323
2015-03-24 17:16:31,773: No eclipse registered for index 17254
2015-03-24 17:17:10,736: Done.
2015-03-24 17:17:18,269: 1430 systems simulated to match provided colors (target 20000).
2015-03-24 17:19:05,273: 22081 systems simulated to match provided colors (target 20000).
2015-03-24 17:19:07,153: {} eclipsing HEB systems generated (target 5536)
2015-03-24 17:19:30,200: 3603 systems simulated to match provided colors (target 50000).
2015-03-24 17:21:40,795: 24530 systems simulated to match provided colors (target 50000).
2015-03-24 17:23:41,033: 45453 systems simulated to match provided colors (target 50000).
2015-03-24 17:24:09,014: 50974 systems simulated to match provided colors (target 50000).
2015-03-24 17:24:11,611: {} eclipsing HEB systems generated (target 16902)
2015-03-24 17:24:17,261: 1109 systems simulated to match provided colors (target 16354).
2015-03-24 17:25:53,619: 19637 systems simulated to match provided colors (target 16354).
2015-03-24 17:25:54,725: {} eclipsing HEB systems generated (target 21103)
2015-03-24 17:25:55,739: Fitting trapezoid models for HEBs...
2015-03-24 17:31:12,534: Done.
2015-03-24 17:31:18,536: 1416 systems simulated to match provided colors (target 20000).
2015-03-24 17:32:41,087: 23313 systems simulated to match provided colors (target 20000).
2015-03-24 17:32:42,410: 6646 Eclipsing EB systems generated (target 20000)
2015-03-24 17:32:55,874: 3432 systems simulated to match provided colors (target 48223).
2015-03-24 17:34:29,178: 24958 systems simulated to match provided colors (target 48223).
2015-03-24 17:36:22,344: 46458 systems simulated to match provided colors (target 48223).
2015-03-24 17:36:33,624: 48549 systems simulated to match provided colors (target 48223).
2015-03-24 17:36:36,501: 24788 Eclipsing EB systems generated (target 20000)
2015-03-24 17:36:37,103: Fitting trapezoid models for EBs...
2015-03-24 17:42:09,545: Done.
2015-03-24 17:42:12,554: 16399 Transiting planet systems generated (target 20000)
2015-03-24 17:42:13,194: 20300 Transiting planet systems generated (target 20000)
2015-03-24 17:42:13,275: Fitting trapezoid models for Planets...
2015-03-24 17:42:24,279: No eclipse registered for index 446
2015-03-24 17:42:38,769: No eclipse registered for index 1016
2015-03-24 17:42:41,634: No eclipse registered for index 1124
2015-03-24 17:42:43,806: No eclipse registered for index 1208
2015-03-24 17:42:46,557: No eclipse registered for index 1320
2015-03-24 17:42:52,758: No eclipse registered for index 1571
2015-03-24 17:43:00,332: No eclipse registered for index 1876
2015-03-24 17:43:01,781: No eclipse registered for index 1937
2015-03-24 17:43:01,843: No eclipse registered for index 1940
2015-03-24 17:43:06,470: No eclipse registered for index 2135
2015-03-24 17:43:14,076: No eclipse registered for index 2445
2015-03-24 17:43:16,539: No eclipse registered for index 2549
2015-03-24 17:43:32,394: No eclipse registered for index 3169
2015-03-24 17:43:42,264: No eclipse registered for index 3546
2015-03-24 17:43:57,109: No eclipse registered for index 4163
2015-03-24 17:44:01,531: No eclipse registered for index 4358
2015-03-24 17:44:02,673: No eclipse registered for index 4407
2015-03-24 17:44:02,895: No eclipse registered for index 4417
2015-03-24 17:44:03,972: No eclipse registered for index 4463
2015-03-24 17:44:15,241: No eclipse registered for index 4926
2015-03-24 17:44:15,822: No eclipse registered for index 4951
2015-03-24 17:44:17,462: No eclipse registered for index 5022
2015-03-24 17:44:20,861: No eclipse registered for index 5174
2015-03-24 17:44:21,821: No eclipse registered for index 5218
2015-03-24 17:44:29,619: No eclipse registered for index 5531
2015-03-24 17:44:29,825: No eclipse registered for index 5541
2015-03-24 17:44:32,234: No eclipse registered for index 5648
2015-03-24 17:44:40,735: No eclipse registered for index 5997
2015-03-24 17:44:43,263: No eclipse registered for index 6110
2015-03-24 17:44:55,527: No eclipse registered for index 6613
2015-03-24 17:45:04,915: No eclipse registered for index 7013
2015-03-24 17:45:05,203: No eclipse registered for index 7025
2015-03-24 17:45:07,880: No eclipse registered for index 7130
2015-03-24 17:45:15,472: No eclipse registered for index 7441
2015-03-24 17:45:19,164: No eclipse registered for index 7595
2015-03-24 17:45:41,581: No eclipse registered for index 8471
2015-03-24 17:45:42,403: No eclipse registered for index 8503
2015-03-24 17:45:43,074: No eclipse registered for index 8531
2015-03-24 17:45:50,451: No eclipse registered for index 8843
2015-03-24 17:45:55,834: No eclipse registered for index 9058
2015-03-24 17:46:03,837: No eclipse registered for index 9390
2015-03-24 17:46:22,088: No eclipse registered for index 10114
2015-03-24 17:46:27,384: No eclipse registered for index 10342
2015-03-24 17:46:27,595: No eclipse registered for index 10352
2015-03-24 17:46:27,689: No eclipse registered for index 10357
2015-03-24 17:46:47,729: No eclipse registered for index 11176
2015-03-24 17:46:48,355: No eclipse registered for index 11205
2015-03-24 17:46:51,948: No eclipse registered for index 11349
2015-03-24 17:46:53,777: No eclipse registered for index 11423
2015-03-24 17:46:55,759: No eclipse registered for index 11504
2015-03-24 17:46:57,543: No eclipse registered for index 11574
2015-03-24 17:46:58,681: No eclipse registered for index 11623
2015-03-24 17:47:19,162: No eclipse registered for index 12454
2015-03-24 17:47:26,088: No eclipse registered for index 12728
2015-03-24 17:47:30,777: No eclipse registered for index 12906
2015-03-24 17:47:33,095: No eclipse registered for index 13000
2015-03-24 17:47:41,842: No eclipse registered for index 13349
2015-03-24 17:47:42,064: No eclipse registered for index 13360
2015-03-24 17:47:42,194: No eclipse registered for index 13367
2015-03-24 17:47:45,495: No eclipse registered for index 13504
2015-03-24 17:47:51,743: No eclipse registered for index 13760
2015-03-24 17:47:55,878: No eclipse registered for index 13913
2015-03-24 17:47:57,640: No eclipse registered for index 13985
2015-03-24 17:48:01,890: No eclipse registered for index 14141
2015-03-24 17:48:18,761: No eclipse registered for index 14753
2015-03-24 17:48:20,604: No eclipse registered for index 14815
2015-03-24 17:48:21,364: No eclipse registered for index 14843
2015-03-24 17:48:21,540: No eclipse registered for index 14851
2015-03-24 17:48:22,103: No eclipse registered for index 14871
2015-03-24 17:48:27,378: No eclipse registered for index 15083
2015-03-24 17:48:36,211: No eclipse registered for index 15414
2015-03-24 17:48:44,028: No eclipse registered for index 15716
2015-03-24 17:48:50,063: No eclipse registered for index 15942
2015-03-24 17:48:57,071: No eclipse registered for index 16192
2015-03-24 17:48:58,085: No eclipse registered for index 16232
2015-03-24 17:49:03,560: No eclipse registered for index 16420
2015-03-24 17:49:09,365: No eclipse registered for index 16643
2015-03-24 17:49:24,052: No eclipse registered for index 17229
2015-03-24 17:49:32,681: No eclipse registered for index 17589
2015-03-24 17:49:36,358: No eclipse registered for index 17723
2015-03-24 17:49:41,555: No eclipse registered for index 17913
2015-03-24 17:49:42,622: No eclipse registered for index 17953
2015-03-24 17:49:44,812: No eclipse registered for index 18034
2015-03-24 17:49:45,005: No eclipse registered for index 18043
2015-03-24 17:49:58,908: No eclipse registered for index 18578
2015-03-24 17:50:09,610: No eclipse registered for index 19000
2015-03-24 17:50:22,655: No eclipse registered for index 19549
2015-03-24 17:50:26,289: No eclipse registered for index 19699
2015-03-24 17:50:28,038: No eclipse registered for index 19765
2015-03-24 17:50:33,541: Done.
2015-03-24 17:50:33,891: SDSS r-band cc not applied to Planets model
2015-03-24 17:53:05,529: FPP calculation successful. Results/plots written to /u/tdm/repositories/k2-characterization/fpp/fppmodels/201629650.1.
2015-03-24 23:39:40,801: Loading transit signal from /u/tdm/repositories/k2-characterization/fpp/fppmodels/201629650.1/trsig.pkl...
2015-03-24 23:39:41,562: Fitting StarModel to {'B': (13.609, 0.09), 'g': (13.197, 0.09), 'i': (12.528, 0.18), 'H': (11.26, 0.06), 'K': (11.169, 0.09), 'J': (11.571, 0.09), 'r': (12.727, 0.03), 'W3': (10.934, 0.351), 'W2': (11.177, 0.063), 'W1': (11.137, 0.066), 'V': (12.901, 0.12)}...
2015-03-24 23:42:02,406: FPP calculation failed for fppmodels/201629650.1.
Traceback (most recent call last):
  File "/u/tdm/anaconda/lib/python2.7/site-packages/VESPA-0.1.2-py2.7-linux-x86_64.egg/EGG-INFO/scripts/calcfpp", line 114, in <module>
    n=args.n)
  File "/u/tdm/anaconda/lib/python2.7/site-packages/VESPA-0.1.2-py2.7-linux-x86_64.egg/vespa/fpp.py", line 242, in from_ini
    starmodel.save_hdf(starmodel_file)
  File "/u/tdm/anaconda/lib/python2.7/site-packages/isochrones-0.7.4-py2.7.egg/isochrones/starmodel.py", line 611, in save_hdf
    self.samples.to_hdf(filename, '{}/samples'.format(path))
  File "/u/tdm/anaconda/lib/python2.7/site-packages/isochrones-0.7.4-py2.7.egg/isochrones/starmodel.py", line 486, in samples
    self._make_samples()
  File "/u/tdm/anaconda/lib/python2.7/site-packages/isochrones-0.7.4-py2.7.egg/isochrones/starmodel.py", line 441, in _make_samples
    lnprob_thresh = np.percentile(self.sampler.flatlnprobability, thresh*100)
NameError: global name 'thresh' is not defined
