2015-03-24 17:17:07,461: Loading transit signal from /u/tdm/repositories/k2-characterization/fpp/fppmodels/201505350.1/trsig.pkl...
2015-03-24 17:17:10,761: Starmodel loaded from /u/tdm/repositories/k2-characterization/fpp/fppmodels/201505350.1/starmodel.h5.
2015-03-24 17:17:37,006: Loading TRILEGAL simulation from /u/tdm/repositories/k2-characterization/fpp/fppmodels/201505350.1/starfield.h5
2015-03-24 17:17:39,279: 0 M1s are nan
2015-03-24 17:17:39,280: 7 M2s are nan
2015-03-24 17:17:39,280: 0 R1s are nan
2015-03-24 17:17:39,280: 7 R2s are nan
2015-03-24 17:17:39,362: 185 binaries are "too close"; gave up trying to fix.
2015-03-24 17:17:44,428: 2831 BEB systems generated (target 20000)
2015-03-24 17:17:44,619: 0 M1s are nan
2015-03-24 17:17:44,619: 98 M2s are nan
2015-03-24 17:17:44,619: 0 R1s are nan
2015-03-24 17:17:44,620: 98 R2s are nan
2015-03-24 17:17:45,486: 1251 binaries are "too close"; gave up trying to fix.
2015-03-24 17:17:46,141: 19010 BEB systems generated (target 20000)
2015-03-24 17:17:46,159: 0 M1s are nan
2015-03-24 17:17:46,159: 9 M2s are nan
2015-03-24 17:17:46,159: 0 R1s are nan
2015-03-24 17:17:46,160: 9 R2s are nan
2015-03-24 17:17:46,202: 108 binaries are "too close"; gave up trying to fix.
2015-03-24 17:17:46,309: 20185 BEB systems generated (target 20000)
2015-03-24 17:17:46,396: Fitting trapezoid models for BEBs...
2015-03-24 17:17:47,081: No eclipse registered for index 46
2015-03-24 17:19:44,901: No eclipse registered for index 7677
2015-03-24 17:21:50,497: No eclipse registered for index 16144
2015-03-24 17:22:46,299: Done.
2015-03-24 17:22:53,908: 1290 systems simulated to match provided colors (target 20000).
2015-03-24 17:24:33,069: 21820 systems simulated to match provided colors (target 20000).
2015-03-24 17:24:34,704: {} eclipsing HEB systems generated (target 3498)
2015-03-24 17:24:51,217: 3416 systems simulated to match provided colors (target 50000).
2015-03-24 17:26:28,854: 23963 systems simulated to match provided colors (target 50000).
2015-03-24 17:28:18,896: 44468 systems simulated to match provided colors (target 50000).
2015-03-24 17:28:58,380: 51011 systems simulated to match provided colors (target 50000).
2015-03-24 17:29:00,975: 6 binaries are "too close"; gave up trying to fix.
2015-03-24 17:29:01,376: {} eclipsing HEB systems generated (target 12132)
2015-03-24 17:29:19,996: 3451 systems simulated to match provided colors (target 50000).
2015-03-24 17:31:03,090: 23861 systems simulated to match provided colors (target 50000).
2015-03-24 17:33:05,253: 44318 systems simulated to match provided colors (target 50000).
2015-03-24 17:33:37,669: 51176 systems simulated to match provided colors (target 50000).
2015-03-24 17:33:41,210: 2 binaries are "too close"; gave up trying to fix.
2015-03-24 17:33:41,560: {} eclipsing HEB systems generated (target 20607)
2015-03-24 17:33:42,624: Fitting trapezoid models for HEBs...
2015-03-24 17:35:34,901: No eclipse registered for index 7236
2015-03-24 17:36:25,049: No eclipse registered for index 10421
2015-03-24 17:38:56,373: Done.
2015-03-24 17:39:02,247: 1465 systems simulated to match provided colors (target 20000).
2015-03-24 17:40:20,079: 22846 systems simulated to match provided colors (target 20000).
2015-03-24 17:40:21,162: 4 binaries are "too close"; gave up trying to fix.
2015-03-24 17:40:21,427: 4287 Eclipsing EB systems generated (target 20000)
2015-03-24 17:40:33,016: 3546 systems simulated to match provided colors (target 50000).
2015-03-24 17:41:39,210: 24701 systems simulated to match provided colors (target 50000).
2015-03-24 17:42:49,250: 45936 systems simulated to match provided colors (target 50000).
2015-03-24 17:43:09,185: 50752 systems simulated to match provided colors (target 50000).
2015-03-24 17:43:11,208: 3 binaries are "too close"; gave up trying to fix.
2015-03-24 17:43:11,649: 15259 Eclipsing EB systems generated (target 20000)
2015-03-24 17:43:18,006: 1803 systems simulated to match provided colors (target 25925).
2015-03-24 17:44:35,702: 22985 systems simulated to match provided colors (target 25925).
2015-03-24 17:44:52,508: 26498 systems simulated to match provided colors (target 25925).
2015-03-24 17:44:53,818: 2 binaries are "too close"; gave up trying to fix.
2015-03-24 17:44:54,101: 20989 Eclipsing EB systems generated (target 20000)
2015-03-24 17:44:54,664: Fitting trapezoid models for EBs...
2015-03-24 17:47:25,621: No eclipse registered for index 8977
2015-03-24 17:50:25,733: Done.
2015-03-24 17:50:26,811: 17127 Transiting planet systems generated (target 20000)
2015-03-24 17:50:27,085: 20270 Transiting planet systems generated (target 20000)
2015-03-24 17:50:27,173: Fitting trapezoid models for Planets...
2015-03-24 17:50:27,705: No eclipse registered for index 24
2015-03-24 17:50:30,086: No eclipse registered for index 118
2015-03-24 17:50:32,226: No eclipse registered for index 214
2015-03-24 17:50:32,586: No eclipse registered for index 229
2015-03-24 17:50:36,097: No eclipse registered for index 375
2015-03-24 17:50:38,885: No eclipse registered for index 491
2015-03-24 17:50:45,130: No eclipse registered for index 742
2015-03-24 17:50:45,890: No eclipse registered for index 776
2015-03-24 17:50:51,042: No eclipse registered for index 997
2015-03-24 17:50:54,263: No eclipse registered for index 1135
2015-03-24 17:50:57,414: No eclipse registered for index 1256
2015-03-24 17:51:09,599: No eclipse registered for index 1751
2015-03-24 17:51:11,338: No eclipse registered for index 1828
2015-03-24 17:51:19,805: No eclipse registered for index 2168
2015-03-24 17:51:22,102: No eclipse registered for index 2262
2015-03-24 17:51:29,766: No eclipse registered for index 2560
2015-03-24 17:51:33,884: No eclipse registered for index 2732
2015-03-24 17:51:34,344: No eclipse registered for index 2752
2015-03-24 17:51:36,100: No eclipse registered for index 2830
2015-03-24 17:51:38,268: No eclipse registered for index 2929
2015-03-24 17:51:47,793: No eclipse registered for index 3338
2015-03-24 17:51:48,759: No eclipse registered for index 3380
2015-03-24 17:51:50,302: No eclipse registered for index 3448
2015-03-24 17:51:51,338: No eclipse registered for index 3495
2015-03-24 17:51:52,522: No eclipse registered for index 3546
2015-03-24 17:51:55,897: No eclipse registered for index 3703
2015-03-24 17:51:58,837: No eclipse registered for index 3852
2015-03-24 17:52:09,115: No eclipse registered for index 4303
2015-03-24 17:52:19,952: No eclipse registered for index 4787
2015-03-24 17:52:22,802: No eclipse registered for index 4892
2015-03-24 17:52:28,236: No eclipse registered for index 5113
2015-03-24 17:52:36,803: No eclipse registered for index 5460
2015-03-24 17:52:49,086: No eclipse registered for index 5953
2015-03-24 17:52:51,722: No eclipse registered for index 6072
2015-03-24 17:52:53,488: No eclipse registered for index 6154
2015-03-24 17:53:06,260: No eclipse registered for index 6665
2015-03-24 17:53:21,982: No eclipse registered for index 7296
2015-03-24 17:53:37,395: No eclipse registered for index 7930
2015-03-24 17:53:45,903: No eclipse registered for index 8304
2015-03-24 17:53:47,540: No eclipse registered for index 8365
2015-03-24 17:53:50,087: No eclipse registered for index 8469
2015-03-24 17:53:56,144: No eclipse registered for index 8712
2015-03-24 17:54:00,504: No eclipse registered for index 8894
2015-03-24 17:54:06,843: No eclipse registered for index 9148
2015-03-24 17:54:17,034: No eclipse registered for index 9572
2015-03-24 17:54:18,071: No eclipse registered for index 9614
2015-03-24 17:54:18,380: No eclipse registered for index 9628
2015-03-24 17:54:22,197: No eclipse registered for index 9788
2015-03-24 17:54:28,120: No eclipse registered for index 10034
2015-03-24 17:54:29,519: No eclipse registered for index 10089
2015-03-24 17:54:30,809: No eclipse registered for index 10130
2015-03-24 17:54:33,928: No eclipse registered for index 10253
2015-03-24 17:54:50,015: No eclipse registered for index 10920
2015-03-24 17:54:51,580: No eclipse registered for index 10990
2015-03-24 17:54:56,586: No eclipse registered for index 11230
2015-03-24 17:54:59,397: No eclipse registered for index 11359
2015-03-24 17:55:01,824: No eclipse registered for index 11466
2015-03-24 17:55:08,251: No eclipse registered for index 11780
2015-03-24 17:55:15,483: No eclipse registered for index 12146
2015-03-24 17:55:22,028: No eclipse registered for index 12430
2015-03-24 17:55:26,745: No eclipse registered for index 12625
2015-03-24 17:55:43,175: No eclipse registered for index 13305
2015-03-24 17:55:43,428: No eclipse registered for index 13318
2015-03-24 17:55:45,905: No eclipse registered for index 13433
2015-03-24 17:55:48,732: No eclipse registered for index 13552
2015-03-24 17:55:53,938: No eclipse registered for index 13772
2015-03-24 17:55:54,885: No eclipse registered for index 13810
2015-03-24 17:55:59,993: No eclipse registered for index 14015
2015-03-24 17:56:02,182: No eclipse registered for index 14107
2015-03-24 17:56:03,054: No eclipse registered for index 14149
2015-03-24 17:56:07,648: No eclipse registered for index 14352
2015-03-24 17:56:13,798: No eclipse registered for index 14634
2015-03-24 17:56:25,580: No eclipse registered for index 15129
2015-03-24 17:56:30,588: No eclipse registered for index 15339
2015-03-24 17:56:34,551: No eclipse registered for index 15500
2015-03-24 17:56:39,220: No eclipse registered for index 15704
2015-03-24 17:56:46,215: No eclipse registered for index 16018
2015-03-24 17:56:47,886: No eclipse registered for index 16097
2015-03-24 17:56:50,969: No eclipse registered for index 16220
2015-03-24 17:56:54,769: No eclipse registered for index 16378
2015-03-24 17:57:02,349: No eclipse registered for index 16706
2015-03-24 17:57:08,773: No eclipse registered for index 16981
2015-03-24 17:57:13,792: No eclipse registered for index 17171
2015-03-24 17:57:19,366: No eclipse registered for index 17410
2015-03-24 17:57:21,341: No eclipse registered for index 17492
2015-03-24 17:57:22,472: No eclipse registered for index 17537
2015-03-24 17:57:30,205: No eclipse registered for index 17886
2015-03-24 17:57:44,527: No eclipse registered for index 18495
2015-03-24 17:57:45,763: No eclipse registered for index 18545
2015-03-24 17:57:46,435: No eclipse registered for index 18577
2015-03-24 17:57:47,839: No eclipse registered for index 18645
2015-03-24 17:57:57,308: No eclipse registered for index 19050
2015-03-24 17:58:03,959: No eclipse registered for index 19336
2015-03-24 17:58:08,434: No eclipse registered for index 19512
2015-03-24 17:58:09,883: No eclipse registered for index 19576
2015-03-24 17:58:12,143: No eclipse registered for index 19674
2015-03-24 17:58:19,921: Done.
2015-03-24 17:58:20,291: SDSS r-band cc not applied to Planets model
2015-03-24 18:04:03,313: FPP calculation successful. Results/plots written to /u/tdm/repositories/k2-characterization/fpp/fppmodels/201505350.1.
2015-03-24 23:42:05,500: Loading transit signal from /u/tdm/repositories/k2-characterization/fpp/fppmodels/201505350.1/trsig.pkl...
2015-03-24 23:42:06,749: Fitting StarModel to {'B': (13.798, 0.06), 'g': (13.359, 0.06), 'i': (12.568, 0.06), 'H': (11.208, 0.06), 'K': (11.161, 0.09), 'J': (11.596, 0.06), 'r': (12.764, 0.03), 'W3': (10.948, 0.372), 'W2': (11.134, 0.069), 'W1': (11.097, 0.072), 'V': (13.002, 0.03)}...
2015-03-24 23:44:22,828: FPP calculation failed for fppmodels/201505350.1.
Traceback (most recent call last):
  File "/u/tdm/anaconda/lib/python2.7/site-packages/VESPA-0.1.2-py2.7-linux-x86_64.egg/EGG-INFO/scripts/calcfpp", line 114, in <module>
    n=args.n)
  File "/u/tdm/anaconda/lib/python2.7/site-packages/VESPA-0.1.2-py2.7-linux-x86_64.egg/vespa/fpp.py", line 242, in from_ini
    starmodel.save_hdf(starmodel_file)
  File "/u/tdm/anaconda/lib/python2.7/site-packages/isochrones-0.7.4-py2.7.egg/isochrones/starmodel.py", line 611, in save_hdf
    self.samples.to_hdf(filename, '{}/samples'.format(path))
  File "/u/tdm/anaconda/lib/python2.7/site-packages/isochrones-0.7.4-py2.7.egg/isochrones/starmodel.py", line 486, in samples
    self._make_samples()
  File "/u/tdm/anaconda/lib/python2.7/site-packages/isochrones-0.7.4-py2.7.egg/isochrones/starmodel.py", line 441, in _make_samples
    lnprob_thresh = np.percentile(self.sampler.flatlnprobability, thresh*100)
NameError: global name 'thresh' is not defined
