2015-03-24 17:46:31,969: Loading transit signal from /u/tdm/repositories/k2-characterization/fpp/fppmodels/201779067.1/trsig.pkl...
2015-03-24 17:46:34,741: Starmodel loaded from /u/tdm/repositories/k2-characterization/fpp/fppmodels/201779067.1/starmodel.h5.
2015-03-24 17:47:04,935: Loading TRILEGAL simulation from /u/tdm/repositories/k2-characterization/fpp/fppmodels/201779067.1/starfield.h5
2015-03-24 17:47:06,940: 0 M1s are nan
2015-03-24 17:47:06,940: 19 M2s are nan
2015-03-24 17:47:06,940: 0 R1s are nan
2015-03-24 17:47:06,941: 19 R2s are nan
2015-03-24 17:47:07,026: 141 binaries are "too close"; gave up trying to fix.
2015-03-24 17:47:12,474: 1293 BEB systems generated (target 20000)
2015-03-24 17:47:12,978: 0 M1s are nan
2015-03-24 17:47:12,979: 294 M2s are nan
2015-03-24 17:47:12,980: 0 R1s are nan
2015-03-24 17:47:12,981: 294 R2s are nan
2015-03-24 17:47:16,400: 2524 binaries are "too close"; gave up trying to fix.
2015-03-24 17:47:17,633: 24796 BEB systems generated (target 20000)
2015-03-24 17:47:17,729: Fitting trapezoid models for BEBs...
2015-03-24 17:48:49,413: No eclipse registered for index 5917
2015-03-24 17:49:15,130: No eclipse registered for index 7515
2015-03-24 17:49:44,331: No eclipse registered for index 9454
2015-03-24 17:50:16,686: No eclipse registered for index 11645
2015-03-24 17:50:27,838: No eclipse registered for index 12428
2015-03-24 17:50:58,313: No eclipse registered for index 14467
2015-03-24 17:51:40,356: No eclipse registered for index 17205
2015-03-24 17:52:08,491: No eclipse registered for index 18965
2015-03-24 17:52:24,410: Done.
2015-03-24 17:52:31,685: 908 systems simulated to match provided colors (target 20000).
2015-03-24 17:54:14,929: 14866 systems simulated to match provided colors (target 20000).
2015-03-24 17:55:07,174: 20857 systems simulated to match provided colors (target 20000).
2015-03-24 17:55:08,598: {} eclipsing HEB systems generated (target 7643)
2015-03-24 17:55:19,428: 1808 systems simulated to match provided colors (target 38802).
2015-03-24 17:57:07,852: 15441 systems simulated to match provided colors (target 38802).
2015-03-24 17:58:59,487: 29394 systems simulated to match provided colors (target 38802).
2015-03-24 18:00:35,360: 40593 systems simulated to match provided colors (target 38802).
2015-03-24 18:00:38,259: {} eclipsing HEB systems generated (target 21766)
2015-03-24 18:00:39,098: Fitting trapezoid models for HEBs...
2015-03-24 18:06:01,807: Done.
2015-03-24 18:06:10,052: 1043 systems simulated to match provided colors (target 20000).
2015-03-24 18:07:34,872: 16110 systems simulated to match provided colors (target 20000).
2015-03-24 18:08:08,168: 20848 systems simulated to match provided colors (target 20000).
2015-03-24 18:08:09,304: 9540 Eclipsing EB systems generated (target 20000)
2015-03-24 18:08:18,789: 1327 systems simulated to match provided colors (target 26314).
2015-03-24 18:10:01,703: 16389 systems simulated to match provided colors (target 26314).
2015-03-24 18:11:08,350: 28531 systems simulated to match provided colors (target 26314).
2015-03-24 18:11:10,087: 21007 Eclipsing EB systems generated (target 20000)
2015-03-24 18:11:10,677: Fitting trapezoid models for EBs...
2015-03-24 18:14:14,216: No eclipse registered for index 11014
2015-03-24 18:16:44,832: Done.
2015-03-24 18:16:45,777: 16587 Transiting planet systems generated (target 20000)
2015-03-24 18:16:45,894: 20170 Transiting planet systems generated (target 20000)
2015-03-24 18:16:45,972: Fitting trapezoid models for Planets...
2015-03-24 18:16:47,387: No eclipse registered for index 64
2015-03-24 18:16:48,948: No eclipse registered for index 154
2015-03-24 18:16:49,393: No eclipse registered for index 178
2015-03-24 18:16:51,719: No eclipse registered for index 302
2015-03-24 18:16:52,005: No eclipse registered for index 320
2015-03-24 18:17:01,125: No eclipse registered for index 782
2015-03-24 18:17:05,110: No eclipse registered for index 973
2015-03-24 18:17:10,954: No eclipse registered for index 1273
2015-03-24 18:17:12,700: No eclipse registered for index 1353
2015-03-24 18:17:14,748: No eclipse registered for index 1459
2015-03-24 18:17:19,225: No eclipse registered for index 1668
2015-03-24 18:17:21,149: No eclipse registered for index 1772
2015-03-24 18:17:22,150: No eclipse registered for index 1826
2015-03-24 18:17:23,459: No eclipse registered for index 1893
2015-03-24 18:17:26,792: No eclipse registered for index 2072
2015-03-24 18:17:35,950: No eclipse registered for index 2516
2015-03-24 18:17:37,634: No eclipse registered for index 2612
2015-03-24 18:17:46,000: No eclipse registered for index 3052
2015-03-24 18:17:47,612: No eclipse registered for index 3130
2015-03-24 18:17:48,436: No eclipse registered for index 3168
2015-03-24 18:17:50,702: No eclipse registered for index 3266
2015-03-24 18:17:52,557: No eclipse registered for index 3350
2015-03-24 18:17:53,755: No eclipse registered for index 3401
2015-03-24 18:17:54,078: No eclipse registered for index 3418
2015-03-24 18:17:54,308: No eclipse registered for index 3431
2015-03-24 18:17:57,878: No eclipse registered for index 3618
2015-03-24 18:18:09,252: No eclipse registered for index 4181
2015-03-24 18:18:10,614: No eclipse registered for index 4249
2015-03-24 18:18:12,014: No eclipse registered for index 4317
2015-03-24 18:18:20,261: No eclipse registered for index 4740
2015-03-24 18:18:22,315: No eclipse registered for index 4839
2015-03-24 18:18:27,637: No eclipse registered for index 5118
2015-03-24 18:18:29,928: No eclipse registered for index 5243
2015-03-24 18:18:31,669: No eclipse registered for index 5335
2015-03-24 18:18:35,386: No eclipse registered for index 5528
2015-03-24 18:18:40,291: No eclipse registered for index 5777
2015-03-24 18:18:57,931: No eclipse registered for index 6630
2015-03-24 18:19:07,289: No eclipse registered for index 7099
2015-03-24 18:19:08,213: No eclipse registered for index 7146
2015-03-24 18:19:17,809: No eclipse registered for index 7632
2015-03-24 18:19:18,133: No eclipse registered for index 7646
2015-03-24 18:19:18,860: No eclipse registered for index 7687
2015-03-24 18:19:21,533: No eclipse registered for index 7824
2015-03-24 18:19:21,576: No eclipse registered for index 7827
2015-03-24 18:19:21,846: No eclipse registered for index 7841
2015-03-24 18:19:27,782: No eclipse registered for index 8115
2015-03-24 18:19:39,773: No eclipse registered for index 8708
2015-03-24 18:19:48,195: No eclipse registered for index 9147
2015-03-24 18:19:49,789: No eclipse registered for index 9233
2015-03-24 18:19:54,620: No eclipse registered for index 9493
2015-03-24 18:19:56,427: No eclipse registered for index 9591
2015-03-24 18:20:00,403: No eclipse registered for index 9803
2015-03-24 18:20:05,152: No eclipse registered for index 10048
2015-03-24 18:20:05,199: No eclipse registered for index 10052
2015-03-24 18:20:07,570: No eclipse registered for index 10181
2015-03-24 18:20:08,767: No eclipse registered for index 10250
2015-03-24 18:20:16,810: No eclipse registered for index 10669
2015-03-24 18:20:30,610: No eclipse registered for index 11442
2015-03-24 18:20:31,415: No eclipse registered for index 11486
2015-03-24 18:20:35,076: No eclipse registered for index 11677
2015-03-24 18:20:40,571: No eclipse registered for index 11941
2015-03-24 18:20:41,928: No eclipse registered for index 12014
2015-03-24 18:20:50,672: No eclipse registered for index 12470
2015-03-24 18:20:55,662: No eclipse registered for index 12725
2015-03-24 18:20:56,238: No eclipse registered for index 12753
2015-03-24 18:20:57,951: No eclipse registered for index 12843
2015-03-24 18:21:01,954: No eclipse registered for index 13034
2015-03-24 18:21:04,500: No eclipse registered for index 13159
2015-03-24 18:21:06,574: No eclipse registered for index 13250
2015-03-24 18:21:10,138: No eclipse registered for index 13431
2015-03-24 18:21:14,338: No eclipse registered for index 13644
2015-03-24 18:21:24,594: No eclipse registered for index 14177
2015-03-24 18:21:25,938: No eclipse registered for index 14246
2015-03-24 18:21:30,451: No eclipse registered for index 14461
2015-03-24 18:21:34,614: No eclipse registered for index 14677
2015-03-24 18:21:40,477: No eclipse registered for index 14970
2015-03-24 18:21:48,076: No eclipse registered for index 15343
2015-03-24 18:22:02,858: No eclipse registered for index 16055
2015-03-24 18:22:04,143: No eclipse registered for index 16129
2015-03-24 18:22:04,925: No eclipse registered for index 16170
2015-03-24 18:22:11,051: No eclipse registered for index 16482
2015-03-24 18:22:15,854: No eclipse registered for index 16723
2015-03-24 18:22:18,062: No eclipse registered for index 16839
2015-03-24 18:22:18,422: No eclipse registered for index 16858
2015-03-24 18:22:19,136: No eclipse registered for index 16896
2015-03-24 18:22:23,683: No eclipse registered for index 17121
2015-03-24 18:22:28,561: No eclipse registered for index 17346
2015-03-24 18:22:32,284: No eclipse registered for index 17531
2015-03-24 18:22:34,913: No eclipse registered for index 17652
2015-03-24 18:22:34,998: No eclipse registered for index 17657
2015-03-24 18:22:39,995: No eclipse registered for index 17905
2015-03-24 18:22:40,447: No eclipse registered for index 17928
2015-03-24 18:22:47,143: No eclipse registered for index 18263
2015-03-24 18:22:51,293: No eclipse registered for index 18488
2015-03-24 18:22:52,644: No eclipse registered for index 18564
2015-03-24 18:22:54,061: No eclipse registered for index 18639
2015-03-24 18:23:04,390: No eclipse registered for index 19159
2015-03-24 18:23:05,542: No eclipse registered for index 19215
2015-03-24 18:23:07,891: No eclipse registered for index 19349
2015-03-24 18:23:09,835: No eclipse registered for index 19458
2015-03-24 18:23:12,069: No eclipse registered for index 19572
2015-03-24 18:23:13,008: No eclipse registered for index 19621
2015-03-24 18:23:20,362: Done.
2015-03-24 18:23:20,764: SDSS r-band cc not applied to Planets model
2015-03-24 18:25:54,557: FPP calculation successful. Results/plots written to /u/tdm/repositories/k2-characterization/fpp/fppmodels/201779067.1.
2015-03-24 23:42:32,972: Loading transit signal from /u/tdm/repositories/k2-characterization/fpp/fppmodels/201779067.1/trsig.pkl...
2015-03-24 23:42:33,583: Fitting StarModel to {'B': (11.812, 0.03), 'g': (11.528, 0.21), 'i': (10.949, 0.03), 'H': (9.869, 0.06), 'K': (9.802, 0.06), 'J': (10.129, 0.06), 'r': (11.119, 0.03), 'W3': (9.739, 0.132), 'W2': (9.769, 0.06), 'W1': (9.74, 0.066), 'V': (11.269, 0.03)}...
2015-03-24 23:45:03,316: FPP calculation failed for fppmodels/201779067.1.
Traceback (most recent call last):
  File "/u/tdm/anaconda/lib/python2.7/site-packages/VESPA-0.1.2-py2.7-linux-x86_64.egg/EGG-INFO/scripts/calcfpp", line 114, in <module>
    n=args.n)
  File "/u/tdm/anaconda/lib/python2.7/site-packages/VESPA-0.1.2-py2.7-linux-x86_64.egg/vespa/fpp.py", line 242, in from_ini
    starmodel.save_hdf(starmodel_file)
  File "/u/tdm/anaconda/lib/python2.7/site-packages/isochrones-0.7.4-py2.7.egg/isochrones/starmodel.py", line 611, in save_hdf
    self.samples.to_hdf(filename, '{}/samples'.format(path))
  File "/u/tdm/anaconda/lib/python2.7/site-packages/isochrones-0.7.4-py2.7.egg/isochrones/starmodel.py", line 486, in samples
    self._make_samples()
  File "/u/tdm/anaconda/lib/python2.7/site-packages/isochrones-0.7.4-py2.7.egg/isochrones/starmodel.py", line 441, in _make_samples
    lnprob_thresh = np.percentile(self.sampler.flatlnprobability, thresh*100)
NameError: global name 'thresh' is not defined
2015-03-26 04:50:25,547: Loading transit signal from /u/tdm/repositories/k2-characterization/fpp/fppmodels/201779067.1/trsig.pkl...
2015-03-26 04:50:26,198: Fitting StarModel to {'B': (11.812, 0.03), 'g': (11.528, 0.21), 'i': (10.949, 0.03), 'H': (9.869, 0.06), 'K': (9.802, 0.06), 'J': (10.129, 0.06), 'r': (11.119, 0.03), 'W3': (9.739, 0.132), 'W2': (9.769, 0.06), 'W1': (9.74, 0.066), 'V': (11.269, 0.03)}...
2015-03-26 04:52:22,001: StarModel fit done.
2015-03-26 04:52:46,565: Fitting TripleStarModel to {'B': (11.812, 0.05), 'g': (11.528, 0.05), 'i': (10.949, 0.05), 'H': (9.869, 0.05), 'K': (9.802, 0.05), 'J': (10.129, 0.05), 'r': (11.119, 0.05), 'W3': (9.739, 0.05), 'W2': (9.769, 0.05), 'W1': (9.74, 0.05), 'V': (11.269, 0.05), 'Kepler': (11.2008, 0.05)}...
2015-03-26 04:55:02,470: TripleStarModel fit Done.
2015-03-26 04:55:25,465: 17981 eclipsing HEB systems generated (target 20000)
2015-03-26 04:55:25,591: 20417 eclipsing HEB systems generated (target 20000)
2015-03-26 04:55:26,588: Fitting trapezoid models for HEBs...
2015-03-26 05:00:48,336: Done.
2015-03-26 05:00:49,296: Fitting BinaryStarModel to {'B': (11.812, 0.05), 'g': (11.528, 0.05), 'i': (10.949, 0.05), 'H': (9.869, 0.05), 'K': (9.802, 0.05), 'J': (10.129, 0.05), 'r': (11.119, 0.05), 'W3': (9.739, 0.05), 'W2': (9.769, 0.05), 'W1': (9.74, 0.05), 'V': (11.269, 0.05), 'Kepler': (11.2008, 0.05)}...
2015-03-26 05:04:21,657: BinaryStarModel fit Done.
2015-03-26 05:04:40,375: 1028 binaries are "too close"; gave up trying to fix.
2015-03-26 05:04:40,663: 8004 Eclipsing EB systems generated (target 20000)
2015-03-26 05:04:40,930: 1768 binaries are "too close"; gave up trying to fix.
2015-03-26 05:04:41,432: 22454 Eclipsing EB systems generated (target 20000)
2015-03-26 05:04:42,112: Fitting trapezoid models for EBs...
2015-03-26 05:10:28,401: Done.
2015-03-26 05:10:28,941: Loading TRILEGAL simulation from /u/tdm/repositories/k2-characterization/fpp/fppmodels/201779067.1/starfield.h5
2015-03-26 05:10:30,751: 153 binaries are "too close"; gave up trying to fix.
2015-03-26 05:10:30,892: 1605 BEB systems generated (target 20000)
2015-03-26 05:10:33,302: 2065 binaries are "too close"; gave up trying to fix.
2015-03-26 05:10:34,675: 23394 BEB systems generated (target 20000)
2015-03-26 05:10:35,525: Fitting trapezoid models for BEBs...
2015-03-26 05:10:45,333: No eclipse registered for index 699
2015-03-26 05:15:35,793: Done.
2015-03-26 05:15:36,615: 12575 Transiting planet systems generated (target 20000)
2015-03-26 05:15:36,932: 19732 Transiting planet systems generated (target 20000)
2015-03-26 05:15:36,983: 20002 Transiting planet systems generated (target 20000)
2015-03-26 05:15:37,043: Fitting trapezoid models for Planets...
2015-03-26 05:15:43,676: No eclipse registered for index 325
2015-03-26 05:15:45,788: No eclipse registered for index 431
2015-03-26 05:15:50,235: No eclipse registered for index 632
2015-03-26 05:15:52,416: No eclipse registered for index 742
2015-03-26 05:15:53,401: No eclipse registered for index 802
2015-03-26 05:15:56,355: No eclipse registered for index 945
2015-03-26 05:15:57,816: No eclipse registered for index 1027
2015-03-26 05:16:03,097: No eclipse registered for index 1304
2015-03-26 05:16:06,052: No eclipse registered for index 1456
2015-03-26 05:16:09,065: No eclipse registered for index 1607
2015-03-26 05:16:15,501: No eclipse registered for index 1900
2015-03-26 05:16:19,541: No eclipse registered for index 2099
2015-03-26 05:16:27,110: No eclipse registered for index 2468
2015-03-26 05:16:30,704: No eclipse registered for index 2632
2015-03-26 05:16:30,906: No eclipse registered for index 2644
2015-03-26 05:16:30,992: No eclipse registered for index 2650
2015-03-26 05:16:31,062: No eclipse registered for index 2655
2015-03-26 05:16:35,255: No eclipse registered for index 2864
2015-03-26 05:16:38,144: No eclipse registered for index 3001
2015-03-26 05:16:40,622: No eclipse registered for index 3129
2015-03-26 05:16:40,738: No eclipse registered for index 3137
2015-03-26 05:16:45,263: No eclipse registered for index 3331
2015-03-26 05:16:54,375: No eclipse registered for index 3788
2015-03-26 05:17:00,834: No eclipse registered for index 4089
2015-03-26 05:17:04,563: No eclipse registered for index 4250
2015-03-26 05:17:05,135: No eclipse registered for index 4280
2015-03-26 05:17:07,628: No eclipse registered for index 4404
2015-03-26 05:17:10,659: No eclipse registered for index 4565
2015-03-26 05:17:10,661: No eclipse registered for index 4566
2015-03-26 05:17:12,968: No eclipse registered for index 4687
2015-03-26 05:17:17,188: No eclipse registered for index 4904
2015-03-26 05:17:18,882: No eclipse registered for index 4986
2015-03-26 05:17:32,605: No eclipse registered for index 5699
2015-03-26 05:17:33,977: No eclipse registered for index 5768
2015-03-26 05:17:37,667: No eclipse registered for index 5961
2015-03-26 05:17:42,001: No eclipse registered for index 6180
2015-03-26 05:17:42,495: No eclipse registered for index 6207
2015-03-26 05:17:44,136: No eclipse registered for index 6291
2015-03-26 05:17:45,605: No eclipse registered for index 6368
2015-03-26 05:18:00,405: No eclipse registered for index 7103
2015-03-26 05:18:04,248: No eclipse registered for index 7298
2015-03-26 05:18:10,145: No eclipse registered for index 7619
2015-03-26 05:18:14,163: No eclipse registered for index 7835
2015-03-26 05:18:20,284: No eclipse registered for index 8166
2015-03-26 05:18:20,855: No eclipse registered for index 8197
2015-03-26 05:18:26,694: No eclipse registered for index 8486
2015-03-26 05:18:29,023: No eclipse registered for index 8602
2015-03-26 05:18:32,847: No eclipse registered for index 8791
2015-03-26 05:18:33,038: No eclipse registered for index 8803
2015-03-26 05:18:35,607: No eclipse registered for index 8923
2015-03-26 05:18:38,006: No eclipse registered for index 9037
2015-03-26 05:18:44,066: No eclipse registered for index 9333
2015-03-26 05:18:46,260: No eclipse registered for index 9454
2015-03-26 05:18:47,937: No eclipse registered for index 9541
2015-03-26 05:18:56,342: No eclipse registered for index 9958
2015-03-26 05:18:56,943: No eclipse registered for index 9988
2015-03-26 05:18:57,509: No eclipse registered for index 10018
2015-03-26 05:18:58,487: No eclipse registered for index 10065
2015-03-26 05:18:59,911: No eclipse registered for index 10144
2015-03-26 05:19:02,663: No eclipse registered for index 10289
2015-03-26 05:19:06,438: No eclipse registered for index 10457
2015-03-26 05:19:09,010: No eclipse registered for index 10596
2015-03-26 05:19:12,784: No eclipse registered for index 10788
2015-03-26 05:19:18,139: No eclipse registered for index 11051
2015-03-26 05:19:19,610: No eclipse registered for index 11125
2015-03-26 05:19:22,735: No eclipse registered for index 11288
2015-03-26 05:19:26,181: No eclipse registered for index 11473
2015-03-26 05:19:33,706: No eclipse registered for index 11833
2015-03-26 05:19:36,456: No eclipse registered for index 11965
2015-03-26 05:19:43,542: No eclipse registered for index 12313
2015-03-26 05:19:49,291: No eclipse registered for index 12599
2015-03-26 05:19:50,675: No eclipse registered for index 12666
2015-03-26 05:19:50,946: No eclipse registered for index 12682
2015-03-26 05:19:51,404: No eclipse registered for index 12705
2015-03-26 05:19:52,553: No eclipse registered for index 12760
2015-03-26 05:19:55,926: No eclipse registered for index 12915
2015-03-26 05:19:56,922: No eclipse registered for index 12964
2015-03-26 05:19:59,631: No eclipse registered for index 13095
2015-03-26 05:20:05,594: No eclipse registered for index 13370
2015-03-26 05:20:08,524: No eclipse registered for index 13506
2015-03-26 05:20:34,693: No eclipse registered for index 14831
2015-03-26 05:20:35,842: No eclipse registered for index 14885
2015-03-26 05:20:35,894: No eclipse registered for index 14889
2015-03-26 05:20:40,048: No eclipse registered for index 15097
2015-03-26 05:20:45,277: No eclipse registered for index 15348
2015-03-26 05:20:55,720: No eclipse registered for index 15864
2015-03-26 05:20:56,068: No eclipse registered for index 15880
2015-03-26 05:20:56,673: No eclipse registered for index 15913
2015-03-26 05:21:04,418: No eclipse registered for index 16295
2015-03-26 05:21:06,651: No eclipse registered for index 16414
2015-03-26 05:21:22,809: No eclipse registered for index 17203
2015-03-26 05:21:41,513: No eclipse registered for index 18126
2015-03-26 05:21:48,991: No eclipse registered for index 18499
2015-03-26 05:21:58,315: No eclipse registered for index 18989
2015-03-26 05:22:07,015: No eclipse registered for index 19458
2015-03-26 05:22:17,336: Done.
2015-03-26 05:22:17,673: SDSS r-band cc not applied to Planets model
2015-03-26 05:24:52,030: Making StarModel triangle plots...
2015-03-26 05:25:21,437: FPP calculation successful. Results/plots written to /u/tdm/repositories/k2-characterization/fpp/fppmodels/201779067.1.
