2015-04-16 09:24:57,226: Loading transit signal from /u/tdm/repositories/k2-characterization/fpp/fppmodels/201445392.1/trsig.pkl...
2015-04-16 09:24:59,994: Starmodel loaded from /u/tdm/repositories/k2-characterization/fpp/fppmodels/201445392.1/starmodel.h5.
2015-04-16 09:25:29,637: Fitting TripleStarModel to {'B': (15.726, 0.05), 'g': (15.189, 0.05), 'i': (14.027, 0.05), 'H': (12.318, 0.05), 'K': (12.245, 0.05), 'J': (12.829, 0.05), 'r': (14.288, 0.05), 'W3': (11.78, 0.05), 'W2': (12.215, 0.05), 'W1': (12.159, 0.05), 'V': (14.609, 0.05), 'Kepler': (14.3781, 0.05)}...
2015-04-16 09:25:36,571: TripleStarModel fit Done.
2015-04-16 09:25:36,626: Error generating HEB population.
2015-04-16 09:25:36,626: FPP calculation failed for ..
Traceback (most recent call last):
  File "/u/tdm/anaconda/lib/python2.7/site-packages/VESPA-0.2.1-py2.7-linux-x86_64.egg/EGG-INFO/scripts/calcfpp", line 113, in <module>
    n=args.n)
  File "/u/tdm/anaconda/lib/python2.7/site-packages/VESPA-0.2.1-py2.7-linux-x86_64.egg/vespa/fpp.py", line 262, in from_ini
    savefile=popset_file, **kwargs)
  File "/u/tdm/anaconda/lib/python2.7/site-packages/VESPA-0.2.1-py2.7-linux-x86_64.egg/vespa/populations.py", line 1672, in __init__
    do_only=do_only)
  File "/u/tdm/anaconda/lib/python2.7/site-packages/VESPA-0.2.1-py2.7-linux-x86_64.egg/vespa/populations.py", line 1714, in generate
    MAfn=MAfn, n=n, **heb_kws)
  File "/u/tdm/anaconda/lib/python2.7/site-packages/VESPA-0.2.1-py2.7-linux-x86_64.egg/vespa/populations.py", line 1196, in __init__
    **kwargs)
  File "/u/tdm/anaconda/lib/python2.7/site-packages/VESPA-0.2.1-py2.7-linux-x86_64.egg/vespa/populations.py", line 1215, in generate
    n=2*n)
  File "/u/tdm/anaconda/lib/python2.7/site-packages/VESPA-0.2.1-py2.7-linux-x86_64.egg/vespa/stars/populations.py", line 1744, in __init__
    period=period, ecc=ecc, **kwargs)
  File "/u/tdm/anaconda/lib/python2.7/site-packages/VESPA-0.2.1-py2.7-linux-x86_64.egg/vespa/stars/populations.py", line 1795, in generate
    samples = starmodel.random_samples(n)
  File "/u/tdm/anaconda/lib/python2.7/site-packages/isochrones-0.8-py2.7.egg/isochrones/starmodel.py", line 588, in random_samples
    inds = rand.randint(len(samples),size=int(n))
  File "mtrand.pyx", line 934, in mtrand.RandomState.randint (numpy/random/mtrand/mtrand.c:9166)
ValueError: low >= high
2015-04-16 11:25:11,744: Loading transit signal from /u/tdm/repositories/k2-characterization/fpp/fppmodels/201445392.1/trsig.pkl...
2015-04-16 11:25:13,093: Fitting StarModel to {'B': (15.726, 0.06), 'g': (15.189, 0.12), 'i': (14.027, 0.21), 'H': (12.318, 0.09), 'K': (12.245, 0.09), 'J': (12.829, 0.09), 'r': (14.288, 0.06), 'W3': (11.78, 3e+50), 'W2': (12.215, 0.072), 'W1': (12.159, 0.066), 'V': (14.609, 0.09)}...
2015-04-16 11:25:13,093: FPP calculation failed for ..
Traceback (most recent call last):
  File "/u/tdm/anaconda/lib/python2.7/site-packages/VESPA-0.2.1-py2.7-linux-x86_64.egg/EGG-INFO/scripts/calcfpp", line 113, in <module>
    n=args.n)
  File "/u/tdm/anaconda/lib/python2.7/site-packages/VESPA-0.2.1-py2.7-linux-x86_64.egg/vespa/fpp.py", line 245, in from_ini
    starmodel.fit_mcmc()
  File "/u/tdm/anaconda/lib/python2.7/site-packages/isochrones-0.8-py2.7.egg/isochrones/starmodel.py", line 335, in fit_mcmc
    if self.fit_for_distance:
  File "/u/tdm/anaconda/lib/python2.7/site-packages/isochrones-0.8-py2.7.egg/isochrones/starmodel.py", line 146, in fit_for_distance
    if prop in self.ic.bands:
AttributeError: 'NoneType' object has no attribute 'bands'
2015-04-16 11:47:58,556: Loading transit signal from /u/tdm/repositories/k2-characterization/fpp/fppmodels/201445392.1/trsig.pkl...
2015-04-16 11:47:59,723: Fitting StarModel to {'B': (15.726, 0.06), 'g': (15.189, 0.12), 'i': (14.027, 0.21), 'H': (12.318, 0.09), 'K': (12.245, 0.09), 'J': (12.829, 0.09), 'r': (14.288, 0.06), 'W3': (11.78, 3e+50), 'W2': (12.215, 0.072), 'W1': (12.159, 0.066), 'V': (14.609, 0.09)}...
2015-04-16 11:47:59,724: FPP calculation failed for ..
Traceback (most recent call last):
  File "/u/tdm/anaconda/lib/python2.7/site-packages/VESPA-0.2.1-py2.7-linux-x86_64.egg/EGG-INFO/scripts/calcfpp", line 113, in <module>
    n=args.n)
  File "/u/tdm/anaconda/lib/python2.7/site-packages/VESPA-0.2.1-py2.7-linux-x86_64.egg/vespa/fpp.py", line 245, in from_ini
    starmodel.fit_mcmc()
  File "/u/tdm/anaconda/lib/python2.7/site-packages/isochrones-0.8-py2.7.egg/isochrones/starmodel.py", line 335, in fit_mcmc
    if self.fit_for_distance:
  File "/u/tdm/anaconda/lib/python2.7/site-packages/isochrones-0.8-py2.7.egg/isochrones/starmodel.py", line 146, in fit_for_distance
    if prop in self.ic.bands:
AttributeError: 'NoneType' object has no attribute 'bands'
2015-04-16 12:23:01,404: Loading transit signal from /u/tdm/repositories/k2-characterization/fpp/fppmodels/201445392.1/trsig.pkl...
2015-04-16 12:23:03,469: Fitting StarModel to {'B': (15.726, 0.06), 'g': (15.189, 0.12), 'i': (14.027, 0.21), 'H': (12.318, 0.09), 'K': (12.245, 0.09), 'J': (12.829, 0.09), 'r': (14.288, 0.06), 'W3': (11.78, 3e+50), 'W2': (12.215, 0.072), 'W1': (12.159, 0.066), 'V': (14.609, 0.09)}...
2015-04-16 12:24:21,566: StarModel fit done.
2015-04-16 12:24:38,866: Fitting TripleStarModel to {'B': (15.726, 0.05), 'g': (15.189, 0.05), 'i': (14.027, 0.05), 'H': (12.318, 0.05), 'K': (12.245, 0.05), 'J': (12.829, 0.05), 'r': (14.288, 0.05), 'W3': (11.78, 0.05), 'W2': (12.215, 0.05), 'W1': (12.159, 0.05), 'V': (14.609, 0.05), 'Kepler': (14.3781, 0.05)}...
2015-04-16 12:25:54,713: TripleStarModel fit Done.
2015-04-16 12:26:07,091: 17501 eclipsing HEB systems generated (target 20000)
2015-04-16 12:26:07,194: 20464 eclipsing HEB systems generated (target 20000)
2015-04-16 12:26:07,627: Fitting trapezoid models for HEBs...
2015-04-16 12:29:03,143: No eclipse registered for index 17353
2015-04-16 12:29:30,436: Done.
2015-04-16 12:29:33,271: Fitting BinaryStarModel to {'B': (15.726, 0.05), 'g': (15.189, 0.05), 'i': (14.027, 0.05), 'H': (12.318, 0.05), 'K': (12.245, 0.05), 'J': (12.829, 0.05), 'r': (14.288, 0.05), 'W3': (11.78, 0.05), 'W2': (12.215, 0.05), 'W1': (12.159, 0.05), 'V': (14.609, 0.05), 'Kepler': (14.3781, 0.05)}...
2015-04-16 12:31:36,120: BinaryStarModel fit Done.
2015-04-16 12:31:45,135: 1182 binaries are "too close"; gave up trying to fix.
2015-04-16 12:31:45,358: 11838 Eclipsing EB systems generated (target 20000)
2015-04-16 12:31:45,432: 929 binaries are "too close"; gave up trying to fix.
2015-04-16 12:31:45,617: 21668 Eclipsing EB systems generated (target 20000)
2015-04-16 12:31:45,936: Fitting trapezoid models for EBs...
2015-04-16 12:32:35,810: No eclipse registered for index 5056
2015-04-16 12:35:12,121: Done.
2015-04-16 12:35:14,292: Loading TRILEGAL simulation from /u/tdm/repositories/k2-characterization/fpp/fppmodels/201445392.1/starfield.h5
2015-04-16 12:35:16,367: 164 binaries are "too close"; gave up trying to fix.
2015-04-16 12:35:16,464: 2875 BEB systems generated (target 20000)
2015-04-16 12:35:17,271: 1433 binaries are "too close"; gave up trying to fix.
2015-04-16 12:35:17,894: 23087 BEB systems generated (target 20000)
2015-04-16 12:35:17,990: Fitting trapezoid models for BEBs...
2015-04-16 12:36:30,764: No eclipse registered for index 7581
2015-04-16 12:36:32,176: No eclipse registered for index 7734
2015-04-16 12:38:31,711: Done.
2015-04-16 12:38:34,653: 7738 Transiting planet systems generated (target 20000)
2015-04-16 12:38:36,496: 19674 Transiting planet systems generated (target 20000)
2015-04-16 12:38:36,565: 20013 Transiting planet systems generated (target 20000)
2015-04-16 12:38:36,621: Fitting trapezoid models for Planets...
2015-04-16 12:38:42,268: No eclipse registered for index 308
2015-04-16 12:38:47,417: No eclipse registered for index 633
2015-04-16 12:38:52,506: No eclipse registered for index 951
2015-04-16 12:39:02,888: No eclipse registered for index 1571
2015-04-16 12:39:25,031: No eclipse registered for index 2795
2015-04-16 12:39:37,561: No eclipse registered for index 3483
2015-04-16 12:39:39,469: No eclipse registered for index 3604
2015-04-16 12:39:43,828: No eclipse registered for index 3880
2015-04-16 12:40:14,373: No eclipse registered for index 5792
2015-04-16 12:40:24,226: No eclipse registered for index 6389
2015-04-16 12:40:37,896: No eclipse registered for index 7247
2015-04-16 12:40:43,357: No eclipse registered for index 7537
2015-04-16 12:40:46,895: No eclipse registered for index 7712
2015-04-16 12:40:58,106: No eclipse registered for index 8412
2015-04-16 12:41:02,558: No eclipse registered for index 8637
2015-04-16 12:41:05,964: No eclipse registered for index 8820
2015-04-16 12:41:15,176: No eclipse registered for index 9375
2015-04-16 12:41:21,017: No eclipse registered for index 9748
2015-04-16 12:41:30,820: No eclipse registered for index 10211
2015-04-16 12:41:37,368: No eclipse registered for index 10620
2015-04-16 12:41:40,850: No eclipse registered for index 10841
2015-04-16 12:41:44,156: No eclipse registered for index 11049
2015-04-16 12:41:47,522: No eclipse registered for index 11230
2015-04-16 12:41:51,092: No eclipse registered for index 11420
2015-04-16 12:41:56,886: No eclipse registered for index 11779
2015-04-16 12:41:59,314: No eclipse registered for index 11934
2015-04-16 12:41:59,731: No eclipse registered for index 11961
2015-04-16 12:42:09,400: No eclipse registered for index 12575
2015-04-16 12:42:24,203: No eclipse registered for index 13511
2015-04-16 12:42:27,195: No eclipse registered for index 13685
2015-04-16 12:42:28,416: No eclipse registered for index 13765
2015-04-16 12:42:34,473: No eclipse registered for index 14102
2015-04-16 12:42:57,570: No eclipse registered for index 15305
2015-04-16 12:43:07,641: No eclipse registered for index 15822
2015-04-16 12:43:07,751: No eclipse registered for index 15827
2015-04-16 12:43:11,573: No eclipse registered for index 16014
2015-04-16 12:43:13,086: No eclipse registered for index 16091
2015-04-16 12:43:22,294: No eclipse registered for index 16577
2015-04-16 12:43:26,781: No eclipse registered for index 16838
2015-04-16 12:43:29,211: No eclipse registered for index 16992
2015-04-16 12:43:33,714: No eclipse registered for index 17252
2015-04-16 12:43:41,492: No eclipse registered for index 17661
2015-04-16 12:43:54,115: No eclipse registered for index 18356
2015-04-16 12:44:02,328: No eclipse registered for index 18774
2015-04-16 12:44:13,040: No eclipse registered for index 19337
2015-04-16 12:44:14,324: No eclipse registered for index 19406
2015-04-16 12:44:15,596: No eclipse registered for index 19468
2015-04-16 12:44:16,312: No eclipse registered for index 19503
2015-04-16 12:44:25,928: Done.
2015-04-16 12:44:26,819: SDSS r-band cc not applied to Planets model
2015-04-16 12:46:21,874: total adds up to: 1.00 (HEBs)
2015-04-16 12:46:29,044: FPP calculation successful. Results/plots written to /u/tdm/repositories/k2-characterization/fpp/fppmodels/201445392.1.
2015-04-20 15:21:35,965: Fitting single StarModel to {'B': (15.726, 0.06), 'g': (15.189, 0.12), 'i': (14.027, 0.21), 'H': (12.318, 0.09), 'K': (12.245, 0.09), 'J': (12.829, 0.09), 'r': (14.288, 0.06), 'W3': (11.78, 3e+50), 'W2': (12.215, 0.072), 'W1': (12.159, 0.066), 'V': (14.609, 0.09), 'Kepler': 14.3781}...
2015-04-20 15:24:15,215: StarModel fit done.
2015-04-20 15:24:15,226: Fitting BinaryStarModel to {'B': (15.726, 0.06), 'g': (15.189, 0.12), 'i': (14.027, 0.21), 'H': (12.318, 0.09), 'K': (12.245, 0.09), 'J': (12.829, 0.09), 'r': (14.288, 0.06), 'W3': (11.78, 3e+50), 'W2': (12.215, 0.072), 'W1': (12.159, 0.066), 'V': (14.609, 0.09), 'Kepler': 14.3781}...
2015-04-20 15:27:24,861: BinaryStarModel fit done.
2015-04-20 15:27:24,921: Fitting TripleStarModel to {'B': (15.726, 0.06), 'g': (15.189, 0.12), 'i': (14.027, 0.21), 'H': (12.318, 0.09), 'K': (12.245, 0.09), 'J': (12.829, 0.09), 'r': (14.288, 0.06), 'W3': (11.78, 3e+50), 'W2': (12.215, 0.072), 'W1': (12.159, 0.066), 'V': (14.609, 0.09), 'Kepler': 14.3781}...
2015-04-20 15:30:27,091: TripleStarModel fit done.
2015-04-20 15:30:27,094: Loading transit signal from /u/tdm/repositories/k2-characterization/fpp/fppmodels/201445392.1/trsig.pkl...
2015-04-20 15:30:29,148: FPP calculation failed for ..
Traceback (most recent call last):
  File "/u/tdm/anaconda/lib/python2.7/site-packages/VESPA-0.2.2-py2.7-linux-x86_64.egg/EGG-INFO/scripts/calcfpp", line 119, in <module>
    n=args.n)
  File "/u/tdm/anaconda/lib/python2.7/site-packages/VESPA-0.2.2-py2.7-linux-x86_64.egg/vespa/fpp.py", line 283, in from_ini
    popset = PopulationSet(period=period, mags=single_starmodel.mags,
UnboundLocalError: local variable 'single_starmodel' referenced before assignment
2015-04-20 15:37:40,707: Single StarModel loaded from /u/tdm/repositories/k2-characterization/fpp/fppmodels/201445392.1/dartmouth_starmodel_single.h5
2015-04-20 15:37:43,740: BinaryStarModel loaded from /u/tdm/repositories/k2-characterization/fpp/fppmodels/201445392.1/dartmouth_starmodel_binary.h5
2015-04-20 15:37:49,768: TripleStarModel loaded from /u/tdm/repositories/k2-characterization/fpp/fppmodels/201445392.1/dartmouth_starmodel_triple.h5
2015-04-20 15:37:50,445: Loading transit signal from /u/tdm/repositories/k2-characterization/fpp/fppmodels/201445392.1/trsig.pkl...
2015-04-20 15:38:39,818: 17548 eclipsing HEB systems generated (target 20000)
2015-04-20 15:38:39,937: 20506 eclipsing HEB systems generated (target 20000)
2015-04-20 15:38:40,428: Fitting trapezoid models for HEBs...
2015-04-20 15:42:41,165: Done.
2015-04-20 15:42:58,755: 418 binaries are "too close"; gave up trying to fix.
2015-04-20 15:42:59,124: 14975 Eclipsing EB systems generated (target 20000)
2015-04-20 15:42:59,165: 165 binaries are "too close"; gave up trying to fix.
2015-04-20 15:42:59,329: 20945 Eclipsing EB systems generated (target 20000)
2015-04-20 15:42:59,820: Fitting trapezoid models for EBs...
2015-04-20 15:46:17,758: No eclipse registered for index 17476
2015-04-20 15:46:45,393: Done.
2015-04-20 15:46:49,922: Loading TRILEGAL simulation from /u/tdm/repositories/k2-characterization/fpp/fppmodels/201445392.1/starfield.h5
2015-04-20 15:46:51,880: 189 binaries are "too close"; gave up trying to fix.
2015-04-20 15:46:51,984: 2813 BEB systems generated (target 20000)
2015-04-20 15:46:52,751: 1447 binaries are "too close"; gave up trying to fix.
2015-04-20 15:46:53,384: 23759 BEB systems generated (target 20000)
2015-04-20 15:46:53,449: Fitting trapezoid models for BEBs...
2015-04-20 15:47:21,930: No eclipse registered for index 2783
2015-04-20 15:49:08,784: No eclipse registered for index 13279
2015-04-20 15:49:30,622: No eclipse registered for index 15341
2015-04-20 15:49:38,707: No eclipse registered for index 16111
2015-04-20 15:50:18,232: Done.
2015-04-20 15:50:21,107: 13303 Transiting planet systems generated (target 20000)
2015-04-20 15:50:21,674: 20094 Transiting planet systems generated (target 20000)
2015-04-20 15:50:21,746: Fitting trapezoid models for Planets...
2015-04-20 15:50:21,877: No eclipse registered for index 7
2015-04-20 15:50:32,596: No eclipse registered for index 631
2015-04-20 15:50:37,482: No eclipse registered for index 927
2015-04-20 15:50:43,672: No eclipse registered for index 1293
2015-04-20 15:50:45,159: No eclipse registered for index 1385
2015-04-20 15:50:48,727: No eclipse registered for index 1595
2015-04-20 15:50:48,743: No eclipse registered for index 1597
2015-04-20 15:50:55,095: No eclipse registered for index 1976
2015-04-20 15:50:58,396: No eclipse registered for index 2176
2015-04-20 15:51:07,648: No eclipse registered for index 2732
2015-04-20 15:51:08,432: No eclipse registered for index 2776
2015-04-20 15:51:09,075: No eclipse registered for index 2813
2015-04-20 15:51:13,307: No eclipse registered for index 3051
2015-04-20 15:51:18,459: No eclipse registered for index 3357
2015-04-20 15:51:24,001: No eclipse registered for index 3688
2015-04-20 15:51:25,971: No eclipse registered for index 3808
2015-04-20 15:51:29,543: No eclipse registered for index 4020
2015-04-20 15:51:42,298: No eclipse registered for index 4773
2015-04-20 15:51:49,340: No eclipse registered for index 5201
2015-04-20 15:51:49,681: No eclipse registered for index 5223
2015-04-20 15:51:53,360: No eclipse registered for index 5447
2015-04-20 15:51:56,741: No eclipse registered for index 5655
2015-04-20 15:51:59,191: No eclipse registered for index 5804
2015-04-20 15:52:28,131: No eclipse registered for index 7484
2015-04-20 15:52:40,096: No eclipse registered for index 8189
2015-04-20 15:53:06,263: No eclipse registered for index 9741
2015-04-20 15:53:09,433: No eclipse registered for index 9926
2015-04-20 15:53:10,768: No eclipse registered for index 10009
2015-04-20 15:53:13,659: No eclipse registered for index 10185
2015-04-20 15:53:36,553: No eclipse registered for index 11558
2015-04-20 15:53:41,039: No eclipse registered for index 11827
2015-04-20 15:53:55,585: No eclipse registered for index 12710
2015-04-20 15:54:01,844: No eclipse registered for index 13091
2015-04-20 15:54:05,807: No eclipse registered for index 13338
2015-04-20 15:54:06,831: No eclipse registered for index 13401
2015-04-20 15:54:09,371: No eclipse registered for index 13556
2015-04-20 15:54:10,493: No eclipse registered for index 13626
2015-04-20 15:54:12,591: No eclipse registered for index 13755
2015-04-20 15:54:25,983: No eclipse registered for index 14580
2015-04-20 15:54:32,640: No eclipse registered for index 14971
2015-04-20 15:54:33,988: No eclipse registered for index 15052
2015-04-20 15:54:40,110: No eclipse registered for index 15419
2015-04-20 15:54:42,044: No eclipse registered for index 15538
2015-04-20 15:54:44,584: No eclipse registered for index 15695
2015-04-20 15:55:01,297: No eclipse registered for index 16696
2015-04-20 15:55:02,782: No eclipse registered for index 16788
2015-04-20 15:55:04,266: No eclipse registered for index 16880
2015-04-20 15:55:18,405: No eclipse registered for index 17710
2015-04-20 15:55:23,157: No eclipse registered for index 18002
2015-04-20 15:55:28,521: No eclipse registered for index 18330
2015-04-20 15:55:37,856: No eclipse registered for index 18900
2015-04-20 15:55:41,522: No eclipse registered for index 19115
2015-04-20 15:55:43,953: No eclipse registered for index 19266
2015-04-20 15:55:44,147: No eclipse registered for index 19279
2015-04-20 15:55:56,349: Done.
2015-04-20 15:55:57,309: SDSS r-band cc not applied to Planets model
2015-04-20 15:58:44,945: total adds up to: 1.00 (HEBs)
2015-04-20 15:58:51,315: Making StarModel triangle plots...
2015-04-20 15:58:51,320: FPP calculation failed for ..
Traceback (most recent call last):
  File "/u/tdm/anaconda/lib/python2.7/site-packages/VESPA-0.2.2-py2.7-linux-x86_64.egg/EGG-INFO/scripts/calcfpp", line 127, in <module>
    starmodel = StarModel.load_hdf(starmodel_file)
  File "/u/tdm/anaconda/lib/python2.7/site-packages/isochrones-0.8-py2.7.egg/isochrones/starmodel.py", line 785, in load_hdf
    samples = store['{}/samples'.format(path)]
  File "/u/tdm/anaconda/lib/python2.7/site-packages/pandas/io/pytables.py", line 409, in __getitem__
    return self.get(key)
  File "/u/tdm/anaconda/lib/python2.7/site-packages/pandas/io/pytables.py", line 618, in get
    raise KeyError('No object named %s in the file' % key)
KeyError: 'No object named /samples in the file'
2015-04-20 21:17:29,125: Single StarModel loaded from /u/tdm/repositories/k2-characterization/fpp/fppmodels/201445392.1/dartmouth_starmodel_single.h5
2015-04-20 21:17:31,412: BinaryStarModel loaded from /u/tdm/repositories/k2-characterization/fpp/fppmodels/201445392.1/dartmouth_starmodel_binary.h5
2015-04-20 21:17:33,860: TripleStarModel loaded from /u/tdm/repositories/k2-characterization/fpp/fppmodels/201445392.1/dartmouth_starmodel_triple.h5
2015-04-20 21:17:33,890: Loading transit signal from /u/tdm/repositories/k2-characterization/fpp/fppmodels/201445392.1/trsig.pkl...
2015-04-20 21:17:54,590: PopulationSet loaded from /u/tdm/repositories/k2-characterization/fpp/fppmodels/201445392.1/popset.h5
2015-04-20 21:17:54,846: SDSS r-band cc not applied to Planets model
2015-04-20 21:19:40,541: total adds up to: 1.00 (HEBs)
2015-04-20 21:19:46,022: FPP calculation successful. Results/plots written to /u/tdm/repositories/k2-characterization/fpp/fppmodels/201445392.1.
2015-04-20 21:56:09,637: Single StarModel loaded from /u/tdm/repositories/k2-characterization/fpp/fppmodels/201445392.1/dartmouth_starmodel_single.h5
2015-04-20 21:56:09,944: BinaryStarModel loaded from /u/tdm/repositories/k2-characterization/fpp/fppmodels/201445392.1/dartmouth_starmodel_binary.h5
2015-04-20 21:56:10,267: TripleStarModel loaded from /u/tdm/repositories/k2-characterization/fpp/fppmodels/201445392.1/dartmouth_starmodel_triple.h5
2015-04-20 21:56:10,288: Loading transit signal from /u/tdm/repositories/k2-characterization/fpp/fppmodels/201445392.1/trsig.pkl...
2015-04-20 21:56:16,720: PopulationSet loaded from /u/tdm/repositories/k2-characterization/fpp/fppmodels/201445392.1/popset.h5
2015-04-20 21:56:16,870: SDSS r-band cc not applied to Planets model
2015-04-20 21:58:49,129: total adds up to: 1.00 (HEBs)
2015-04-20 21:58:54,222: FPP calculation successful. Results/plots written to /u/tdm/repositories/k2-characterization/fpp/fppmodels/201445392.1.
2015-04-21 12:21:45,742: Single StarModel loaded from /u/tdm/repositories/k2-characterization/fpp/fppmodels/201445392.1/dartmouth_starmodel_single.h5
2015-04-21 12:21:47,822: BinaryStarModel loaded from /u/tdm/repositories/k2-characterization/fpp/fppmodels/201445392.1/dartmouth_starmodel_binary.h5
2015-04-21 12:21:50,319: TripleStarModel loaded from /u/tdm/repositories/k2-characterization/fpp/fppmodels/201445392.1/dartmouth_starmodel_triple.h5
2015-04-21 12:21:50,548: Loading transit signal from /u/tdm/repositories/k2-characterization/fpp/fppmodels/201445392.1/trsig.pkl...
2015-04-21 12:22:08,243: /u/tdm/repositories/k2-characterization/fpp/fppmodels/201445392.1/popset.h5 exists, but regenerating Population Set...
Traceback (most recent call last):
  File "/u/tdm/anaconda/lib/python2.7/site-packages/VESPA-0.2.2-py2.7-linux-x86_64.egg/vespa/fpp.py", line 282, in from_ini
    popset = PopulationSet.load_hdf(popset_file)
  File "/u/tdm/anaconda/lib/python2.7/site-packages/VESPA-0.2.2-py2.7-linux-x86_64.egg/vespa/populations.py", line 1835, in load_hdf
    poplist.append(t().load_hdf(filename, path='{}/{}'.format(path,m)))
  File "/u/tdm/anaconda/lib/python2.7/site-packages/VESPA-0.2.2-py2.7-linux-x86_64.egg/vespa/populations.py", line 941, in load_hdf
    path='{}/starmodel'.format(path))
  File "/u/tdm/anaconda/lib/python2.7/site-packages/isochrones-0.8.1-py2.7.egg/isochrones/starmodel.py", line 785, in load_hdf
    samples = store['{}/samples'.format(path)]
  File "/u/tdm/anaconda/lib/python2.7/site-packages/pandas/io/pytables.py", line 409, in __getitem__
    return self.get(key)
  File "/u/tdm/anaconda/lib/python2.7/site-packages/pandas/io/pytables.py", line 618, in get
    raise KeyError('No object named %s in the file' % key)
KeyError: 'No object named /pl/starmodel/samples in the file'
2015-04-21 12:22:53,986: 17413 eclipsing HEB systems generated (target 20000)
2015-04-21 12:22:54,158: 20560 eclipsing HEB systems generated (target 20000)
2015-04-21 12:22:54,949: Fitting trapezoid models for HEBs...
2015-04-21 12:23:00,503: No eclipse registered for index 459
2015-04-21 12:23:24,890: Single StarModel loaded from /u/tdm/repositories/k2-characterization/fpp/fppmodels/201445392.1/dartmouth_starmodel_single.h5
2015-04-21 12:23:24,900: BinaryStarModel loaded from /u/tdm/repositories/k2-characterization/fpp/fppmodels/201445392.1/dartmouth_starmodel_binary.h5
2015-04-21 12:23:24,910: TripleStarModel loaded from /u/tdm/repositories/k2-characterization/fpp/fppmodels/201445392.1/dartmouth_starmodel_triple.h5
2015-04-21 12:23:24,910: Loading transit signal from /u/tdm/repositories/k2-characterization/fpp/fppmodels/201445392.1/trsig.pkl...
2015-04-21 12:23:25,841: /u/tdm/repositories/k2-characterization/fpp/fppmodels/201445392.1/popset.h5 exists, but regenerating Population Set...
Traceback (most recent call last):
  File "/u/tdm/anaconda/lib/python2.7/site-packages/VESPA-0.2.2-py2.7-linux-x86_64.egg/vespa/fpp.py", line 281, in from_ini
    raise RuntimeError #just to get to except block
RuntimeError
2015-04-21 12:23:54,114: 17488 eclipsing HEB systems generated (target 20000)
2015-04-21 12:23:54,218: 20509 eclipsing HEB systems generated (target 20000)
2015-04-21 12:23:54,651: Fitting trapezoid models for HEBs...
2015-04-21 12:25:01,864: No eclipse registered for index 6748
2015-04-21 12:27:16,261: Done.
2015-04-21 12:27:27,900: 426 binaries are "too close"; gave up trying to fix.
2015-04-21 12:27:28,184: 14932 Eclipsing EB systems generated (target 20000)
2015-04-21 12:27:28,223: 145 binaries are "too close"; gave up trying to fix.
2015-04-21 12:27:28,361: 21117 Eclipsing EB systems generated (target 20000)
2015-04-21 12:27:28,677: Fitting trapezoid models for EBs...
2015-04-21 12:30:32,495: No eclipse registered for index 18159
2015-04-21 12:30:51,017: Done.
2015-04-21 12:30:54,252: Loading TRILEGAL simulation from /u/tdm/repositories/k2-characterization/fpp/fppmodels/201445392.1/starfield.h5
2015-04-21 12:30:55,711: 174 binaries are "too close"; gave up trying to fix.
2015-04-21 12:30:55,802: 2905 BEB systems generated (target 20000)
2015-04-21 12:30:56,486: 1375 binaries are "too close"; gave up trying to fix.
2015-04-21 12:30:56,943: 22613 BEB systems generated (target 20000)
2015-04-21 12:30:56,999: Fitting trapezoid models for BEBs...
2015-04-21 12:31:07,486: No eclipse registered for index 1143
2015-04-21 12:34:03,451: Done.
2015-04-21 12:34:06,233: 13540 Transiting planet systems generated (target 20000)
2015-04-21 12:34:06,883: 20090 Transiting planet systems generated (target 20000)
2015-04-21 12:34:06,943: Fitting trapezoid models for Planets...
2015-04-21 12:34:12,809: No eclipse registered for index 382
2015-04-21 12:34:21,277: No eclipse registered for index 938
2015-04-21 12:34:21,836: No eclipse registered for index 977
2015-04-21 12:34:23,049: No eclipse registered for index 1055
2015-04-21 12:34:23,505: No eclipse registered for index 1086
2015-04-21 12:34:26,816: No eclipse registered for index 1304
2015-04-21 12:34:31,254: No eclipse registered for index 1594
2015-04-21 12:34:31,693: No eclipse registered for index 1624
2015-04-21 12:34:44,275: No eclipse registered for index 2448
2015-04-21 12:34:45,410: No eclipse registered for index 2524
2015-04-21 12:34:50,344: No eclipse registered for index 2847
2015-04-21 12:35:22,744: No eclipse registered for index 4959
2015-04-21 12:35:29,738: No eclipse registered for index 5418
2015-04-21 12:35:30,913: No eclipse registered for index 5496
2015-04-21 12:35:33,086: No eclipse registered for index 5639
2015-04-21 12:35:33,704: No eclipse registered for index 5680
2015-04-21 12:35:35,874: No eclipse registered for index 5822
2015-04-21 12:35:44,269: No eclipse registered for index 6365
2015-04-21 12:35:56,880: No eclipse registered for index 7162
2015-04-21 12:35:57,192: No eclipse registered for index 7183
2015-04-21 12:36:25,238: No eclipse registered for index 9008
2015-04-21 12:36:35,035: No eclipse registered for index 9652
2015-04-21 12:36:39,668: No eclipse registered for index 9955
2015-04-21 12:36:45,746: No eclipse registered for index 10351
2015-04-21 12:36:45,983: No eclipse registered for index 10367
2015-04-21 12:36:48,030: No eclipse registered for index 10501
2015-04-21 12:36:48,976: No eclipse registered for index 10565
2015-04-21 12:37:01,018: No eclipse registered for index 11344
2015-04-21 12:37:11,238: No eclipse registered for index 12013
2015-04-21 12:37:12,348: No eclipse registered for index 12085
2015-04-21 12:37:15,218: No eclipse registered for index 12272
2015-04-21 12:37:20,058: No eclipse registered for index 12588
2015-04-21 12:37:27,097: No eclipse registered for index 13046
2015-04-21 12:37:37,398: No eclipse registered for index 13719
2015-04-21 12:37:52,263: No eclipse registered for index 14690
2015-04-21 12:37:58,114: No eclipse registered for index 15073
2015-04-21 12:37:58,172: No eclipse registered for index 15078
2015-04-21 12:38:03,551: No eclipse registered for index 15427
2015-04-21 12:38:10,952: No eclipse registered for index 15911
2015-04-21 12:38:12,661: No eclipse registered for index 16023
2015-04-21 12:38:14,246: No eclipse registered for index 16127
2015-04-21 12:38:16,116: No eclipse registered for index 16250
2015-04-21 12:38:28,060: No eclipse registered for index 17025
2015-04-21 12:38:30,432: No eclipse registered for index 17177
2015-04-21 12:38:34,662: No eclipse registered for index 17454
2015-04-21 12:38:35,801: No eclipse registered for index 17530
2015-04-21 12:38:52,938: No eclipse registered for index 18655
2015-04-21 12:39:04,722: No eclipse registered for index 19426
2015-04-21 12:39:08,988: No eclipse registered for index 19705
2015-04-21 12:39:13,504: Done.
2015-04-21 12:39:15,283: SDSS r-band cc not applied to Planets model
2015-04-21 12:41:19,541: FPP calculation successful. Results/plots written to /u/tdm/repositories/k2-characterization/fpp/fppmodels/201445392.1.
