2015-03-24 19:37:49,599: Loading transit signal from /u/tdm/repositories/k2-characterization/fpp/fppmodels/201338508.2/trsig.pkl...
2015-03-24 19:37:53,031: Starmodel loaded from /u/tdm/repositories/k2-characterization/fpp/fppmodels/201338508.2/starmodel.h5.
2015-03-24 19:38:23,088: Loading TRILEGAL simulation from /u/tdm/repositories/k2-characterization/fpp/fppmodels/201338508.2/starfield.h5
2015-03-24 19:38:25,482: 0 M1s are nan
2015-03-24 19:38:25,483: 19 M2s are nan
2015-03-24 19:38:25,483: 0 R1s are nan
2015-03-24 19:38:25,484: 19 R2s are nan
2015-03-24 19:38:25,578: 190 binaries are "too close"; gave up trying to fix.
2015-03-24 19:38:31,374: 2796 BEB systems generated (target 20000)
2015-03-24 19:38:31,580: 0 M1s are nan
2015-03-24 19:38:31,583: 115 M2s are nan
2015-03-24 19:38:31,583: 0 R1s are nan
2015-03-24 19:38:31,584: 115 R2s are nan
2015-03-24 19:38:32,399: 1446 binaries are "too close"; gave up trying to fix.
2015-03-24 19:38:33,303: 23827 BEB systems generated (target 20000)
2015-03-24 19:38:33,405: Fitting trapezoid models for BEBs...
2015-03-24 19:43:37,132: Done.
2015-03-24 19:43:43,569: 8235 systems simulated to match provided colors (target 20000).
2015-03-24 19:43:54,046: 22293 systems simulated to match provided colors (target 20000).
2015-03-24 19:43:55,196: 82 binaries are "too close"; gave up trying to fix.
2015-03-24 19:43:55,555: {} eclipsing HEB systems generated (target 10021)
2015-03-24 19:44:04,433: 9790 systems simulated to match provided colors (target 23899).
2015-03-24 19:44:17,658: 26685 systems simulated to match provided colors (target 23899).
2015-03-24 19:44:18,996: 100 binaries are "too close"; gave up trying to fix.
2015-03-24 19:44:19,338: {} eclipsing HEB systems generated (target 21948)
2015-03-24 19:44:20,298: Fitting trapezoid models for HEBs...
2015-03-24 19:49:06,384: Done.
2015-03-24 19:49:12,435: 9826 systems simulated to match provided colors (target 20000).
2015-03-24 19:49:21,349: 22037 systems simulated to match provided colors (target 20000).
2015-03-24 19:49:22,219: 138 binaries are "too close"; gave up trying to fix.
2015-03-24 19:49:22,463: 8894 Eclipsing EB systems generated (target 20000)
2015-03-24 19:49:32,149: 14750 systems simulated to match provided colors (target 29968).
2015-03-24 19:49:43,620: 33168 systems simulated to match provided colors (target 29968).
2015-03-24 19:49:44,804: 243 binaries are "too close"; gave up trying to fix.
2015-03-24 19:49:45,271: 25201 Eclipsing EB systems generated (target 20000)
2015-03-24 19:49:45,686: Fitting trapezoid models for EBs...
2015-03-24 19:54:46,135: Done.
2015-03-24 19:54:48,599: 18733 Transiting planet systems generated (target 20000)
2015-03-24 19:54:48,837: 20211 Transiting planet systems generated (target 20000)
2015-03-24 19:54:48,970: Fitting trapezoid models for Planets...
2015-03-24 19:54:52,887: No eclipse registered for index 185
2015-03-24 19:54:54,405: No eclipse registered for index 259
2015-03-24 19:54:55,462: No eclipse registered for index 307
2015-03-24 19:54:55,505: No eclipse registered for index 310
2015-03-24 19:54:56,474: No eclipse registered for index 351
2015-03-24 19:54:56,533: No eclipse registered for index 355
2015-03-24 19:55:11,820: No eclipse registered for index 998
2015-03-24 19:55:23,026: No eclipse registered for index 1460
2015-03-24 19:55:25,829: No eclipse registered for index 1582
2015-03-24 19:55:32,582: No eclipse registered for index 1871
2015-03-24 19:55:35,940: No eclipse registered for index 2020
2015-03-24 19:55:44,277: No eclipse registered for index 2396
2015-03-24 19:55:52,780: No eclipse registered for index 2775
2015-03-24 19:55:54,148: No eclipse registered for index 2835
2015-03-24 19:56:07,341: No eclipse registered for index 3429
2015-03-24 19:56:09,009: No eclipse registered for index 3498
2015-03-24 19:56:09,235: No eclipse registered for index 3508
2015-03-24 19:56:10,104: No eclipse registered for index 3545
2015-03-24 19:56:27,500: No eclipse registered for index 4322
2015-03-24 19:56:30,149: No eclipse registered for index 4424
2015-03-24 19:56:34,998: No eclipse registered for index 4642
2015-03-24 19:56:43,180: No eclipse registered for index 4987
2015-03-24 19:56:51,395: No eclipse registered for index 5306
2015-03-24 19:56:51,963: No eclipse registered for index 5331
2015-03-24 19:56:53,462: No eclipse registered for index 5385
2015-03-24 19:56:56,359: No eclipse registered for index 5496
2015-03-24 19:57:00,661: No eclipse registered for index 5671
2015-03-24 19:57:12,993: No eclipse registered for index 6184
2015-03-24 19:57:28,584: No eclipse registered for index 6855
2015-03-24 19:57:32,810: No eclipse registered for index 7043
2015-03-24 19:57:33,163: No eclipse registered for index 7061
2015-03-24 19:57:38,263: No eclipse registered for index 7294
2015-03-24 19:57:45,273: No eclipse registered for index 7597
2015-03-24 19:57:57,085: No eclipse registered for index 8129
2015-03-24 19:58:03,793: No eclipse registered for index 8410
2015-03-24 19:58:06,486: No eclipse registered for index 8532
2015-03-24 19:58:11,173: No eclipse registered for index 8727
2015-03-24 19:58:24,876: No eclipse registered for index 9300
2015-03-24 19:58:33,243: No eclipse registered for index 9653
2015-03-24 19:58:45,156: No eclipse registered for index 10136
2015-03-24 19:58:48,114: No eclipse registered for index 10271
2015-03-24 19:58:58,732: No eclipse registered for index 10749
2015-03-24 19:59:01,664: No eclipse registered for index 10871
2015-03-24 19:59:09,028: No eclipse registered for index 11216
2015-03-24 19:59:09,196: No eclipse registered for index 11225
2015-03-24 19:59:11,481: No eclipse registered for index 11323
2015-03-24 19:59:12,148: No eclipse registered for index 11351
2015-03-24 19:59:15,562: No eclipse registered for index 11494
2015-03-24 19:59:31,572: No eclipse registered for index 12180
2015-03-24 19:59:32,859: No eclipse registered for index 12240
2015-03-24 19:59:53,021: No eclipse registered for index 13098
2015-03-24 19:59:53,938: No eclipse registered for index 13140
2015-03-24 20:00:00,201: No eclipse registered for index 13428
2015-03-24 20:00:14,853: No eclipse registered for index 14098
2015-03-24 20:00:24,393: No eclipse registered for index 14509
2015-03-24 20:00:33,155: No eclipse registered for index 14871
2015-03-24 20:00:37,469: No eclipse registered for index 15048
2015-03-24 20:00:41,827: No eclipse registered for index 15214
2015-03-24 20:00:47,202: No eclipse registered for index 15440
2015-03-24 20:00:49,317: No eclipse registered for index 15531
2015-03-24 20:01:00,274: No eclipse registered for index 16004
2015-03-24 20:01:09,118: No eclipse registered for index 16372
2015-03-24 20:01:14,980: No eclipse registered for index 16617
2015-03-24 20:01:21,416: No eclipse registered for index 16886
2015-03-24 20:01:23,021: No eclipse registered for index 16949
2015-03-24 20:01:39,187: No eclipse registered for index 17609
2015-03-24 20:01:42,417: No eclipse registered for index 17749
2015-03-24 20:01:42,932: No eclipse registered for index 17771
2015-03-24 20:01:53,110: No eclipse registered for index 18184
2015-03-24 20:01:55,230: No eclipse registered for index 18275
2015-03-24 20:01:59,362: No eclipse registered for index 18447
2015-03-24 20:02:00,684: No eclipse registered for index 18511
2015-03-24 20:02:00,940: No eclipse registered for index 18524
2015-03-24 20:02:18,930: No eclipse registered for index 19307
2015-03-24 20:02:34,120: No eclipse registered for index 19942
2015-03-24 20:02:35,485: Done.
2015-03-24 20:02:35,925: SDSS r-band cc not applied to Planets model
2015-03-24 20:07:52,275: FPP calculation successful. Results/plots written to /u/tdm/repositories/k2-characterization/fpp/fppmodels/201338508.2.
2015-03-24 23:48:22,380: Loading transit signal from /u/tdm/repositories/k2-characterization/fpp/fppmodels/201338508.2/trsig.pkl...
2015-03-24 23:48:23,754: Fitting StarModel to {'B': (16.296, 0.21), 'g': (15.623, 0.15), 'i': (13.792, 0.15), 'H': (11.758, 0.06), 'K': (11.595, 0.06), 'J': (12.449, 0.09), 'r': (14.334, 0.06), 'W3': (11.161, 0.387), 'W2': (11.494, 0.069), 'W1': (11.487, 0.075), 'V': (14.912, 0.09)}...
2015-03-24 23:50:43,558: FPP calculation failed for fppmodels/201338508.2.
Traceback (most recent call last):
  File "/u/tdm/anaconda/lib/python2.7/site-packages/VESPA-0.1.2-py2.7-linux-x86_64.egg/EGG-INFO/scripts/calcfpp", line 114, in <module>
    n=args.n)
  File "/u/tdm/anaconda/lib/python2.7/site-packages/VESPA-0.1.2-py2.7-linux-x86_64.egg/vespa/fpp.py", line 242, in from_ini
    starmodel.save_hdf(starmodel_file)
  File "/u/tdm/anaconda/lib/python2.7/site-packages/isochrones-0.7.4-py2.7.egg/isochrones/starmodel.py", line 611, in save_hdf
    self.samples.to_hdf(filename, '{}/samples'.format(path))
  File "/u/tdm/anaconda/lib/python2.7/site-packages/isochrones-0.7.4-py2.7.egg/isochrones/starmodel.py", line 486, in samples
    self._make_samples()
  File "/u/tdm/anaconda/lib/python2.7/site-packages/isochrones-0.7.4-py2.7.egg/isochrones/starmodel.py", line 441, in _make_samples
    lnprob_thresh = np.percentile(self.sampler.flatlnprobability, thresh*100)
NameError: global name 'thresh' is not defined
